Copyright 1986-2019 Xilinx, Inc. All Rights Reserved.
-------------------------------------------------------------------------------------------------------------------------
| Tool Version : Vivado v.2019.1 (lin64) Build 2552052 Fri May 24 14:47:09 MDT 2019
| Date         : Tue Apr  7 18:48:24 2020
| Host         : imdea-System running 64-bit Ubuntu 18.04.3 LTS
| Command      : report_utilization -file tlast_gen_v1_0_utilization_placed.rpt -pb tlast_gen_v1_0_utilization_placed.pb
| Design       : tlast_gen_v1_0
| Device       : xczu28drffvg1517-2
| Design State : Fully Placed
-------------------------------------------------------------------------------------------------------------------------

Utilization Design Information

Table of Contents
-----------------
1. CLB Logic
1.1 Summary of Registers by Type
2. CLB Logic Distribution
3. BLOCKRAM
4. ARITHMETIC
5. I/O
6. CLOCK
7. ADVANCED
8. CONFIGURATION
9. Primitives
10. Black Boxes
11. Instantiated Netlists

1. CLB Logic
------------

+-------------------------+------+-------+-----------+-------+
|        Site Type        | Used | Fixed | Available | Util% |
+-------------------------+------+-------+-----------+-------+
| CLB LUTs                |  122 |     0 |    425280 |  0.03 |
|   LUT as Logic          |  122 |     0 |    425280 |  0.03 |
|   LUT as Memory         |    0 |     0 |    213600 |  0.00 |
| CLB Registers           |  263 |     0 |    850560 |  0.03 |
|   Register as Flip Flop |  263 |     0 |    850560 |  0.03 |
|   Register as Latch     |    0 |     0 |    850560 |  0.00 |
| CARRY8                  |   10 |     0 |     53160 |  0.02 |
| F7 Muxes                |    0 |     0 |    212640 |  0.00 |
| F8 Muxes                |    0 |     0 |    106320 |  0.00 |
| F9 Muxes                |    0 |     0 |     53160 |  0.00 |
+-------------------------+------+-------+-----------+-------+


1.1 Summary of Registers by Type
--------------------------------

+-------+--------------+-------------+--------------+
| Total | Clock Enable | Synchronous | Asynchronous |
+-------+--------------+-------------+--------------+
| 0     |            _ |           - |            - |
| 0     |            _ |           - |          Set |
| 0     |            _ |           - |        Reset |
| 0     |            _ |         Set |            - |
| 0     |            _ |       Reset |            - |
| 0     |          Yes |           - |            - |
| 0     |          Yes |           - |          Set |
| 28    |          Yes |           - |        Reset |
| 1     |          Yes |         Set |            - |
| 234   |          Yes |       Reset |            - |
+-------+--------------+-------------+--------------+


2. CLB Logic Distribution
-------------------------

+--------------------------------------------+------+-------+-----------+-------+
|                  Site Type                 | Used | Fixed | Available | Util% |
+--------------------------------------------+------+-------+-----------+-------+
| CLB                                        |   43 |     0 |     53160 |  0.08 |
|   CLBL                                     |   22 |     0 |           |       |
|   CLBM                                     |   21 |     0 |           |       |
| LUT as Logic                               |  122 |     0 |    425280 |  0.03 |
|   using O5 output only                     |    1 |       |           |       |
|   using O6 output only                     |  119 |       |           |       |
|   using O5 and O6                          |    2 |       |           |       |
| LUT as Memory                              |    0 |     0 |    213600 |  0.00 |
|   LUT as Distributed RAM                   |    0 |     0 |           |       |
|   LUT as Shift Register                    |    0 |     0 |           |       |
| CLB Registers                              |  263 |     0 |    850560 |  0.03 |
|   Register driven from within the CLB      |   65 |       |           |       |
|   Register driven from outside the CLB     |  198 |       |           |       |
|     LUT in front of the register is unused |  146 |       |           |       |
|     LUT in front of the register is used   |   52 |       |           |       |
| Unique Control Sets                        |   22 |       |    106320 |  0.02 |
+--------------------------------------------+------+-------+-----------+-------+
* Note: Available Control Sets calculated as CLB Registers / 8, Review the Control Sets Report for more information regarding control sets.


3. BLOCKRAM
-----------

+----------------+------+-------+-----------+-------+
|    Site Type   | Used | Fixed | Available | Util% |
+----------------+------+-------+-----------+-------+
| Block RAM Tile |    0 |     0 |      1080 |  0.00 |
|   RAMB36/FIFO* |    0 |     0 |      1080 |  0.00 |
|   RAMB18       |    0 |     0 |      2160 |  0.00 |
| URAM           |    0 |     0 |        80 |  0.00 |
+----------------+------+-------+-----------+-------+
* Note: Each Block RAM Tile only has one FIFO logic available and therefore can accommodate only one FIFO36E2 or one FIFO18E2. However, if a FIFO18E2 occupies a Block RAM Tile, that tile can still accommodate a RAMB18E2


4. ARITHMETIC
-------------

+-----------+------+-------+-----------+-------+
| Site Type | Used | Fixed | Available | Util% |
+-----------+------+-------+-----------+-------+
| DSPs      |    0 |     0 |      4272 |  0.00 |
+-----------+------+-------+-----------+-------+


5. I/O
------

+------------------+------+-------+-----------+-------+
|     Site Type    | Used | Fixed | Available | Util% |
+------------------+------+-------+-----------+-------+
| Bonded IOB       |   93 |     0 |       347 | 26.80 |
| HPIOB_M          |   40 |     0 |       138 | 28.99 |
|   INPUT          |   21 |       |           |       |
|   OUTPUT         |   19 |       |           |       |
|   BIDIR          |    0 |       |           |       |
| HPIOB_S          |   40 |     0 |       138 | 28.99 |
|   INPUT          |   21 |       |           |       |
|   OUTPUT         |   19 |       |           |       |
|   BIDIR          |    0 |       |           |       |
| HDIOB_M          |    5 |     0 |        24 | 20.83 |
|   INPUT          |    5 |       |           |       |
|   OUTPUT         |    0 |       |           |       |
|   BIDIR          |    0 |       |           |       |
| HDIOB_S          |    4 |     0 |        24 | 16.67 |
|   INPUT          |    4 |       |           |       |
|   OUTPUT         |    0 |       |           |       |
|   BIDIR          |    0 |       |           |       |
| HPIOB_SNGL       |    4 |     0 |        23 | 17.39 |
|   INPUT          |    0 |       |           |       |
|   OUTPUT         |    4 |       |           |       |
|   BIDIR          |    0 |       |           |       |
| HPIOBDIFFINBUF   |    0 |     0 |       192 |  0.00 |
| HPIOBDIFFOUTBUF  |    0 |     0 |       192 |  0.00 |
| HDIOBDIFFINBUF   |    0 |     0 |        72 |  0.00 |
| BITSLICE_CONTROL |    0 |     0 |        64 |  0.00 |
| BITSLICE_RX_TX   |    0 |     0 |       416 |  0.00 |
| BITSLICE_TX      |    0 |     0 |        64 |  0.00 |
| RIU_OR           |    0 |     0 |        32 |  0.00 |
+------------------+------+-------+-----------+-------+


6. CLOCK
--------

+----------------------+------+-------+-----------+-------+
|       Site Type      | Used | Fixed | Available | Util% |
+----------------------+------+-------+-----------+-------+
| GLOBAL CLOCK BUFFERs |    2 |     0 |       696 |  0.29 |
|   BUFGCE             |    2 |     0 |       216 |  0.93 |
|   BUFGCE_DIV         |    0 |     0 |        32 |  0.00 |
|   BUFG_GT            |    0 |     0 |       312 |  0.00 |
|   BUFG_PS            |    0 |     0 |        72 |  0.00 |
|   BUFGCTRL*          |    0 |     0 |        64 |  0.00 |
| PLL                  |    0 |     0 |        16 |  0.00 |
| MMCM                 |    0 |     0 |         8 |  0.00 |
+----------------------+------+-------+-----------+-------+
* Note: Each used BUFGCTRL counts as two GLOBAL CLOCK BUFFERs. This table does not include global clocking resources, only buffer cell usage. See the Clock Utilization Report (report_clock_utilization) for detailed accounting of global clocking resource availability.


7. ADVANCED
-----------

+-----------------+------+-------+-----------+-------+
|    Site Type    | Used | Fixed | Available | Util% |
+-----------------+------+-------+-----------+-------+
| CMACE4          |    0 |     0 |         2 |  0.00 |
| FE              |    0 |     0 |         8 |  0.00 |
| GTYE4_CHANNEL   |    0 |     0 |        16 |  0.00 |
| GTYE4_COMMON    |    0 |     0 |         4 |  0.00 |
| HSADC           |    0 |     0 |         4 |  0.00 |
| HSDAC           |    0 |     0 |         4 |  0.00 |
| ILKNE4          |    0 |     0 |         1 |  0.00 |
| OBUFDS_GTE4     |    0 |     0 |         8 |  0.00 |
| OBUFDS_GTE4_ADV |    0 |     0 |         8 |  0.00 |
| PCIE40E4        |    0 |     0 |         2 |  0.00 |
| PS8             |    0 |     0 |         1 |  0.00 |
| SYSMONE4        |    0 |     0 |         1 |  0.00 |
+-----------------+------+-------+-----------+-------+


8. CONFIGURATION
----------------

+-------------+------+-------+-----------+-------+
|  Site Type  | Used | Fixed | Available | Util% |
+-------------+------+-------+-----------+-------+
| BSCANE2     |    0 |     0 |         4 |  0.00 |
| DNA_PORTE2  |    0 |     0 |         1 |  0.00 |
| EFUSE_USR   |    0 |     0 |         1 |  0.00 |
| FRAME_ECCE4 |    0 |     0 |         1 |  0.00 |
| ICAPE3      |    0 |     0 |         2 |  0.00 |
| MASTER_JTAG |    0 |     0 |         1 |  0.00 |
| STARTUPE3   |    0 |     0 |         1 |  0.00 |
+-------------+------+-------+-----------+-------+


9. Primitives
-------------

+----------+------+---------------------+
| Ref Name | Used | Functional Category |
+----------+------+---------------------+
| FDRE     |  234 |            Register |
| LUT4     |   51 |                 CLB |
| INBUF    |   51 |                 I/O |
| IBUFCTRL |   51 |              Others |
| OBUF     |   42 |                 I/O |
| LUT6     |   42 |                 CLB |
| FDCE     |   28 |            Register |
| LUT1     |   26 |                 CLB |
| CARRY8   |   10 |                 CLB |
| LUT3     |    2 |                 CLB |
| LUT2     |    2 |                 CLB |
| BUFGCE   |    2 |               Clock |
| LUT5     |    1 |                 CLB |
| FDSE     |    1 |            Register |
+----------+------+---------------------+


10. Black Boxes
---------------

+----------+------+
| Ref Name | Used |
+----------+------+


11. Instantiated Netlists
-------------------------

+----------+------+
| Ref Name | Used |
+----------+------+


