Copyright 1986-2019 Xilinx, Inc. All Rights Reserved.
------------------------------------------------------------------------------------------------------------------------------------
| Tool Version : Vivado v.2019.1 (lin64) Build 2552052 Fri May 24 14:47:09 MDT 2019
| Date         : Tue Apr  7 18:49:40 2020
| Host         : imdea-System running 64-bit Ubuntu 18.04.3 LTS
| Command      : report_drc -file tlast_gen_v1_0_drc_routed.rpt -pb tlast_gen_v1_0_drc_routed.pb -rpx tlast_gen_v1_0_drc_routed.rpx
| Design       : tlast_gen_v1_0
| Device       : xczu28dr-ffvg1517-2-e
| Speed File   : -2
| Design State : Fully Routed
------------------------------------------------------------------------------------------------------------------------------------

Report DRC

Table of Contents
-----------------
1. REPORT SUMMARY
2. REPORT DETAILS

1. REPORT SUMMARY
-----------------
            Netlist: netlist
          Floorplan: design_1
      Design limits: <entire design considered>
           Ruledeck: default
             Max violations: <unlimited>
             Violations found: 2
+--------+------------------+----------------------------+------------+
| Rule   | Severity         | Description                | Violations |
+--------+------------------+----------------------------+------------+
| NSTD-1 | Critical Warning | Unspecified I/O Standard   | 1          |
| UCIO-1 | Critical Warning | Unconstrained Logical Port | 1          |
+--------+------------------+----------------------------+------------+

2. REPORT DETAILS
-----------------
NSTD-1#1 Critical Warning
Unspecified I/O Standard  
93 out of 93 logical ports use I/O standard (IOSTANDARD) value 'DEFAULT', instead of a user assigned specific value. This may cause I/O contention or incompatibility with the board power or connectivity affecting performance, signal integrity or in extreme cases cause damage to the device or the components to which it is connected. To correct this violation, specify all I/O standards. This design will fail to generate a bitstream unless all logical ports have a user specified I/O standard value defined. To allow bitstream creation with unspecified I/O standard values (not recommended), use this command: set_property SEVERITY {Warning} [get_drc_checks NSTD-1].  NOTE: When using the Vivado Runs infrastructure (e.g. launch_runs Tcl command), add this command to a .tcl file and add that file as a pre-hook for write_bitstream step for the implementation run. Problem ports: s00_axi_araddr[3], s00_axi_araddr[2], s00_axi_awaddr[3], s00_axi_awaddr[2], s00_axi_bresp[1:0], s00_axi_rdata[31:0], s00_axi_rresp[1:0], s00_axi_wdata[31:0], s00_axi_wstrb[3:0], axis_clk, rstn, s00_axi_aclk, s00_axi_aresetn, s00_axi_arready, s00_axi_arvalid (the first 15 of 26 listed).
Related violations: <none>

UCIO-1#1 Critical Warning
Unconstrained Logical Port  
93 out of 93 logical ports have no user assigned specific location constraint (LOC). This may cause I/O contention or incompatibility with the board power or connectivity affecting performance, signal integrity or in extreme cases cause damage to the device or the components to which it is connected. To correct this violation, specify all pin locations. This design will fail to generate a bitstream unless all logical ports have a user specified site LOC constraint defined.  To allow bitstream creation with unspecified pin locations (not recommended), use this command: set_property SEVERITY {Warning} [get_drc_checks UCIO-1].  NOTE: When using the Vivado Runs infrastructure (e.g. launch_runs Tcl command), add this command to a .tcl file and add that file as a pre-hook for write_bitstream step for the implementation run.  Problem ports: s00_axi_araddr[3], s00_axi_araddr[2], s00_axi_awaddr[3], s00_axi_awaddr[2], s00_axi_bresp[1:0], s00_axi_rdata[31:0], s00_axi_rresp[1:0], s00_axi_wdata[31:0], s00_axi_wstrb[3:0], axis_clk, rstn, s00_axi_aclk, s00_axi_aresetn, s00_axi_arready, s00_axi_arvalid (the first 15 of 26 listed).
Related violations: <none>


