Copyright 1986-2019 Xilinx, Inc. All Rights Reserved.
-------------------------------------------------------------------------------------------
| Tool Version : Vivado v.2019.1 (lin64) Build 2552052 Fri May 24 14:47:09 MDT 2019
| Date         : Tue Apr  7 18:48:24 2020
| Host         : imdea-System running 64-bit Ubuntu 18.04.3 LTS
| Command      : report_control_sets -verbose -file tlast_gen_v1_0_control_sets_placed.rpt
| Design       : tlast_gen_v1_0
| Device       : xczu28dr
-------------------------------------------------------------------------------------------

Control Set Information

Table of Contents
-----------------
1. Summary
2. Histogram
3. Flip-Flop Distribution
4. Detailed Control Set Information

1. Summary
----------

+----------------------------------------------------------+-------+
|                          Status                          | Count |
+----------------------------------------------------------+-------+
| Total control sets                                       |    22 |
|    Minimum number of control sets                        |    22 |
|    Addition due to synthesis replication                 |     0 |
|    Addition due to physical synthesis replication        |     0 |
| Unused register locations in slices containing registers |     9 |
+----------------------------------------------------------+-------+
* Control sets can be merged at opt_design using control_set_merge or merge_equivalent_drivers
** Run report_qor_suggestions for automated merging and remapping suggestions


2. Histogram
------------

+--------------------+-------+
|       Fanout       | Count |
+--------------------+-------+
| Total control sets |    22 |
| >= 0 to < 4        |     2 |
| >= 4 to < 6        |     0 |
| >= 6 to < 8        |     1 |
| >= 8 to < 10       |    16 |
| >= 10 to < 12      |     0 |
| >= 12 to < 14      |     0 |
| >= 14 to < 16      |     0 |
| >= 16              |     3 |
+--------------------+-------+
* Control sets can be remapped at either synth_design or opt_design


3. Flip-Flop Distribution
-------------------------

+--------------+-----------------------+------------------------+-----------------+--------------+
| Clock Enable | Synchronous Set/Reset | Asynchronous Set/Reset | Total Registers | Total Slices |
+--------------+-----------------------+------------------------+-----------------+--------------+
| No           | No                    | No                     |              65 |           16 |
| No           | No                    | Yes                    |               0 |            0 |
| No           | Yes                   | No                     |               6 |            2 |
| Yes          | No                    | No                     |               0 |            0 |
| Yes          | No                    | Yes                    |              28 |            4 |
| Yes          | Yes                   | No                     |             164 |           22 |
+--------------+-----------------------+------------------------+-----------------+--------------+


4. Detailed Control Set Information
-----------------------------------

+-------------------------+--------------------------------------------------+-----------------------------+------------------+----------------+
|       Clock Signal      |                   Enable Signal                  |       Set/Reset Signal      | Slice Load Count | Bel Load Count |
+-------------------------+--------------------------------------------------+-----------------------------+------------------+----------------+
|  s00_axi_aclk_IBUF_BUFG | tlast_gen_v1_0_S00_AXI_inst/axi_arready0         | s00_axi_aresetn_IBUF_inst/O |                1 |              2 |
|  s00_axi_aclk_IBUF_BUFG | tlast_gen_v1_0_S00_AXI_inst/axi_awready0         | s00_axi_aresetn_IBUF_inst/O |                1 |              2 |
|  s00_axi_aclk_IBUF_BUFG |                                                  | s00_axi_aresetn_IBUF_inst/O |                2 |              6 |
|  s00_axi_aclk_IBUF_BUFG | tlast_gen_v1_0_S00_AXI_inst/p_1_in[31]           | s00_axi_aresetn_IBUF_inst/O |                3 |              8 |
|  s00_axi_aclk_IBUF_BUFG | tlast_gen_v1_0_S00_AXI_inst/slv_reg1[15]_i_1_n_0 | s00_axi_aresetn_IBUF_inst/O |                4 |              8 |
|  s00_axi_aclk_IBUF_BUFG | tlast_gen_v1_0_S00_AXI_inst/slv_reg2[15]_i_1_n_0 | s00_axi_aresetn_IBUF_inst/O |                5 |              8 |
|  s00_axi_aclk_IBUF_BUFG | tlast_gen_v1_0_S00_AXI_inst/slv_reg3[15]_i_1_n_0 | s00_axi_aresetn_IBUF_inst/O |                5 |              8 |
|  s00_axi_aclk_IBUF_BUFG | tlast_gen_v1_0_S00_AXI_inst/slv_reg1[23]_i_1_n_0 | s00_axi_aresetn_IBUF_inst/O |                5 |              8 |
|  s00_axi_aclk_IBUF_BUFG | tlast_gen_v1_0_S00_AXI_inst/slv_reg1[31]_i_1_n_0 | s00_axi_aresetn_IBUF_inst/O |                3 |              8 |
|  s00_axi_aclk_IBUF_BUFG | tlast_gen_v1_0_S00_AXI_inst/slv_reg1[7]_i_1_n_0  | s00_axi_aresetn_IBUF_inst/O |                4 |              8 |
|  s00_axi_aclk_IBUF_BUFG | tlast_gen_v1_0_S00_AXI_inst/slv_reg2[23]_i_1_n_0 | s00_axi_aresetn_IBUF_inst/O |                3 |              8 |
|  s00_axi_aclk_IBUF_BUFG | tlast_gen_v1_0_S00_AXI_inst/slv_reg2[31]_i_1_n_0 | s00_axi_aresetn_IBUF_inst/O |                3 |              8 |
|  s00_axi_aclk_IBUF_BUFG | tlast_gen_v1_0_S00_AXI_inst/slv_reg2[7]_i_1_n_0  | s00_axi_aresetn_IBUF_inst/O |                3 |              8 |
|  s00_axi_aclk_IBUF_BUFG | tlast_gen_v1_0_S00_AXI_inst/slv_reg3[23]_i_1_n_0 | s00_axi_aresetn_IBUF_inst/O |                2 |              8 |
|  s00_axi_aclk_IBUF_BUFG | tlast_gen_v1_0_S00_AXI_inst/slv_reg3[31]_i_1_n_0 | s00_axi_aresetn_IBUF_inst/O |                4 |              8 |
|  s00_axi_aclk_IBUF_BUFG | tlast_gen_v1_0_S00_AXI_inst/slv_reg3[7]_i_1_n_0  | s00_axi_aresetn_IBUF_inst/O |                2 |              8 |
|  s00_axi_aclk_IBUF_BUFG | tlast_gen_v1_0_S00_AXI_inst/p_1_in[7]            | s00_axi_aresetn_IBUF_inst/O |                4 |              8 |
|  s00_axi_aclk_IBUF_BUFG | tlast_gen_v1_0_S00_AXI_inst/p_1_in[15]           | s00_axi_aresetn_IBUF_inst/O |                4 |              8 |
|  s00_axi_aclk_IBUF_BUFG | tlast_gen_v1_0_S00_AXI_inst/p_1_in[23]           | s00_axi_aresetn_IBUF_inst/O |                3 |              8 |
|  axis_clk_IBUF_BUFG     | tdata_byte_count_int[4]_i_1_n_0                  | rstn_IBUF_inst/O            |                4 |             28 |
|  s00_axi_aclk_IBUF_BUFG | tlast_gen_v1_0_S00_AXI_inst/slv_reg_rden__0      | s00_axi_aresetn_IBUF_inst/O |               11 |             32 |
|  axis_clk_IBUF_BUFG     |                                                  |                             |               16 |             65 |
+-------------------------+--------------------------------------------------+-----------------------------+------------------+----------------+


