Copyright 1986-2019 Xilinx, Inc. All Rights Reserved.
------------------------------------------------------------------------------------
| Tool Version : Vivado v.2019.1 (lin64) Build 2552052 Fri May 24 14:47:09 MDT 2019
| Date         : Fri Jun 25 15:29:17 2021
| Host         : imdea-System running 64-bit Ubuntu 18.04.3 LTS
| Command      : upgrade_ip
| Device       : xczu28dr-ffvg1517-2-e
------------------------------------------------------------------------------------

Upgrade Log for IP 'design_1_SIVERS_gpio_0_0'

1. Summary
----------

SUCCESS in the upgrade of design_1_SIVERS_gpio_0_0 (user.org:user:SIVERS_gpio:1.0) from (Rev. 9) to (Rev. 13)






Copyright 1986-2019 Xilinx, Inc. All Rights Reserved.
------------------------------------------------------------------------------------
| Tool Version : Vivado v.2019.1 (lin64) Build 2552052 Fri May 24 14:47:09 MDT 2019
| Date         : Sat Sep 12 19:31:52 2020
| Host         : imdea-System running 64-bit Ubuntu 18.04.3 LTS
| Command      : upgrade_ip
| Device       : xczu28dr-ffvg1517-2-e
------------------------------------------------------------------------------------

Upgrade Log for IP 'design_1_packet_detector_SSR1_2_0'

1. Summary
----------

SUCCESS in the upgrade of design_1_packet_detector_SSR1_2_0 (user.org:user:packet_detector_SSR1:1.0) from (Rev. 4) to (Rev. 5)






Copyright 1986-2019 Xilinx, Inc. All Rights Reserved.
------------------------------------------------------------------------------------
| Tool Version : Vivado v.2019.1 (lin64) Build 2552052 Fri May 24 14:47:09 MDT 2019
| Date         : Sat Sep 12 19:31:51 2020
| Host         : imdea-System running 64-bit Ubuntu 18.04.3 LTS
| Command      : upgrade_ip
| Device       : xczu28dr-ffvg1517-2-e
------------------------------------------------------------------------------------

Upgrade Log for IP 'design_1_packet_detector_SSR1_1_0'

1. Summary
----------

SUCCESS in the upgrade of design_1_packet_detector_SSR1_1_0 (user.org:user:packet_detector_SSR1:1.0) from (Rev. 4) to (Rev. 5)






Copyright 1986-2019 Xilinx, Inc. All Rights Reserved.
------------------------------------------------------------------------------------
| Tool Version : Vivado v.2019.1 (lin64) Build 2552052 Fri May 24 14:47:09 MDT 2019
| Date         : Sat Sep 12 19:31:51 2020
| Host         : imdea-System running 64-bit Ubuntu 18.04.3 LTS
| Command      : upgrade_ip
| Device       : xczu28dr-ffvg1517-2-e
------------------------------------------------------------------------------------

Upgrade Log for IP 'design_1_packet_detector_SSR1_0_1'

1. Summary
----------

SUCCESS in the upgrade of design_1_packet_detector_SSR1_0_1 (user.org:user:packet_detector_SSR1:1.0) from (Rev. 4) to (Rev. 5)






Copyright 1986-2019 Xilinx, Inc. All Rights Reserved.
------------------------------------------------------------------------------------
| Tool Version : Vivado v.2019.1 (lin64) Build 2552052 Fri May 24 14:47:09 MDT 2019
| Date         : Sat Sep 12 19:31:51 2020
| Host         : imdea-System running 64-bit Ubuntu 18.04.3 LTS
| Command      : upgrade_ip
| Device       : xczu28dr-ffvg1517-2-e
------------------------------------------------------------------------------------

Upgrade Log for IP 'design_1_packet_detector_SSR1_0_0'

1. Summary
----------

SUCCESS in the upgrade of design_1_packet_detector_SSR1_0_0 (user.org:user:packet_detector_SSR1:1.0) from (Rev. 4) to (Rev. 5)






Copyright 1986-2019 Xilinx, Inc. All Rights Reserved.
------------------------------------------------------------------------------------
| Tool Version : Vivado v.2019.1 (lin64) Build 2552052 Fri May 24 14:47:09 MDT 2019
| Date         : Sat Sep 12 17:54:32 2020
| Host         : imdea-System running 64-bit Ubuntu 18.04.3 LTS
| Command      : upgrade_ip
| Device       : xczu28dr-ffvg1517-2-e
------------------------------------------------------------------------------------

Upgrade Log for IP 'design_1_packet_detector_SSR1_2_0'

1. Summary
----------

SUCCESS in the conversion of design_1_packet_detector_SSR1_2_0 (user.org:user:packet_detector_SSR1:1.0 (Rev. 4)) to Vivado generation flows.






Copyright 1986-2019 Xilinx, Inc. All Rights Reserved.
------------------------------------------------------------------------------------
| Tool Version : Vivado v.2019.1 (lin64) Build 2552052 Fri May 24 14:47:09 MDT 2019
| Date         : Sat Sep 12 17:54:32 2020
| Host         : imdea-System running 64-bit Ubuntu 18.04.3 LTS
| Command      : upgrade_ip
| Device       : xczu28dr-ffvg1517-2-e
------------------------------------------------------------------------------------

Upgrade Log for IP 'design_1_packet_detector_SSR1_1_0'

1. Summary
----------

SUCCESS in the conversion of design_1_packet_detector_SSR1_1_0 (user.org:user:packet_detector_SSR1:1.0 (Rev. 4)) to Vivado generation flows.






Copyright 1986-2019 Xilinx, Inc. All Rights Reserved.
------------------------------------------------------------------------------------
| Tool Version : Vivado v.2019.1 (lin64) Build 2552052 Fri May 24 14:47:09 MDT 2019
| Date         : Sat Sep 12 17:54:32 2020
| Host         : imdea-System running 64-bit Ubuntu 18.04.3 LTS
| Command      : upgrade_ip
| Device       : xczu28dr-ffvg1517-2-e
------------------------------------------------------------------------------------

Upgrade Log for IP 'design_1_packet_detector_SSR1_0_1'

1. Summary
----------

SUCCESS in the conversion of design_1_packet_detector_SSR1_0_1 (user.org:user:packet_detector_SSR1:1.0 (Rev. 4)) to Vivado generation flows.






Copyright 1986-2019 Xilinx, Inc. All Rights Reserved.
------------------------------------------------------------------------------------
| Tool Version : Vivado v.2019.1 (lin64) Build 2552052 Fri May 24 14:47:09 MDT 2019
| Date         : Sat Sep 12 17:54:31 2020
| Host         : imdea-System running 64-bit Ubuntu 18.04.3 LTS
| Command      : upgrade_ip
| Device       : xczu28dr-ffvg1517-2-e
------------------------------------------------------------------------------------

Upgrade Log for IP 'design_1_packet_detector_SSR1_0_0'

1. Summary
----------

SUCCESS in the conversion of design_1_packet_detector_SSR1_0_0 (user.org:user:packet_detector_SSR1:1.0 (Rev. 4)) to Vivado generation flows.






Copyright 1986-2019 Xilinx, Inc. All Rights Reserved.
------------------------------------------------------------------------------------
| Tool Version : Vivado v.2019.1 (lin64) Build 2552052 Fri May 24 14:47:09 MDT 2019
| Date         : Sat Sep 12 14:29:37 2020
| Host         : imdea-System running 64-bit Ubuntu 18.04.3 LTS
| Command      : upgrade_ip
| Device       : xczu28dr-ffvg1517-2-e
------------------------------------------------------------------------------------

Upgrade Log for IP 'design_1_packet_detector_SSR1_2_0'

1. Summary
----------

SUCCESS in the upgrade of design_1_packet_detector_SSR1_2_0 (user.org:user:packet_detector_SSR1:1.0) from (Rev. 3) to (Rev. 4)






Copyright 1986-2019 Xilinx, Inc. All Rights Reserved.
------------------------------------------------------------------------------------
| Tool Version : Vivado v.2019.1 (lin64) Build 2552052 Fri May 24 14:47:09 MDT 2019
| Date         : Sat Sep 12 14:29:37 2020
| Host         : imdea-System running 64-bit Ubuntu 18.04.3 LTS
| Command      : upgrade_ip
| Device       : xczu28dr-ffvg1517-2-e
------------------------------------------------------------------------------------

Upgrade Log for IP 'design_1_packet_detector_SSR1_1_0'

1. Summary
----------

SUCCESS in the upgrade of design_1_packet_detector_SSR1_1_0 (user.org:user:packet_detector_SSR1:1.0) from (Rev. 3) to (Rev. 4)






Copyright 1986-2019 Xilinx, Inc. All Rights Reserved.
------------------------------------------------------------------------------------
| Tool Version : Vivado v.2019.1 (lin64) Build 2552052 Fri May 24 14:47:09 MDT 2019
| Date         : Sat Sep 12 14:29:36 2020
| Host         : imdea-System running 64-bit Ubuntu 18.04.3 LTS
| Command      : upgrade_ip
| Device       : xczu28dr-ffvg1517-2-e
------------------------------------------------------------------------------------

Upgrade Log for IP 'design_1_packet_detector_SSR1_0_1'

1. Summary
----------

SUCCESS in the upgrade of design_1_packet_detector_SSR1_0_1 (user.org:user:packet_detector_SSR1:1.0) from (Rev. 3) to (Rev. 4)






Copyright 1986-2019 Xilinx, Inc. All Rights Reserved.
------------------------------------------------------------------------------------
| Tool Version : Vivado v.2019.1 (lin64) Build 2552052 Fri May 24 14:47:09 MDT 2019
| Date         : Sat Sep 12 14:29:36 2020
| Host         : imdea-System running 64-bit Ubuntu 18.04.3 LTS
| Command      : upgrade_ip
| Device       : xczu28dr-ffvg1517-2-e
------------------------------------------------------------------------------------

Upgrade Log for IP 'design_1_packet_detector_SSR1_0_0'

1. Summary
----------

SUCCESS in the upgrade of design_1_packet_detector_SSR1_0_0 (user.org:user:packet_detector_SSR1:1.0) from (Rev. 3) to (Rev. 4)






Copyright 1986-2019 Xilinx, Inc. All Rights Reserved.
------------------------------------------------------------------------------------
| Tool Version : Vivado v.2019.1 (lin64) Build 2552052 Fri May 24 14:47:09 MDT 2019
| Date         : Sat Sep 12 10:22:59 2020
| Host         : imdea-System running 64-bit Ubuntu 18.04.3 LTS
| Command      : upgrade_ip
| Device       : xczu28dr-ffvg1517-2-e
------------------------------------------------------------------------------------

Upgrade Log for IP 'design_1_packet_detector_SSR1_2_0'

1. Summary
----------

SUCCESS in the upgrade of design_1_packet_detector_SSR1_2_0 (user.org:user:packet_detector_SSR1:1.0) from (Rev. 2) to (Rev. 3)






Copyright 1986-2019 Xilinx, Inc. All Rights Reserved.
------------------------------------------------------------------------------------
| Tool Version : Vivado v.2019.1 (lin64) Build 2552052 Fri May 24 14:47:09 MDT 2019
| Date         : Sat Sep 12 10:22:59 2020
| Host         : imdea-System running 64-bit Ubuntu 18.04.3 LTS
| Command      : upgrade_ip
| Device       : xczu28dr-ffvg1517-2-e
------------------------------------------------------------------------------------

Upgrade Log for IP 'design_1_packet_detector_SSR1_1_0'

1. Summary
----------

SUCCESS in the upgrade of design_1_packet_detector_SSR1_1_0 (user.org:user:packet_detector_SSR1:1.0) from (Rev. 2) to (Rev. 3)






Copyright 1986-2019 Xilinx, Inc. All Rights Reserved.
------------------------------------------------------------------------------------
| Tool Version : Vivado v.2019.1 (lin64) Build 2552052 Fri May 24 14:47:09 MDT 2019
| Date         : Sat Sep 12 10:22:59 2020
| Host         : imdea-System running 64-bit Ubuntu 18.04.3 LTS
| Command      : upgrade_ip
| Device       : xczu28dr-ffvg1517-2-e
------------------------------------------------------------------------------------

Upgrade Log for IP 'design_1_packet_detector_SSR1_0_1'

1. Summary
----------

SUCCESS in the upgrade of design_1_packet_detector_SSR1_0_1 (user.org:user:packet_detector_SSR1:1.0) from (Rev. 2) to (Rev. 3)






Copyright 1986-2019 Xilinx, Inc. All Rights Reserved.
------------------------------------------------------------------------------------
| Tool Version : Vivado v.2019.1 (lin64) Build 2552052 Fri May 24 14:47:09 MDT 2019
| Date         : Sat Sep 12 10:22:59 2020
| Host         : imdea-System running 64-bit Ubuntu 18.04.3 LTS
| Command      : upgrade_ip
| Device       : xczu28dr-ffvg1517-2-e
------------------------------------------------------------------------------------

Upgrade Log for IP 'design_1_packet_detector_SSR1_0_0'

1. Summary
----------

SUCCESS in the upgrade of design_1_packet_detector_SSR1_0_0 (user.org:user:packet_detector_SSR1:1.0) from (Rev. 2) to (Rev. 3)






Copyright 1986-2019 Xilinx, Inc. All Rights Reserved.
------------------------------------------------------------------------------------
| Tool Version : Vivado v.2019.1 (lin64) Build 2552052 Fri May 24 14:47:09 MDT 2019
| Date         : Tue Sep  1 16:39:27 2020
| Host         : imdea-System running 64-bit Ubuntu 18.04.3 LTS
| Command      : upgrade_ip
| Device       : xczu28dr-ffvg1517-2-e
------------------------------------------------------------------------------------

Upgrade Log for IP 'design_1_ddr_writer_0_7'

1. Summary
----------

SUCCESS in the conversion of design_1_ddr_writer_0_7 (user.org:user:ddr_writer:1.0 (Rev. 37)) to Vivado generation flows.






Copyright 1986-2019 Xilinx, Inc. All Rights Reserved.
------------------------------------------------------------------------------------
| Tool Version : Vivado v.2019.1 (lin64) Build 2552052 Fri May 24 14:47:09 MDT 2019
| Date         : Tue Sep  1 14:55:30 2020
| Host         : imdea-System running 64-bit Ubuntu 18.04.3 LTS
| Command      : upgrade_ip
| Device       : xczu28dr-ffvg1517-2-e
------------------------------------------------------------------------------------

Upgrade Log for IP 'design_1_ddr_writer_0_7'

1. Summary
----------

SUCCESS in the upgrade of design_1_ddr_writer_0_7 (user.org:user:ddr_writer:1.0) from (Rev. 35) to (Rev. 37)






Copyright 1986-2019 Xilinx, Inc. All Rights Reserved.
------------------------------------------------------------------------------------
| Tool Version : Vivado v.2019.1 (lin64) Build 2552052 Fri May 24 14:47:09 MDT 2019
| Date         : Tue Sep  1 14:27:13 2020
| Host         : imdea-System running 64-bit Ubuntu 18.04.3 LTS
| Command      : upgrade_ip
| Device       : xczu28dr-ffvg1517-2-e
------------------------------------------------------------------------------------

Upgrade Log for IP 'design_1_ddr_writer_0_7'

1. Summary
----------

SUCCESS in the conversion of design_1_ddr_writer_0_7 (user.org:user:ddr_writer:1.0 (Rev. 35)) to Vivado generation flows.






Copyright 1986-2019 Xilinx, Inc. All Rights Reserved.
------------------------------------------------------------------------------------
| Tool Version : Vivado v.2019.1 (lin64) Build 2552052 Fri May 24 14:47:09 MDT 2019
| Date         : Fri Aug  7 18:08:51 2020
| Host         : imdea-System running 64-bit Ubuntu 18.04.3 LTS
| Command      : upgrade_ip
| Device       : xczu28dr-ffvg1517-2-e
------------------------------------------------------------------------------------

Upgrade Log for IP 'design_1_SIVERS_gpio_0_1'

1. Summary
----------

SUCCESS in the upgrade of design_1_SIVERS_gpio_0_1 (user.org:user:SIVERS_gpio:1.0) from (Rev. 8) to (Rev. 9)






Copyright 1986-2019 Xilinx, Inc. All Rights Reserved.
------------------------------------------------------------------------------------
| Tool Version : Vivado v.2019.1 (lin64) Build 2552052 Fri May 24 14:47:09 MDT 2019
| Date         : Fri Aug  7 18:08:51 2020
| Host         : imdea-System running 64-bit Ubuntu 18.04.3 LTS
| Command      : upgrade_ip
| Device       : xczu28dr-ffvg1517-2-e
------------------------------------------------------------------------------------

Upgrade Log for IP 'design_1_SIVERS_gpio_0_0'

1. Summary
----------

SUCCESS in the upgrade of design_1_SIVERS_gpio_0_0 (user.org:user:SIVERS_gpio:1.0) from (Rev. 8) to (Rev. 9)






Copyright 1986-2019 Xilinx, Inc. All Rights Reserved.
------------------------------------------------------------------------------------
| Tool Version : Vivado v.2019.1 (lin64) Build 2552052 Fri May 24 14:47:09 MDT 2019
| Date         : Tue Jul 28 13:20:37 2020
| Host         : imdea-System running 64-bit Ubuntu 18.04.3 LTS
| Command      : upgrade_ip
| Device       : xczu28dr-ffvg1517-2-e
------------------------------------------------------------------------------------

Upgrade Log for IP 'design_1_packet_detector_11AD_0_3'

1. Summary
----------

SUCCESS in the upgrade of design_1_packet_detector_11AD_0_3 (user.org:user:packet_detector_11AD:1.0) from (Rev. 15) to (Rev. 17)






Copyright 1986-2019 Xilinx, Inc. All Rights Reserved.
------------------------------------------------------------------------------------
| Tool Version : Vivado v.2019.1 (lin64) Build 2552052 Fri May 24 14:47:09 MDT 2019
| Date         : Tue Jul 28 13:20:37 2020
| Host         : imdea-System running 64-bit Ubuntu 18.04.3 LTS
| Command      : upgrade_ip
| Device       : xczu28dr-ffvg1517-2-e
------------------------------------------------------------------------------------

Upgrade Log for IP 'design_1_packet_detector_11AD_0_2'

1. Summary
----------

SUCCESS in the upgrade of design_1_packet_detector_11AD_0_2 (user.org:user:packet_detector_11AD:1.0) from (Rev. 15) to (Rev. 17)






Copyright 1986-2019 Xilinx, Inc. All Rights Reserved.
------------------------------------------------------------------------------------
| Tool Version : Vivado v.2019.1 (lin64) Build 2552052 Fri May 24 14:47:09 MDT 2019
| Date         : Tue Jul 28 13:20:36 2020
| Host         : imdea-System running 64-bit Ubuntu 18.04.3 LTS
| Command      : upgrade_ip
| Device       : xczu28dr-ffvg1517-2-e
------------------------------------------------------------------------------------

Upgrade Log for IP 'design_1_packet_detector_11AD_0_1'

1. Summary
----------

SUCCESS in the upgrade of design_1_packet_detector_11AD_0_1 (user.org:user:packet_detector_11AD:1.0) from (Rev. 15) to (Rev. 17)






Copyright 1986-2019 Xilinx, Inc. All Rights Reserved.
------------------------------------------------------------------------------------
| Tool Version : Vivado v.2019.1 (lin64) Build 2552052 Fri May 24 14:47:09 MDT 2019
| Date         : Tue Jul 28 13:20:36 2020
| Host         : imdea-System running 64-bit Ubuntu 18.04.3 LTS
| Command      : upgrade_ip
| Device       : xczu28dr-ffvg1517-2-e
------------------------------------------------------------------------------------

Upgrade Log for IP 'design_1_packet_detector_11AD_0_0'

1. Summary
----------

SUCCESS in the upgrade of design_1_packet_detector_11AD_0_0 (user.org:user:packet_detector_11AD:1.0) from (Rev. 15) to (Rev. 17)






Copyright 1986-2019 Xilinx, Inc. All Rights Reserved.
------------------------------------------------------------------------------------
| Tool Version : Vivado v.2019.1 (lin64) Build 2552052 Fri May 24 14:47:09 MDT 2019
| Date         : Fri Jul 24 10:57:24 2020
| Host         : imdea-System running 64-bit Ubuntu 18.04.3 LTS
| Command      : upgrade_ip
| Device       : xczu28dr-ffvg1517-2-e
------------------------------------------------------------------------------------

Upgrade Log for IP 'design_1_packet_detector_11AD_0_3'

1. Summary
----------

SUCCESS in the upgrade of design_1_packet_detector_11AD_0_3 (user.org:user:packet_detector_11AD:1.0) from (Rev. 14) to (Rev. 15)






Copyright 1986-2019 Xilinx, Inc. All Rights Reserved.
------------------------------------------------------------------------------------
| Tool Version : Vivado v.2019.1 (lin64) Build 2552052 Fri May 24 14:47:09 MDT 2019
| Date         : Fri Jul 24 10:57:23 2020
| Host         : imdea-System running 64-bit Ubuntu 18.04.3 LTS
| Command      : upgrade_ip
| Device       : xczu28dr-ffvg1517-2-e
------------------------------------------------------------------------------------

Upgrade Log for IP 'design_1_packet_detector_11AD_0_2'

1. Summary
----------

SUCCESS in the upgrade of design_1_packet_detector_11AD_0_2 (user.org:user:packet_detector_11AD:1.0) from (Rev. 14) to (Rev. 15)






Copyright 1986-2019 Xilinx, Inc. All Rights Reserved.
------------------------------------------------------------------------------------
| Tool Version : Vivado v.2019.1 (lin64) Build 2552052 Fri May 24 14:47:09 MDT 2019
| Date         : Fri Jul 24 10:57:23 2020
| Host         : imdea-System running 64-bit Ubuntu 18.04.3 LTS
| Command      : upgrade_ip
| Device       : xczu28dr-ffvg1517-2-e
------------------------------------------------------------------------------------

Upgrade Log for IP 'design_1_packet_detector_11AD_0_1'

1. Summary
----------

SUCCESS in the upgrade of design_1_packet_detector_11AD_0_1 (user.org:user:packet_detector_11AD:1.0) from (Rev. 14) to (Rev. 15)






Copyright 1986-2019 Xilinx, Inc. All Rights Reserved.
------------------------------------------------------------------------------------
| Tool Version : Vivado v.2019.1 (lin64) Build 2552052 Fri May 24 14:47:09 MDT 2019
| Date         : Fri Jul 24 10:57:23 2020
| Host         : imdea-System running 64-bit Ubuntu 18.04.3 LTS
| Command      : upgrade_ip
| Device       : xczu28dr-ffvg1517-2-e
------------------------------------------------------------------------------------

Upgrade Log for IP 'design_1_packet_detector_11AD_0_0'

1. Summary
----------

SUCCESS in the upgrade of design_1_packet_detector_11AD_0_0 (user.org:user:packet_detector_11AD:1.0) from (Rev. 14) to (Rev. 15)






Copyright 1986-2019 Xilinx, Inc. All Rights Reserved.
------------------------------------------------------------------------------------
| Tool Version : Vivado v.2019.1 (lin64) Build 2552052 Fri May 24 14:47:09 MDT 2019
| Date         : Fri Jul 24 10:57:23 2020
| Host         : imdea-System running 64-bit Ubuntu 18.04.3 LTS
| Command      : upgrade_ip
| Device       : xczu28dr-ffvg1517-2-e
------------------------------------------------------------------------------------

Upgrade Log for IP 'design_1_SIVERS_gpio_0_1'

1. Summary
----------

SUCCESS in the upgrade of design_1_SIVERS_gpio_0_1 (user.org:user:SIVERS_gpio:1.0) from (Rev. 7) to (Rev. 8)






Copyright 1986-2019 Xilinx, Inc. All Rights Reserved.
------------------------------------------------------------------------------------
| Tool Version : Vivado v.2019.1 (lin64) Build 2552052 Fri May 24 14:47:09 MDT 2019
| Date         : Fri Jul 24 10:57:22 2020
| Host         : imdea-System running 64-bit Ubuntu 18.04.3 LTS
| Command      : upgrade_ip
| Device       : xczu28dr-ffvg1517-2-e
------------------------------------------------------------------------------------

Upgrade Log for IP 'design_1_SIVERS_gpio_0_0'

1. Summary
----------

SUCCESS in the upgrade of design_1_SIVERS_gpio_0_0 (user.org:user:SIVERS_gpio:1.0) from (Rev. 7) to (Rev. 8)






Copyright 1986-2019 Xilinx, Inc. All Rights Reserved.
------------------------------------------------------------------------------------
| Tool Version : Vivado v.2019.1 (lin64) Build 2552052 Fri May 24 14:47:09 MDT 2019
| Date         : Wed Jul 22 12:46:45 2020
| Host         : imdea-System running 64-bit Ubuntu 18.04.3 LTS
| Command      : upgrade_ip
| Device       : xczu28dr-ffvg1517-2-e
------------------------------------------------------------------------------------

Upgrade Log for IP 'design_1_packet_counter_0_4'

1. Summary
----------

SUCCESS in the upgrade of design_1_packet_counter_0_4 (user.org:user:packet_counter:1.0) from (Rev. 14) to (Rev. 15)






Copyright 1986-2019 Xilinx, Inc. All Rights Reserved.
------------------------------------------------------------------------------------
| Tool Version : Vivado v.2019.1 (lin64) Build 2552052 Fri May 24 14:47:09 MDT 2019
| Date         : Wed Jul 22 12:46:45 2020
| Host         : imdea-System running 64-bit Ubuntu 18.04.3 LTS
| Command      : upgrade_ip
| Device       : xczu28dr-ffvg1517-2-e
------------------------------------------------------------------------------------

Upgrade Log for IP 'design_1_packet_counter_0_3'

1. Summary
----------

SUCCESS in the upgrade of design_1_packet_counter_0_3 (user.org:user:packet_counter:1.0) from (Rev. 14) to (Rev. 15)






Copyright 1986-2019 Xilinx, Inc. All Rights Reserved.
------------------------------------------------------------------------------------
| Tool Version : Vivado v.2019.1 (lin64) Build 2552052 Fri May 24 14:47:09 MDT 2019
| Date         : Wed Jul 22 12:46:45 2020
| Host         : imdea-System running 64-bit Ubuntu 18.04.3 LTS
| Command      : upgrade_ip
| Device       : xczu28dr-ffvg1517-2-e
------------------------------------------------------------------------------------

Upgrade Log for IP 'design_1_packet_counter_0_2'

1. Summary
----------

SUCCESS in the upgrade of design_1_packet_counter_0_2 (user.org:user:packet_counter:1.0) from (Rev. 14) to (Rev. 15)






Copyright 1986-2019 Xilinx, Inc. All Rights Reserved.
------------------------------------------------------------------------------------
| Tool Version : Vivado v.2019.1 (lin64) Build 2552052 Fri May 24 14:47:09 MDT 2019
| Date         : Wed Jul 22 12:46:45 2020
| Host         : imdea-System running 64-bit Ubuntu 18.04.3 LTS
| Command      : upgrade_ip
| Device       : xczu28dr-ffvg1517-2-e
------------------------------------------------------------------------------------

Upgrade Log for IP 'design_1_packet_counter_0_1'

1. Summary
----------

SUCCESS in the upgrade of design_1_packet_counter_0_1 (user.org:user:packet_counter:1.0) from (Rev. 14) to (Rev. 15)






Copyright 1986-2019 Xilinx, Inc. All Rights Reserved.
------------------------------------------------------------------------------------
| Tool Version : Vivado v.2019.1 (lin64) Build 2552052 Fri May 24 14:47:09 MDT 2019
| Date         : Tue Jul 21 11:38:49 2020
| Host         : imdea-System running 64-bit Ubuntu 18.04.3 LTS
| Command      : upgrade_ip
| Device       : xczu28dr-ffvg1517-2-e
------------------------------------------------------------------------------------

Upgrade Log for IP 'design_1_boundary_detector_0_0'

1. Summary
----------

SUCCESS in the upgrade of design_1_boundary_detector_0_0 (user.org:user:boundary_detector:1.0) from (Rev. 3) to (Rev. 4)






Copyright 1986-2019 Xilinx, Inc. All Rights Reserved.
------------------------------------------------------------------------------------
| Tool Version : Vivado v.2019.1 (lin64) Build 2552052 Fri May 24 14:47:09 MDT 2019
| Date         : Thu Jul  9 12:11:13 2020
| Host         : imdea-System running 64-bit Ubuntu 18.04.3 LTS
| Command      : upgrade_ip
| Device       : xczu28dr-ffvg1517-2-e
------------------------------------------------------------------------------------

Upgrade Log for IP 'design_1_SIVERS_gpio_0_0'

1. Summary
----------

SUCCESS in the upgrade of design_1_SIVERS_gpio_0_0 (user.org:user:SIVERS_gpio:1.0) from (Rev. 6) to (Rev. 7)






Copyright 1986-2019 Xilinx, Inc. All Rights Reserved.
------------------------------------------------------------------------------------
| Tool Version : Vivado v.2019.1 (lin64) Build 2552052 Fri May 24 14:47:09 MDT 2019
| Date         : Wed Jul  8 16:40:39 2020
| Host         : imdea-System running 64-bit Ubuntu 18.04.3 LTS
| Command      : upgrade_ip
| Device       : xczu28dr-ffvg1517-2-e
------------------------------------------------------------------------------------

Upgrade Log for IP 'design_1_ddr_writer_0_7'

1. Summary
----------

SUCCESS in the upgrade of design_1_ddr_writer_0_7 (user.org:user:ddr_writer:1.0) from (Rev. 29) to (Rev. 35)






Copyright 1986-2019 Xilinx, Inc. All Rights Reserved.
------------------------------------------------------------------------------------
| Tool Version : Vivado v.2019.1 (lin64) Build 2552052 Fri May 24 14:47:09 MDT 2019
| Date         : Fri Apr 24 13:41:50 2020
| Host         : imdea-System running 64-bit Ubuntu 18.04.3 LTS
| Command      : upgrade_ip
| Device       : xczu28dr-ffvg1517-2-e
------------------------------------------------------------------------------------

Upgrade Log for IP 'design_1_ddr_writer_0_7'

1. Summary
----------

SUCCESS in the conversion of design_1_ddr_writer_0_7 (user.org:user:ddr_writer:1.0 (Rev. 29)) to Vivado generation flows.






Copyright 1986-2019 Xilinx, Inc. All Rights Reserved.
------------------------------------------------------------------------------------
| Tool Version : Vivado v.2019.1 (lin64) Build 2552052 Fri May 24 14:47:09 MDT 2019
| Date         : Thu Apr 16 17:54:40 2020
| Host         : imdea-System running 64-bit Ubuntu 18.04.3 LTS
| Command      : upgrade_ip
| Device       : xczu28dr-ffvg1517-2-e
------------------------------------------------------------------------------------

Upgrade Log for IP 'design_1_ddr_writer_0_7'

1. Summary
----------

SUCCESS in the conversion of design_1_ddr_writer_0_7 (user.org:user:ddr_writer:1.0 (Rev. 29)) to Vivado generation flows.






Copyright 1986-2019 Xilinx, Inc. All Rights Reserved.
------------------------------------------------------------------------------------
| Tool Version : Vivado v.2019.1 (lin64) Build 2552052 Fri May 24 14:47:09 MDT 2019
| Date         : Tue Apr 14 14:23:54 2020
| Host         : imdea-System running 64-bit Ubuntu 18.04.3 LTS
| Command      : upgrade_ip
| Device       : xczu28dr-ffvg1517-2-e
------------------------------------------------------------------------------------

Upgrade Log for IP 'design_1_rate_converter_5b_0_9'

1. Summary
----------

SUCCESS in the upgrade of design_1_rate_converter_5b_0_9 (user.org:user:rate_converter_5b:1.0) from (Rev. 2) to (Rev. 3)






Copyright 1986-2019 Xilinx, Inc. All Rights Reserved.
------------------------------------------------------------------------------------
| Tool Version : Vivado v.2019.1 (lin64) Build 2552052 Fri May 24 14:47:09 MDT 2019
| Date         : Tue Apr 14 14:23:53 2020
| Host         : imdea-System running 64-bit Ubuntu 18.04.3 LTS
| Command      : upgrade_ip
| Device       : xczu28dr-ffvg1517-2-e
------------------------------------------------------------------------------------

Upgrade Log for IP 'design_1_rate_converter_5b_0_8'

1. Summary
----------

SUCCESS in the upgrade of design_1_rate_converter_5b_0_8 (user.org:user:rate_converter_5b:1.0) from (Rev. 2) to (Rev. 3)






Copyright 1986-2019 Xilinx, Inc. All Rights Reserved.
------------------------------------------------------------------------------------
| Tool Version : Vivado v.2019.1 (lin64) Build 2552052 Fri May 24 14:47:09 MDT 2019
| Date         : Tue Apr 14 14:23:53 2020
| Host         : imdea-System running 64-bit Ubuntu 18.04.3 LTS
| Command      : upgrade_ip
| Device       : xczu28dr-ffvg1517-2-e
------------------------------------------------------------------------------------

Upgrade Log for IP 'design_1_rate_converter_5b_0_7'

1. Summary
----------

SUCCESS in the upgrade of design_1_rate_converter_5b_0_7 (user.org:user:rate_converter_5b:1.0) from (Rev. 2) to (Rev. 3)






Copyright 1986-2019 Xilinx, Inc. All Rights Reserved.
------------------------------------------------------------------------------------
| Tool Version : Vivado v.2019.1 (lin64) Build 2552052 Fri May 24 14:47:09 MDT 2019
| Date         : Tue Apr 14 14:23:53 2020
| Host         : imdea-System running 64-bit Ubuntu 18.04.3 LTS
| Command      : upgrade_ip
| Device       : xczu28dr-ffvg1517-2-e
------------------------------------------------------------------------------------

Upgrade Log for IP 'design_1_rate_converter_5b_0_4'

1. Summary
----------

SUCCESS in the upgrade of design_1_rate_converter_5b_0_4 (user.org:user:rate_converter_5b:1.0) from (Rev. 2) to (Rev. 3)






Copyright 1986-2019 Xilinx, Inc. All Rights Reserved.
------------------------------------------------------------------------------------
| Tool Version : Vivado v.2019.1 (lin64) Build 2552052 Fri May 24 14:47:09 MDT 2019
| Date         : Tue Apr 14 14:23:53 2020
| Host         : imdea-System running 64-bit Ubuntu 18.04.3 LTS
| Command      : upgrade_ip
| Device       : xczu28dr-ffvg1517-2-e
------------------------------------------------------------------------------------

Upgrade Log for IP 'design_1_rate_converter_5b_0_3'

1. Summary
----------

SUCCESS in the upgrade of design_1_rate_converter_5b_0_3 (user.org:user:rate_converter_5b:1.0) from (Rev. 2) to (Rev. 3)






Copyright 1986-2019 Xilinx, Inc. All Rights Reserved.
------------------------------------------------------------------------------------
| Tool Version : Vivado v.2019.1 (lin64) Build 2552052 Fri May 24 14:47:09 MDT 2019
| Date         : Tue Apr 14 14:23:53 2020
| Host         : imdea-System running 64-bit Ubuntu 18.04.3 LTS
| Command      : upgrade_ip
| Device       : xczu28dr-ffvg1517-2-e
------------------------------------------------------------------------------------

Upgrade Log for IP 'design_1_rate_converter_5b_0_2'

1. Summary
----------

SUCCESS in the upgrade of design_1_rate_converter_5b_0_2 (user.org:user:rate_converter_5b:1.0) from (Rev. 2) to (Rev. 3)






Copyright 1986-2019 Xilinx, Inc. All Rights Reserved.
------------------------------------------------------------------------------------
| Tool Version : Vivado v.2019.1 (lin64) Build 2552052 Fri May 24 14:47:09 MDT 2019
| Date         : Tue Apr 14 14:23:53 2020
| Host         : imdea-System running 64-bit Ubuntu 18.04.3 LTS
| Command      : upgrade_ip
| Device       : xczu28dr-ffvg1517-2-e
------------------------------------------------------------------------------------

Upgrade Log for IP 'design_1_rate_converter_5b_0_10'

1. Summary
----------

SUCCESS in the upgrade of design_1_rate_converter_5b_0_10 (user.org:user:rate_converter_5b:1.0) from (Rev. 2) to (Rev. 3)






Copyright 1986-2019 Xilinx, Inc. All Rights Reserved.
------------------------------------------------------------------------------------
| Tool Version : Vivado v.2019.1 (lin64) Build 2552052 Fri May 24 14:47:09 MDT 2019
| Date         : Tue Apr 14 14:23:53 2020
| Host         : imdea-System running 64-bit Ubuntu 18.04.3 LTS
| Command      : upgrade_ip
| Device       : xczu28dr-ffvg1517-2-e
------------------------------------------------------------------------------------

Upgrade Log for IP 'design_1_rate_converter_5b_0_1'

1. Summary
----------

SUCCESS in the upgrade of design_1_rate_converter_5b_0_1 (user.org:user:rate_converter_5b:1.0) from (Rev. 2) to (Rev. 3)

