Copyright 1986-2019 Xilinx, Inc. All Rights Reserved.
---------------------------------------------------------------------------------------------------------------------------------------------------
| Tool Version : Vivado v.2019.1 (lin64) Build 2552052 Fri May 24 14:47:09 MDT 2019
| Date         : Fri Oct 22 15:49:31 2021
| Host         : imdea-System running 64-bit Ubuntu 18.04.3 LTS
| Command      : report_utilization -file design_1_RX_Block_STA_v2_0_0_utilization_synth.rpt -pb design_1_RX_Block_STA_v2_0_0_utilization_synth.pb
| Design       : design_1_RX_Block_STA_v2_0_0
| Device       : xczu28drffvg1517-2
| Design State : Synthesized
---------------------------------------------------------------------------------------------------------------------------------------------------

Utilization Design Information

Table of Contents
-----------------
1. CLB Logic
1.1 Summary of Registers by Type
2. BLOCKRAM
3. ARITHMETIC
4. I/O
5. CLOCK
6. ADVANCED
7. CONFIGURATION
8. Primitives
9. Black Boxes
10. Instantiated Netlists

1. CLB Logic
------------

+----------------------------+-------+-------+-----------+-------+
|          Site Type         |  Used | Fixed | Available | Util% |
+----------------------------+-------+-------+-----------+-------+
| CLB LUTs*                  | 47780 |     0 |    425280 | 11.23 |
|   LUT as Logic             | 43792 |     0 |    425280 | 10.30 |
|   LUT as Memory            |  3988 |     0 |    213600 |  1.87 |
|     LUT as Distributed RAM |   160 |     0 |           |       |
|     LUT as Shift Register  |  3828 |     0 |           |       |
| CLB Registers              | 82449 |     0 |    850560 |  9.69 |
|   Register as Flip Flop    | 82449 |     0 |    850560 |  9.69 |
|   Register as Latch        |     0 |     0 |    850560 |  0.00 |
| CARRY8                     |  6321 |     0 |     53160 | 11.89 |
| F7 Muxes                   |  2176 |     0 |    212640 |  1.02 |
| F8 Muxes                   |  1024 |     0 |    106320 |  0.96 |
| F9 Muxes                   |     0 |     0 |     53160 |  0.00 |
+----------------------------+-------+-------+-----------+-------+
* Warning! The Final LUT count, after physical optimizations and full implementation, is typically lower. Run opt_design after synthesis, if not already completed, for a more realistic count.


1.1 Summary of Registers by Type
--------------------------------

+-------+--------------+-------------+--------------+
| Total | Clock Enable | Synchronous | Asynchronous |
+-------+--------------+-------------+--------------+
| 0     |            _ |           - |            - |
| 0     |            _ |           - |          Set |
| 0     |            _ |           - |        Reset |
| 0     |            _ |         Set |            - |
| 0     |            _ |       Reset |            - |
| 0     |          Yes |           - |            - |
| 88    |          Yes |           - |          Set |
| 424   |          Yes |           - |        Reset |
| 131   |          Yes |         Set |            - |
| 81806 |          Yes |       Reset |            - |
+-------+--------------+-------------+--------------+


2. BLOCKRAM
-----------

+-------------------+------+-------+-----------+-------+
|     Site Type     | Used | Fixed | Available | Util% |
+-------------------+------+-------+-----------+-------+
| Block RAM Tile    |    4 |     0 |      1080 |  0.37 |
|   RAMB36/FIFO*    |    4 |     0 |      1080 |  0.37 |
|     RAMB36E2 only |    4 |       |           |       |
|   RAMB18          |    0 |     0 |      2160 |  0.00 |
| URAM              |    0 |     0 |        80 |  0.00 |
+-------------------+------+-------+-----------+-------+
* Note: Each Block RAM Tile only has one FIFO logic available and therefore can accommodate only one FIFO36E2 or one FIFO18E2. However, if a FIFO18E2 occupies a Block RAM Tile, that tile can still accommodate a RAMB18E2


3. ARITHMETIC
-------------

+----------------+------+-------+-----------+-------+
|    Site Type   | Used | Fixed | Available | Util% |
+----------------+------+-------+-----------+-------+
| DSPs           |   24 |     0 |      4272 |  0.56 |
|   DSP48E2 only |   24 |       |           |       |
+----------------+------+-------+-----------+-------+


4. I/O
------

+------------+------+-------+-----------+-------+
|  Site Type | Used | Fixed | Available | Util% |
+------------+------+-------+-----------+-------+
| Bonded IOB |    0 |     0 |       347 |  0.00 |
+------------+------+-------+-----------+-------+


5. CLOCK
--------

+----------------------+------+-------+-----------+-------+
|       Site Type      | Used | Fixed | Available | Util% |
+----------------------+------+-------+-----------+-------+
| GLOBAL CLOCK BUFFERs |    0 |     0 |       696 |  0.00 |
|   BUFGCE             |    0 |     0 |       216 |  0.00 |
|   BUFGCE_DIV         |    0 |     0 |        32 |  0.00 |
|   BUFG_GT            |    0 |     0 |       312 |  0.00 |
|   BUFG_PS            |    0 |     0 |        72 |  0.00 |
|   BUFGCTRL*          |    0 |     0 |        64 |  0.00 |
| PLL                  |    0 |     0 |        16 |  0.00 |
| MMCM                 |    0 |     0 |         8 |  0.00 |
+----------------------+------+-------+-----------+-------+
* Note: Each used BUFGCTRL counts as two GLOBAL CLOCK BUFFERs. This table does not include global clocking resources, only buffer cell usage. See the Clock Utilization Report (report_clock_utilization) for detailed accounting of global clocking resource availability.


6. ADVANCED
-----------

+-----------------+------+-------+-----------+-------+
|    Site Type    | Used | Fixed | Available | Util% |
+-----------------+------+-------+-----------+-------+
| CMACE4          |    0 |     0 |         2 |  0.00 |
| FE              |    0 |     0 |         8 |  0.00 |
| GTYE4_CHANNEL   |    0 |     0 |        16 |  0.00 |
| GTYE4_COMMON    |    0 |     0 |         4 |  0.00 |
| HSADC           |    0 |     0 |         4 |  0.00 |
| HSDAC           |    0 |     0 |         4 |  0.00 |
| ILKNE4          |    0 |     0 |         1 |  0.00 |
| OBUFDS_GTE4     |    0 |     0 |         8 |  0.00 |
| OBUFDS_GTE4_ADV |    0 |     0 |         8 |  0.00 |
| PCIE40E4        |    0 |     0 |         2 |  0.00 |
| PS8             |    0 |     0 |         1 |  0.00 |
| SYSMONE4        |    0 |     0 |         1 |  0.00 |
+-----------------+------+-------+-----------+-------+


7. CONFIGURATION
----------------

+-------------+------+-------+-----------+-------+
|  Site Type  | Used | Fixed | Available | Util% |
+-------------+------+-------+-----------+-------+
| BSCANE2     |    0 |     0 |         4 |  0.00 |
| DNA_PORTE2  |    0 |     0 |         1 |  0.00 |
| EFUSE_USR   |    0 |     0 |         1 |  0.00 |
| FRAME_ECCE4 |    0 |     0 |         1 |  0.00 |
| ICAPE3      |    0 |     0 |         2 |  0.00 |
| MASTER_JTAG |    0 |     0 |         1 |  0.00 |
| STARTUPE3   |    0 |     0 |         1 |  0.00 |
+-------------+------+-------+-----------+-------+


8. Primitives
-------------

+----------+-------+---------------------+
| Ref Name |  Used | Functional Category |
+----------+-------+---------------------+
| FDRE     | 81806 |            Register |
| LUT2     | 39488 |                 CLB |
| CARRY8   |  6321 |                 CLB |
| LUT6     |  4739 |                 CLB |
| SRL16E   |  3808 |                 CLB |
| MUXF7    |  2176 |                 CLB |
| LUT4     |  1039 |                 CLB |
| MUXF8    |  1024 |                 CLB |
| LUT1     |   603 |                 CLB |
| FDCE     |   424 |            Register |
| LUT3     |   421 |                 CLB |
| RAMD64E  |   160 |                 CLB |
| FDSE     |   131 |            Register |
| LUT5     |    99 |                 CLB |
| FDPE     |    88 |            Register |
| DSP48E2  |    24 |          Arithmetic |
| SRLC32E  |    20 |                 CLB |
| RAMB36E2 |     4 |           Block Ram |
+----------+-------+---------------------+


9. Black Boxes
--------------

+----------+------+
| Ref Name | Used |
+----------+------+


10. Instantiated Netlists
-------------------------

+----------+------+
| Ref Name | Used |
+----------+------+


