
*** Running vivado
    with args -log design_1_axi_register_slice_0_1.vds -m64 -product Vivado -mode batch -messageDb vivado.pb -notrace -source design_1_axi_register_slice_0_1.tcl


****** Vivado v2019.1 (64-bit)
  **** SW Build 2552052 on Fri May 24 14:47:09 MDT 2019
  **** IP Build 2548770 on Fri May 24 18:01:18 MDT 2019
    ** Copyright 1986-2019 Xilinx, Inc. All Rights Reserved.

source design_1_axi_register_slice_0_1.tcl -notrace
WARNING: [Common 17-1361] You have specified a new message control rule that is equivalent to an existing rule with attributes ' -id {[BD 41-1306]}  -suppress '. The existing rule will be replaced.
WARNING: [Common 17-1361] You have specified a new message control rule that is equivalent to an existing rule with attributes ' -id {[BD 41-1306]}  -suppress '. The existing rule will be replaced.
WARNING: [Common 17-1361] You have specified a new message control rule that is equivalent to an existing rule with attributes ' -id {[BD 41-1306]}  -suppress '. The existing rule will be replaced.
WARNING: [Common 17-1361] You have specified a new message control rule that is equivalent to an existing rule with attributes ' -id {[BD 41-1306]}  -suppress '. The existing rule will be replaced.
WARNING: [Common 17-1361] You have specified a new message control rule that is equivalent to an existing rule with attributes ' -id {[BD 41-1271]}  -suppress '. The existing rule will be replaced.
WARNING: [Common 17-1361] You have specified a new message control rule that is equivalent to an existing rule with attributes ' -id {[BD 41-1306]}  -suppress '. The existing rule will be replaced.
WARNING: [Common 17-1361] You have specified a new message control rule that is equivalent to an existing rule with attributes ' -id {[BD 41-1271]}  -suppress '. The existing rule will be replaced.
WARNING: [Common 17-1361] You have specified a new message control rule that is equivalent to an existing rule with attributes ' -id {[BD 41-1271]}  -suppress '. The existing rule will be replaced.
WARNING: [Common 17-1361] You have specified a new message control rule that is equivalent to an existing rule with attributes ' -id {[BD 41-1306]}  -suppress '. The existing rule will be replaced.
WARNING: [Common 17-1361] You have specified a new message control rule that is equivalent to an existing rule with attributes ' -id {[BD 41-1306]}  -suppress '. The existing rule will be replaced.
WARNING: [Common 17-1361] You have specified a new message control rule that is equivalent to an existing rule with attributes ' -id {[BD 41-1271]}  -suppress '. The existing rule will be replaced.
WARNING: [Common 17-1361] You have specified a new message control rule that is equivalent to an existing rule with attributes ' -id {[BD 41-1271]}  -suppress '. The existing rule will be replaced.
WARNING: [Common 17-1361] You have specified a new message control rule that is equivalent to an existing rule with attributes ' -id {[BD 41-1271]}  -suppress '. The existing rule will be replaced.
WARNING: [Common 17-1361] You have specified a new message control rule that is equivalent to an existing rule with attributes ' -id {[BD 41-1306]}  -suppress '. The existing rule will be replaced.
WARNING: [Common 17-1361] You have specified a new message control rule that is equivalent to an existing rule with attributes ' -id {[BD 41-1271]}  -suppress '. The existing rule will be replaced.
WARNING: [Common 17-1361] You have specified a new message control rule that is equivalent to an existing rule with attributes ' -id {[BD 41-1271]}  -suppress '. The existing rule will be replaced.
WARNING: [Common 17-1361] You have specified a new message control rule that is equivalent to an existing rule with attributes ' -id {[BD 41-1306]}  -suppress '. The existing rule will be replaced.
INFO: [IP_Flow 19-234] Refreshing IP repositories
INFO: [IP_Flow 19-1700] Loaded user IP repository '/home/rafael/Documents/MIMORPH/MIMORPH/MIMO_mm-wave_2x2+sub6Ghz_4x4/HW/srcs/ip/ip_repo'.
INFO: [IP_Flow 19-1700] Loaded user IP repository '/home/rafael/Documents/MIMORPH/MIMORPH/ip_repo'.
INFO: [IP_Flow 19-2313] Loaded Vivado IP repository '/opt/Xilinx/Vivado/2019.1/data/ip'.
Command: synth_design -top design_1_axi_register_slice_0_1 -part xczu28dr-ffvg1517-2-e -mode out_of_context
Starting synth_design
Attempting to get a license for feature 'Synthesis' and/or device 'xczu28dr'
INFO: [Common 17-349] Got license for feature 'Synthesis' and/or device 'xczu28dr'
INFO: [Common 17-1540] The version limit for your license is '2020.01' and has expired for new software. A version limit expiration means that, although you may be able to continue to use the current version of tools or IP with this license, you will not be eligible for any updates or new releases.
INFO: [Device 21-403] Loading part xczu28dr-ffvg1517-2-e
INFO: Launching helper process for spawning children vivado processes
INFO: Helper process launched with PID 9729 
load diablo GTM unisim library
---------------------------------------------------------------------------------
Starting RTL Elaboration : Time (s): cpu = 00:00:03 ; elapsed = 00:00:05 . Memory (MB): peak = 2370.500 ; gain = 142.684 ; free physical = 9948 ; free virtual = 62085
---------------------------------------------------------------------------------
INFO: [Synth 8-6157] synthesizing module 'design_1_axi_register_slice_0_1' [/home/rafael/Documents/MIMORPH/MIMORPH/MIMO_mm-wave_2x2+sub6Ghz_4x4/HW/Basic_1x1.srcs/sources_1/bd/design_1/ip/design_1_axi_register_slice_0_1/synth/design_1_axi_register_slice_0_1.v:58]
INFO: [Synth 8-6157] synthesizing module 'axi_register_slice_v2_1_19_axi_register_slice' [/home/rafael/Documents/MIMORPH/MIMORPH/MIMO_mm-wave_2x2+sub6Ghz_4x4/HW/Basic_1x1.srcs/sources_1/bd/design_1/ipshared/4d88/hdl/axi_register_slice_v2_1_vl_rfs.v:2716]
	Parameter C_FAMILY bound to: zynquplus - type: string 
	Parameter C_AXI_PROTOCOL bound to: 0 - type: integer 
	Parameter C_AXI_ID_WIDTH bound to: 3 - type: integer 
	Parameter C_AXI_ADDR_WIDTH bound to: 64 - type: integer 
	Parameter C_AXI_DATA_WIDTH bound to: 512 - type: integer 
	Parameter C_AXI_SUPPORTS_USER_SIGNALS bound to: 0 - type: integer 
	Parameter C_AXI_AWUSER_WIDTH bound to: 1 - type: integer 
	Parameter C_AXI_ARUSER_WIDTH bound to: 1 - type: integer 
	Parameter C_AXI_WUSER_WIDTH bound to: 1 - type: integer 
	Parameter C_AXI_RUSER_WIDTH bound to: 1 - type: integer 
	Parameter C_AXI_BUSER_WIDTH bound to: 1 - type: integer 
	Parameter C_REG_CONFIG_AW bound to: 7 - type: integer 
	Parameter C_REG_CONFIG_W bound to: 1 - type: integer 
	Parameter C_REG_CONFIG_B bound to: 7 - type: integer 
	Parameter C_REG_CONFIG_AR bound to: 7 - type: integer 
	Parameter C_REG_CONFIG_R bound to: 1 - type: integer 
	Parameter C_NUM_SLR_CROSSINGS bound to: 0 - type: integer 
	Parameter C_PIPELINES_MASTER_AW bound to: 0 - type: integer 
	Parameter C_PIPELINES_MASTER_W bound to: 0 - type: integer 
	Parameter C_PIPELINES_MASTER_B bound to: 0 - type: integer 
	Parameter C_PIPELINES_MASTER_AR bound to: 0 - type: integer 
	Parameter C_PIPELINES_MASTER_R bound to: 0 - type: integer 
	Parameter C_PIPELINES_SLAVE_AW bound to: 0 - type: integer 
	Parameter C_PIPELINES_SLAVE_W bound to: 0 - type: integer 
	Parameter C_PIPELINES_SLAVE_B bound to: 0 - type: integer 
	Parameter C_PIPELINES_SLAVE_AR bound to: 0 - type: integer 
	Parameter C_PIPELINES_SLAVE_R bound to: 0 - type: integer 
	Parameter C_PIPELINES_MIDDLE_AW bound to: 0 - type: integer 
	Parameter C_PIPELINES_MIDDLE_W bound to: 0 - type: integer 
	Parameter C_PIPELINES_MIDDLE_B bound to: 0 - type: integer 
	Parameter C_PIPELINES_MIDDLE_AR bound to: 0 - type: integer 
	Parameter C_PIPELINES_MIDDLE_R bound to: 0 - type: integer 
	Parameter C_AXI_SUPPORTS_REGION_SIGNALS bound to: 1 - type: integer 
	Parameter P_FORWARD bound to: 0 - type: integer 
	Parameter P_RESPONSE bound to: 1 - type: integer 
	Parameter G_AXI_AWADDR_INDEX bound to: 0 - type: integer 
	Parameter G_AXI_AWADDR_WIDTH bound to: 64 - type: integer 
	Parameter G_AXI_AWPROT_INDEX bound to: 64 - type: integer 
	Parameter G_AXI_AWPROT_WIDTH bound to: 3 - type: integer 
	Parameter G_AXI_AWSIZE_INDEX bound to: 67 - type: integer 
	Parameter G_AXI_AWSIZE_WIDTH bound to: 3 - type: integer 
	Parameter G_AXI_AWBURST_INDEX bound to: 70 - type: integer 
	Parameter G_AXI_AWBURST_WIDTH bound to: 2 - type: integer 
	Parameter G_AXI_AWCACHE_INDEX bound to: 72 - type: integer 
	Parameter G_AXI_AWCACHE_WIDTH bound to: 4 - type: integer 
	Parameter G_AXI_AWLEN_INDEX bound to: 76 - type: integer 
	Parameter G_AXI_AWLEN_WIDTH bound to: 8 - type: integer 
	Parameter G_AXI_AWLOCK_INDEX bound to: 84 - type: integer 
	Parameter G_AXI_AWLOCK_WIDTH bound to: 1 - type: integer 
	Parameter G_AXI_AWID_INDEX bound to: 85 - type: integer 
	Parameter G_AXI_AWID_WIDTH bound to: 3 - type: integer 
	Parameter G_AXI_AWQOS_INDEX bound to: 88 - type: integer 
	Parameter G_AXI_AWQOS_WIDTH bound to: 4 - type: integer 
	Parameter G_AXI_AWREGION_INDEX bound to: 92 - type: integer 
	Parameter G_AXI_AWREGION_WIDTH bound to: 4 - type: integer 
	Parameter G_AXI_AWUSER_INDEX bound to: 96 - type: integer 
	Parameter G_AXI_AWUSER_WIDTH bound to: 0 - type: integer 
	Parameter G_AXI_AWPAYLOAD_WIDTH bound to: 96 - type: integer 
	Parameter G_AXI_ARADDR_INDEX bound to: 0 - type: integer 
	Parameter G_AXI_ARADDR_WIDTH bound to: 64 - type: integer 
	Parameter G_AXI_ARPROT_INDEX bound to: 64 - type: integer 
	Parameter G_AXI_ARPROT_WIDTH bound to: 3 - type: integer 
	Parameter G_AXI_ARSIZE_INDEX bound to: 67 - type: integer 
	Parameter G_AXI_ARSIZE_WIDTH bound to: 3 - type: integer 
	Parameter G_AXI_ARBURST_INDEX bound to: 70 - type: integer 
	Parameter G_AXI_ARBURST_WIDTH bound to: 2 - type: integer 
	Parameter G_AXI_ARCACHE_INDEX bound to: 72 - type: integer 
	Parameter G_AXI_ARCACHE_WIDTH bound to: 4 - type: integer 
	Parameter G_AXI_ARLEN_INDEX bound to: 76 - type: integer 
	Parameter G_AXI_ARLEN_WIDTH bound to: 8 - type: integer 
	Parameter G_AXI_ARLOCK_INDEX bound to: 84 - type: integer 
	Parameter G_AXI_ARLOCK_WIDTH bound to: 1 - type: integer 
	Parameter G_AXI_ARID_INDEX bound to: 85 - type: integer 
	Parameter G_AXI_ARID_WIDTH bound to: 3 - type: integer 
	Parameter G_AXI_ARQOS_INDEX bound to: 88 - type: integer 
	Parameter G_AXI_ARQOS_WIDTH bound to: 4 - type: integer 
	Parameter G_AXI_ARREGION_INDEX bound to: 92 - type: integer 
	Parameter G_AXI_ARREGION_WIDTH bound to: 4 - type: integer 
	Parameter G_AXI_ARUSER_INDEX bound to: 96 - type: integer 
	Parameter G_AXI_ARUSER_WIDTH bound to: 0 - type: integer 
	Parameter G_AXI_ARPAYLOAD_WIDTH bound to: 96 - type: integer 
	Parameter G_AXI_WDATA_INDEX bound to: 0 - type: integer 
	Parameter G_AXI_WDATA_WIDTH bound to: 512 - type: integer 
	Parameter G_AXI_WSTRB_INDEX bound to: 512 - type: integer 
	Parameter G_AXI_WSTRB_WIDTH bound to: 64 - type: integer 
	Parameter G_AXI_WLAST_INDEX bound to: 576 - type: integer 
	Parameter G_AXI_WLAST_WIDTH bound to: 1 - type: integer 
	Parameter G_AXI_WID_INDEX bound to: 577 - type: integer 
	Parameter G_AXI_WID_WIDTH bound to: 0 - type: integer 
	Parameter G_AXI_WUSER_INDEX bound to: 577 - type: integer 
	Parameter G_AXI_WUSER_WIDTH bound to: 0 - type: integer 
	Parameter G_AXI_WPAYLOAD_WIDTH bound to: 577 - type: integer 
	Parameter G_AXI_BRESP_INDEX bound to: 0 - type: integer 
	Parameter G_AXI_BRESP_WIDTH bound to: 2 - type: integer 
	Parameter G_AXI_BID_INDEX bound to: 2 - type: integer 
	Parameter G_AXI_BID_WIDTH bound to: 3 - type: integer 
	Parameter G_AXI_BUSER_INDEX bound to: 5 - type: integer 
	Parameter G_AXI_BUSER_WIDTH bound to: 0 - type: integer 
	Parameter G_AXI_BPAYLOAD_WIDTH bound to: 5 - type: integer 
	Parameter G_AXI_RDATA_INDEX bound to: 0 - type: integer 
	Parameter G_AXI_RDATA_WIDTH bound to: 512 - type: integer 
	Parameter G_AXI_RRESP_INDEX bound to: 512 - type: integer 
	Parameter G_AXI_RRESP_WIDTH bound to: 2 - type: integer 
	Parameter G_AXI_RLAST_INDEX bound to: 514 - type: integer 
	Parameter G_AXI_RLAST_WIDTH bound to: 1 - type: integer 
	Parameter G_AXI_RID_INDEX bound to: 515 - type: integer 
	Parameter G_AXI_RID_WIDTH bound to: 3 - type: integer 
	Parameter G_AXI_RUSER_INDEX bound to: 518 - type: integer 
	Parameter G_AXI_RUSER_WIDTH bound to: 0 - type: integer 
	Parameter G_AXI_RPAYLOAD_WIDTH bound to: 518 - type: integer 
INFO: [Synth 8-6157] synthesizing module 'axi_register_slice_v2_1_19_axic_register_slice' [/home/rafael/Documents/MIMORPH/MIMORPH/MIMO_mm-wave_2x2+sub6Ghz_4x4/HW/Basic_1x1.srcs/sources_1/bd/design_1/ipshared/4d88/hdl/axi_register_slice_v2_1_vl_rfs.v:488]
	Parameter C_FAMILY bound to: zynquplus - type: string 
	Parameter C_DATA_WIDTH bound to: 96 - type: integer 
	Parameter C_REG_CONFIG bound to: 7 - type: integer 
INFO: [Synth 8-6155] done synthesizing module 'axi_register_slice_v2_1_19_axic_register_slice' (1#1) [/home/rafael/Documents/MIMORPH/MIMORPH/MIMO_mm-wave_2x2+sub6Ghz_4x4/HW/Basic_1x1.srcs/sources_1/bd/design_1/ipshared/4d88/hdl/axi_register_slice_v2_1_vl_rfs.v:488]
INFO: [Synth 8-6157] synthesizing module 'axi_register_slice_v2_1_19_axic_register_slice__parameterized0' [/home/rafael/Documents/MIMORPH/MIMORPH/MIMO_mm-wave_2x2+sub6Ghz_4x4/HW/Basic_1x1.srcs/sources_1/bd/design_1/ipshared/4d88/hdl/axi_register_slice_v2_1_vl_rfs.v:488]
	Parameter C_FAMILY bound to: zynquplus - type: string 
	Parameter C_DATA_WIDTH bound to: 577 - type: integer 
	Parameter C_REG_CONFIG bound to: 1 - type: integer 
INFO: [Synth 8-6155] done synthesizing module 'axi_register_slice_v2_1_19_axic_register_slice__parameterized0' (1#1) [/home/rafael/Documents/MIMORPH/MIMORPH/MIMO_mm-wave_2x2+sub6Ghz_4x4/HW/Basic_1x1.srcs/sources_1/bd/design_1/ipshared/4d88/hdl/axi_register_slice_v2_1_vl_rfs.v:488]
INFO: [Synth 8-6157] synthesizing module 'axi_register_slice_v2_1_19_axic_register_slice__parameterized1' [/home/rafael/Documents/MIMORPH/MIMORPH/MIMO_mm-wave_2x2+sub6Ghz_4x4/HW/Basic_1x1.srcs/sources_1/bd/design_1/ipshared/4d88/hdl/axi_register_slice_v2_1_vl_rfs.v:488]
	Parameter C_FAMILY bound to: zynquplus - type: string 
	Parameter C_DATA_WIDTH bound to: 5 - type: integer 
	Parameter C_REG_CONFIG bound to: 7 - type: integer 
INFO: [Synth 8-6155] done synthesizing module 'axi_register_slice_v2_1_19_axic_register_slice__parameterized1' (1#1) [/home/rafael/Documents/MIMORPH/MIMORPH/MIMO_mm-wave_2x2+sub6Ghz_4x4/HW/Basic_1x1.srcs/sources_1/bd/design_1/ipshared/4d88/hdl/axi_register_slice_v2_1_vl_rfs.v:488]
INFO: [Synth 8-6157] synthesizing module 'axi_register_slice_v2_1_19_axic_register_slice__parameterized2' [/home/rafael/Documents/MIMORPH/MIMORPH/MIMO_mm-wave_2x2+sub6Ghz_4x4/HW/Basic_1x1.srcs/sources_1/bd/design_1/ipshared/4d88/hdl/axi_register_slice_v2_1_vl_rfs.v:488]
	Parameter C_FAMILY bound to: zynquplus - type: string 
	Parameter C_DATA_WIDTH bound to: 518 - type: integer 
	Parameter C_REG_CONFIG bound to: 1 - type: integer 
INFO: [Synth 8-6155] done synthesizing module 'axi_register_slice_v2_1_19_axic_register_slice__parameterized2' (1#1) [/home/rafael/Documents/MIMORPH/MIMORPH/MIMO_mm-wave_2x2+sub6Ghz_4x4/HW/Basic_1x1.srcs/sources_1/bd/design_1/ipshared/4d88/hdl/axi_register_slice_v2_1_vl_rfs.v:488]
INFO: [Synth 8-6157] synthesizing module 'axi_infrastructure_v1_1_0_axi2vector' [/home/rafael/Documents/MIMORPH/MIMORPH/MIMO_mm-wave_2x2+sub6Ghz_4x4/HW/Basic_1x1.srcs/sources_1/bd/design_1/ipshared/ec67/hdl/axi_infrastructure_v1_1_vl_rfs.v:60]
	Parameter C_AXI_PROTOCOL bound to: 0 - type: integer 
	Parameter C_AXI_ID_WIDTH bound to: 3 - type: integer 
	Parameter C_AXI_ADDR_WIDTH bound to: 64 - type: integer 
	Parameter C_AXI_DATA_WIDTH bound to: 512 - type: integer 
	Parameter C_AXI_SUPPORTS_USER_SIGNALS bound to: 0 - type: integer 
	Parameter C_AXI_SUPPORTS_REGION_SIGNALS bound to: 1 - type: integer 
	Parameter C_AXI_AWUSER_WIDTH bound to: 1 - type: integer 
	Parameter C_AXI_WUSER_WIDTH bound to: 1 - type: integer 
	Parameter C_AXI_BUSER_WIDTH bound to: 1 - type: integer 
	Parameter C_AXI_ARUSER_WIDTH bound to: 1 - type: integer 
	Parameter C_AXI_RUSER_WIDTH bound to: 1 - type: integer 
	Parameter C_AWPAYLOAD_WIDTH bound to: 96 - type: integer 
	Parameter C_WPAYLOAD_WIDTH bound to: 577 - type: integer 
	Parameter C_BPAYLOAD_WIDTH bound to: 5 - type: integer 
	Parameter C_ARPAYLOAD_WIDTH bound to: 96 - type: integer 
	Parameter C_RPAYLOAD_WIDTH bound to: 518 - type: integer 
	Parameter G_AXI_AWADDR_INDEX bound to: 0 - type: integer 
	Parameter G_AXI_AWADDR_WIDTH bound to: 64 - type: integer 
	Parameter G_AXI_AWPROT_INDEX bound to: 64 - type: integer 
	Parameter G_AXI_AWPROT_WIDTH bound to: 3 - type: integer 
	Parameter G_AXI_AWSIZE_INDEX bound to: 67 - type: integer 
	Parameter G_AXI_AWSIZE_WIDTH bound to: 3 - type: integer 
	Parameter G_AXI_AWBURST_INDEX bound to: 70 - type: integer 
	Parameter G_AXI_AWBURST_WIDTH bound to: 2 - type: integer 
	Parameter G_AXI_AWCACHE_INDEX bound to: 72 - type: integer 
	Parameter G_AXI_AWCACHE_WIDTH bound to: 4 - type: integer 
	Parameter G_AXI_AWLEN_INDEX bound to: 76 - type: integer 
	Parameter G_AXI_AWLEN_WIDTH bound to: 8 - type: integer 
	Parameter G_AXI_AWLOCK_INDEX bound to: 84 - type: integer 
	Parameter G_AXI_AWLOCK_WIDTH bound to: 1 - type: integer 
	Parameter G_AXI_AWID_INDEX bound to: 85 - type: integer 
	Parameter G_AXI_AWID_WIDTH bound to: 3 - type: integer 
	Parameter G_AXI_AWQOS_INDEX bound to: 88 - type: integer 
	Parameter G_AXI_AWQOS_WIDTH bound to: 4 - type: integer 
	Parameter G_AXI_AWREGION_INDEX bound to: 92 - type: integer 
	Parameter G_AXI_AWREGION_WIDTH bound to: 4 - type: integer 
	Parameter G_AXI_AWUSER_INDEX bound to: 96 - type: integer 
	Parameter G_AXI_AWUSER_WIDTH bound to: 0 - type: integer 
	Parameter G_AXI_AWPAYLOAD_WIDTH bound to: 96 - type: integer 
	Parameter G_AXI_ARADDR_INDEX bound to: 0 - type: integer 
	Parameter G_AXI_ARADDR_WIDTH bound to: 64 - type: integer 
	Parameter G_AXI_ARPROT_INDEX bound to: 64 - type: integer 
	Parameter G_AXI_ARPROT_WIDTH bound to: 3 - type: integer 
	Parameter G_AXI_ARSIZE_INDEX bound to: 67 - type: integer 
	Parameter G_AXI_ARSIZE_WIDTH bound to: 3 - type: integer 
	Parameter G_AXI_ARBURST_INDEX bound to: 70 - type: integer 
	Parameter G_AXI_ARBURST_WIDTH bound to: 2 - type: integer 
	Parameter G_AXI_ARCACHE_INDEX bound to: 72 - type: integer 
	Parameter G_AXI_ARCACHE_WIDTH bound to: 4 - type: integer 
	Parameter G_AXI_ARLEN_INDEX bound to: 76 - type: integer 
	Parameter G_AXI_ARLEN_WIDTH bound to: 8 - type: integer 
	Parameter G_AXI_ARLOCK_INDEX bound to: 84 - type: integer 
	Parameter G_AXI_ARLOCK_WIDTH bound to: 1 - type: integer 
	Parameter G_AXI_ARID_INDEX bound to: 85 - type: integer 
	Parameter G_AXI_ARID_WIDTH bound to: 3 - type: integer 
	Parameter G_AXI_ARQOS_INDEX bound to: 88 - type: integer 
	Parameter G_AXI_ARQOS_WIDTH bound to: 4 - type: integer 
	Parameter G_AXI_ARREGION_INDEX bound to: 92 - type: integer 
	Parameter G_AXI_ARREGION_WIDTH bound to: 4 - type: integer 
	Parameter G_AXI_ARUSER_INDEX bound to: 96 - type: integer 
	Parameter G_AXI_ARUSER_WIDTH bound to: 0 - type: integer 
	Parameter G_AXI_ARPAYLOAD_WIDTH bound to: 96 - type: integer 
	Parameter G_AXI_WDATA_INDEX bound to: 0 - type: integer 
	Parameter G_AXI_WDATA_WIDTH bound to: 512 - type: integer 
	Parameter G_AXI_WSTRB_INDEX bound to: 512 - type: integer 
	Parameter G_AXI_WSTRB_WIDTH bound to: 64 - type: integer 
	Parameter G_AXI_WLAST_INDEX bound to: 576 - type: integer 
	Parameter G_AXI_WLAST_WIDTH bound to: 1 - type: integer 
	Parameter G_AXI_WID_INDEX bound to: 577 - type: integer 
	Parameter G_AXI_WID_WIDTH bound to: 0 - type: integer 
	Parameter G_AXI_WUSER_INDEX bound to: 577 - type: integer 
	Parameter G_AXI_WUSER_WIDTH bound to: 0 - type: integer 
	Parameter G_AXI_WPAYLOAD_WIDTH bound to: 577 - type: integer 
	Parameter G_AXI_BRESP_INDEX bound to: 0 - type: integer 
	Parameter G_AXI_BRESP_WIDTH bound to: 2 - type: integer 
	Parameter G_AXI_BID_INDEX bound to: 2 - type: integer 
	Parameter G_AXI_BID_WIDTH bound to: 3 - type: integer 
	Parameter G_AXI_BUSER_INDEX bound to: 5 - type: integer 
	Parameter G_AXI_BUSER_WIDTH bound to: 0 - type: integer 
	Parameter G_AXI_BPAYLOAD_WIDTH bound to: 5 - type: integer 
	Parameter G_AXI_RDATA_INDEX bound to: 0 - type: integer 
	Parameter G_AXI_RDATA_WIDTH bound to: 512 - type: integer 
	Parameter G_AXI_RRESP_INDEX bound to: 512 - type: integer 
	Parameter G_AXI_RRESP_WIDTH bound to: 2 - type: integer 
	Parameter G_AXI_RLAST_INDEX bound to: 514 - type: integer 
	Parameter G_AXI_RLAST_WIDTH bound to: 1 - type: integer 
	Parameter G_AXI_RID_INDEX bound to: 515 - type: integer 
	Parameter G_AXI_RID_WIDTH bound to: 3 - type: integer 
	Parameter G_AXI_RUSER_INDEX bound to: 518 - type: integer 
	Parameter G_AXI_RUSER_WIDTH bound to: 0 - type: integer 
	Parameter G_AXI_RPAYLOAD_WIDTH bound to: 518 - type: integer 
INFO: [Synth 8-6155] done synthesizing module 'axi_infrastructure_v1_1_0_axi2vector' (2#1) [/home/rafael/Documents/MIMORPH/MIMORPH/MIMO_mm-wave_2x2+sub6Ghz_4x4/HW/Basic_1x1.srcs/sources_1/bd/design_1/ipshared/ec67/hdl/axi_infrastructure_v1_1_vl_rfs.v:60]
INFO: [Synth 8-6157] synthesizing module 'axi_infrastructure_v1_1_0_vector2axi' [/home/rafael/Documents/MIMORPH/MIMORPH/MIMO_mm-wave_2x2+sub6Ghz_4x4/HW/Basic_1x1.srcs/sources_1/bd/design_1/ipshared/ec67/hdl/axi_infrastructure_v1_1_vl_rfs.v:474]
	Parameter C_AXI_PROTOCOL bound to: 0 - type: integer 
	Parameter C_AXI_ID_WIDTH bound to: 3 - type: integer 
	Parameter C_AXI_ADDR_WIDTH bound to: 64 - type: integer 
	Parameter C_AXI_DATA_WIDTH bound to: 512 - type: integer 
	Parameter C_AXI_SUPPORTS_USER_SIGNALS bound to: 0 - type: integer 
	Parameter C_AXI_SUPPORTS_REGION_SIGNALS bound to: 1 - type: integer 
	Parameter C_AXI_AWUSER_WIDTH bound to: 1 - type: integer 
	Parameter C_AXI_WUSER_WIDTH bound to: 1 - type: integer 
	Parameter C_AXI_BUSER_WIDTH bound to: 1 - type: integer 
	Parameter C_AXI_ARUSER_WIDTH bound to: 1 - type: integer 
	Parameter C_AXI_RUSER_WIDTH bound to: 1 - type: integer 
	Parameter C_AWPAYLOAD_WIDTH bound to: 96 - type: integer 
	Parameter C_WPAYLOAD_WIDTH bound to: 577 - type: integer 
	Parameter C_BPAYLOAD_WIDTH bound to: 5 - type: integer 
	Parameter C_ARPAYLOAD_WIDTH bound to: 96 - type: integer 
	Parameter C_RPAYLOAD_WIDTH bound to: 518 - type: integer 
	Parameter G_AXI_AWADDR_INDEX bound to: 0 - type: integer 
	Parameter G_AXI_AWADDR_WIDTH bound to: 64 - type: integer 
	Parameter G_AXI_AWPROT_INDEX bound to: 64 - type: integer 
	Parameter G_AXI_AWPROT_WIDTH bound to: 3 - type: integer 
	Parameter G_AXI_AWSIZE_INDEX bound to: 67 - type: integer 
	Parameter G_AXI_AWSIZE_WIDTH bound to: 3 - type: integer 
	Parameter G_AXI_AWBURST_INDEX bound to: 70 - type: integer 
	Parameter G_AXI_AWBURST_WIDTH bound to: 2 - type: integer 
	Parameter G_AXI_AWCACHE_INDEX bound to: 72 - type: integer 
	Parameter G_AXI_AWCACHE_WIDTH bound to: 4 - type: integer 
	Parameter G_AXI_AWLEN_INDEX bound to: 76 - type: integer 
	Parameter G_AXI_AWLEN_WIDTH bound to: 8 - type: integer 
	Parameter G_AXI_AWLOCK_INDEX bound to: 84 - type: integer 
	Parameter G_AXI_AWLOCK_WIDTH bound to: 1 - type: integer 
	Parameter G_AXI_AWID_INDEX bound to: 85 - type: integer 
	Parameter G_AXI_AWID_WIDTH bound to: 3 - type: integer 
	Parameter G_AXI_AWQOS_INDEX bound to: 88 - type: integer 
	Parameter G_AXI_AWQOS_WIDTH bound to: 4 - type: integer 
	Parameter G_AXI_AWREGION_INDEX bound to: 92 - type: integer 
	Parameter G_AXI_AWREGION_WIDTH bound to: 4 - type: integer 
	Parameter G_AXI_AWUSER_INDEX bound to: 96 - type: integer 
	Parameter G_AXI_AWUSER_WIDTH bound to: 0 - type: integer 
	Parameter G_AXI_AWPAYLOAD_WIDTH bound to: 96 - type: integer 
	Parameter G_AXI_ARADDR_INDEX bound to: 0 - type: integer 
	Parameter G_AXI_ARADDR_WIDTH bound to: 64 - type: integer 
	Parameter G_AXI_ARPROT_INDEX bound to: 64 - type: integer 
	Parameter G_AXI_ARPROT_WIDTH bound to: 3 - type: integer 
	Parameter G_AXI_ARSIZE_INDEX bound to: 67 - type: integer 
	Parameter G_AXI_ARSIZE_WIDTH bound to: 3 - type: integer 
	Parameter G_AXI_ARBURST_INDEX bound to: 70 - type: integer 
	Parameter G_AXI_ARBURST_WIDTH bound to: 2 - type: integer 
	Parameter G_AXI_ARCACHE_INDEX bound to: 72 - type: integer 
	Parameter G_AXI_ARCACHE_WIDTH bound to: 4 - type: integer 
	Parameter G_AXI_ARLEN_INDEX bound to: 76 - type: integer 
	Parameter G_AXI_ARLEN_WIDTH bound to: 8 - type: integer 
	Parameter G_AXI_ARLOCK_INDEX bound to: 84 - type: integer 
	Parameter G_AXI_ARLOCK_WIDTH bound to: 1 - type: integer 
	Parameter G_AXI_ARID_INDEX bound to: 85 - type: integer 
	Parameter G_AXI_ARID_WIDTH bound to: 3 - type: integer 
	Parameter G_AXI_ARQOS_INDEX bound to: 88 - type: integer 
	Parameter G_AXI_ARQOS_WIDTH bound to: 4 - type: integer 
	Parameter G_AXI_ARREGION_INDEX bound to: 92 - type: integer 
	Parameter G_AXI_ARREGION_WIDTH bound to: 4 - type: integer 
	Parameter G_AXI_ARUSER_INDEX bound to: 96 - type: integer 
	Parameter G_AXI_ARUSER_WIDTH bound to: 0 - type: integer 
	Parameter G_AXI_ARPAYLOAD_WIDTH bound to: 96 - type: integer 
	Parameter G_AXI_WDATA_INDEX bound to: 0 - type: integer 
	Parameter G_AXI_WDATA_WIDTH bound to: 512 - type: integer 
	Parameter G_AXI_WSTRB_INDEX bound to: 512 - type: integer 
	Parameter G_AXI_WSTRB_WIDTH bound to: 64 - type: integer 
	Parameter G_AXI_WLAST_INDEX bound to: 576 - type: integer 
	Parameter G_AXI_WLAST_WIDTH bound to: 1 - type: integer 
	Parameter G_AXI_WID_INDEX bound to: 577 - type: integer 
	Parameter G_AXI_WID_WIDTH bound to: 0 - type: integer 
	Parameter G_AXI_WUSER_INDEX bound to: 577 - type: integer 
	Parameter G_AXI_WUSER_WIDTH bound to: 0 - type: integer 
	Parameter G_AXI_WPAYLOAD_WIDTH bound to: 577 - type: integer 
	Parameter G_AXI_BRESP_INDEX bound to: 0 - type: integer 
	Parameter G_AXI_BRESP_WIDTH bound to: 2 - type: integer 
	Parameter G_AXI_BID_INDEX bound to: 2 - type: integer 
	Parameter G_AXI_BID_WIDTH bound to: 3 - type: integer 
	Parameter G_AXI_BUSER_INDEX bound to: 5 - type: integer 
	Parameter G_AXI_BUSER_WIDTH bound to: 0 - type: integer 
	Parameter G_AXI_BPAYLOAD_WIDTH bound to: 5 - type: integer 
	Parameter G_AXI_RDATA_INDEX bound to: 0 - type: integer 
	Parameter G_AXI_RDATA_WIDTH bound to: 512 - type: integer 
	Parameter G_AXI_RRESP_INDEX bound to: 512 - type: integer 
	Parameter G_AXI_RRESP_WIDTH bound to: 2 - type: integer 
	Parameter G_AXI_RLAST_INDEX bound to: 514 - type: integer 
	Parameter G_AXI_RLAST_WIDTH bound to: 1 - type: integer 
	Parameter G_AXI_RID_INDEX bound to: 515 - type: integer 
	Parameter G_AXI_RID_WIDTH bound to: 3 - type: integer 
	Parameter G_AXI_RUSER_INDEX bound to: 518 - type: integer 
	Parameter G_AXI_RUSER_WIDTH bound to: 0 - type: integer 
	Parameter G_AXI_RPAYLOAD_WIDTH bound to: 518 - type: integer 
INFO: [Synth 8-6155] done synthesizing module 'axi_infrastructure_v1_1_0_vector2axi' (3#1) [/home/rafael/Documents/MIMORPH/MIMORPH/MIMO_mm-wave_2x2+sub6Ghz_4x4/HW/Basic_1x1.srcs/sources_1/bd/design_1/ipshared/ec67/hdl/axi_infrastructure_v1_1_vl_rfs.v:474]
INFO: [Synth 8-6155] done synthesizing module 'axi_register_slice_v2_1_19_axi_register_slice' (4#1) [/home/rafael/Documents/MIMORPH/MIMORPH/MIMO_mm-wave_2x2+sub6Ghz_4x4/HW/Basic_1x1.srcs/sources_1/bd/design_1/ipshared/4d88/hdl/axi_register_slice_v2_1_vl_rfs.v:2716]
INFO: [Synth 8-6155] done synthesizing module 'design_1_axi_register_slice_0_1' (5#1) [/home/rafael/Documents/MIMORPH/MIMORPH/MIMO_mm-wave_2x2+sub6Ghz_4x4/HW/Basic_1x1.srcs/sources_1/bd/design_1/ip/design_1_axi_register_slice_0_1/synth/design_1_axi_register_slice_0_1.v:58]
WARNING: [Synth 8-3331] design axi_infrastructure_v1_1_0_vector2axi has unconnected port m_axi_buser[0]
WARNING: [Synth 8-3331] design axi_infrastructure_v1_1_0_vector2axi has unconnected port m_axi_ruser[0]
WARNING: [Synth 8-3331] design axi_infrastructure_v1_1_0_axi2vector has unconnected port s_axi_awuser[0]
WARNING: [Synth 8-3331] design axi_infrastructure_v1_1_0_axi2vector has unconnected port s_axi_wid[2]
WARNING: [Synth 8-3331] design axi_infrastructure_v1_1_0_axi2vector has unconnected port s_axi_wid[1]
WARNING: [Synth 8-3331] design axi_infrastructure_v1_1_0_axi2vector has unconnected port s_axi_wid[0]
WARNING: [Synth 8-3331] design axi_infrastructure_v1_1_0_axi2vector has unconnected port s_axi_wuser[0]
WARNING: [Synth 8-3331] design axi_infrastructure_v1_1_0_axi2vector has unconnected port s_axi_aruser[0]
WARNING: [Synth 8-3331] design axi_register_slice_v2_1_19_axi_register_slice has unconnected port aclk2x
---------------------------------------------------------------------------------
Finished RTL Elaboration : Time (s): cpu = 00:00:05 ; elapsed = 00:00:06 . Memory (MB): peak = 2429.219 ; gain = 201.402 ; free physical = 9705 ; free virtual = 61844
---------------------------------------------------------------------------------

Report Check Netlist: 
+------+------------------+-------+---------+-------+------------------+
|      |Item              |Errors |Warnings |Status |Description       |
+------+------------------+-------+---------+-------+------------------+
|1     |multi_driven_nets |      0|        0|Passed |Multi driven nets |
+------+------------------+-------+---------+-------+------------------+
---------------------------------------------------------------------------------
Start Handling Custom Attributes
---------------------------------------------------------------------------------
---------------------------------------------------------------------------------
Finished Handling Custom Attributes : Time (s): cpu = 00:00:05 ; elapsed = 00:00:07 . Memory (MB): peak = 2435.156 ; gain = 207.340 ; free physical = 9873 ; free virtual = 62013
---------------------------------------------------------------------------------
---------------------------------------------------------------------------------
Finished RTL Optimization Phase 1 : Time (s): cpu = 00:00:05 ; elapsed = 00:00:07 . Memory (MB): peak = 2435.156 ; gain = 207.340 ; free physical = 9874 ; free virtual = 62013
---------------------------------------------------------------------------------
INFO: [Project 1-570] Preparing netlist for logic optimization

Processing XDC Constraints
Initializing timing engine
Parsing XDC File [/home/rafael/Documents/MIMORPH/MIMORPH/MIMO_mm-wave_2x2+sub6Ghz_4x4/HW/Basic_1x1.srcs/sources_1/bd/design_1/ip/design_1_axi_register_slice_0_1/design_1_axi_register_slice_0_1_ooc.xdc] for cell 'inst'
Finished Parsing XDC File [/home/rafael/Documents/MIMORPH/MIMORPH/MIMO_mm-wave_2x2+sub6Ghz_4x4/HW/Basic_1x1.srcs/sources_1/bd/design_1/ip/design_1_axi_register_slice_0_1/design_1_axi_register_slice_0_1_ooc.xdc] for cell 'inst'
Parsing XDC File [/home/rafael/Documents/MIMORPH/MIMORPH/MIMO_mm-wave_2x2+sub6Ghz_4x4/HW/Basic_1x1.runs/design_1_axi_register_slice_0_1_synth_1/dont_touch.xdc]
Finished Parsing XDC File [/home/rafael/Documents/MIMORPH/MIMORPH/MIMO_mm-wave_2x2+sub6Ghz_4x4/HW/Basic_1x1.runs/design_1_axi_register_slice_0_1_synth_1/dont_touch.xdc]
Parsing XDC File [/home/rafael/Documents/MIMORPH/MIMORPH/MIMO_mm-wave_2x2+sub6Ghz_4x4/HW/Basic_1x1.srcs/sources_1/bd/design_1/ip/design_1_axi_register_slice_0_1/design_1_axi_register_slice_0_1_clocks.xdc] for cell 'inst'
Finished Parsing XDC File [/home/rafael/Documents/MIMORPH/MIMORPH/MIMO_mm-wave_2x2+sub6Ghz_4x4/HW/Basic_1x1.srcs/sources_1/bd/design_1/ip/design_1_axi_register_slice_0_1/design_1_axi_register_slice_0_1_clocks.xdc] for cell 'inst'
Completed Processing XDC Constraints

Netlist sorting complete. Time (s): cpu = 00:00:00 ; elapsed = 00:00:00 . Memory (MB): peak = 2626.625 ; gain = 0.000 ; free physical = 12552 ; free virtual = 64726
INFO: [Project 1-111] Unisim Transformation Summary:
No Unisim elements were transformed.

Constraint Validation Runtime : Time (s): cpu = 00:00:00.15 ; elapsed = 00:00:00.15 . Memory (MB): peak = 2626.625 ; gain = 0.000 ; free physical = 12585 ; free virtual = 64764
load diablo GTM unisim library
---------------------------------------------------------------------------------
Finished Constraint Validation : Time (s): cpu = 00:00:17 ; elapsed = 00:00:21 . Memory (MB): peak = 2626.625 ; gain = 398.809 ; free physical = 12595 ; free virtual = 64801
---------------------------------------------------------------------------------
---------------------------------------------------------------------------------
Start Loading Part and Timing Information
---------------------------------------------------------------------------------
Loading part: xczu28dr-ffvg1517-2-e
INFO: [Synth 8-6742] Reading net delay rules and data
---------------------------------------------------------------------------------
Finished Loading Part and Timing Information : Time (s): cpu = 00:00:17 ; elapsed = 00:00:21 . Memory (MB): peak = 2626.625 ; gain = 398.809 ; free physical = 12595 ; free virtual = 64801
---------------------------------------------------------------------------------
---------------------------------------------------------------------------------
Start Applying 'set_property' XDC Constraints
---------------------------------------------------------------------------------
Applied set_property DONT_TOUCH = true for inst. (constraint file  /home/rafael/Documents/MIMORPH/MIMORPH/MIMO_mm-wave_2x2+sub6Ghz_4x4/HW/Basic_1x1.runs/design_1_axi_register_slice_0_1_synth_1/dont_touch.xdc, line 9).
---------------------------------------------------------------------------------
Finished applying 'set_property' XDC Constraints : Time (s): cpu = 00:00:17 ; elapsed = 00:00:21 . Memory (MB): peak = 2626.625 ; gain = 398.809 ; free physical = 12589 ; free virtual = 64795
---------------------------------------------------------------------------------
---------------------------------------------------------------------------------
Finished RTL Optimization Phase 2 : Time (s): cpu = 00:00:17 ; elapsed = 00:00:21 . Memory (MB): peak = 2626.625 ; gain = 398.809 ; free physical = 12512 ; free virtual = 64720
---------------------------------------------------------------------------------

Report RTL Partitions: 
+-+--------------+------------+----------+
| |RTL Partition |Replication |Instances |
+-+--------------+------------+----------+
+-+--------------+------------+----------+
---------------------------------------------------------------------------------
Start RTL Component Statistics 
---------------------------------------------------------------------------------
Detailed RTL Component Info : 
+---Registers : 
	              577 Bit    Registers := 2     
	              518 Bit    Registers := 2     
	               96 Bit    Registers := 2     
	                5 Bit    Registers := 1     
	                2 Bit    Registers := 5     
	                1 Bit    Registers := 10    
+---Muxes : 
	   2 Input    577 Bit        Muxes := 2     
	   2 Input    518 Bit        Muxes := 2     
	   2 Input      1 Bit        Muxes := 6     
---------------------------------------------------------------------------------
Finished RTL Component Statistics 
---------------------------------------------------------------------------------
---------------------------------------------------------------------------------
Start RTL Hierarchical Component Statistics 
---------------------------------------------------------------------------------
Hierarchical RTL Component report 
Module axi_register_slice_v2_1_19_axic_register_slice 
Detailed RTL Component Info : 
+---Registers : 
	               96 Bit    Registers := 1     
	                2 Bit    Registers := 1     
	                1 Bit    Registers := 2     
+---Muxes : 
	   2 Input      1 Bit        Muxes := 2     
Module axi_register_slice_v2_1_19_axic_register_slice__parameterized0 
Detailed RTL Component Info : 
+---Registers : 
	              577 Bit    Registers := 2     
	                2 Bit    Registers := 1     
	                1 Bit    Registers := 2     
+---Muxes : 
	   2 Input    577 Bit        Muxes := 2     
Module axi_register_slice_v2_1_19_axic_register_slice__parameterized1 
Detailed RTL Component Info : 
+---Registers : 
	                5 Bit    Registers := 1     
	                2 Bit    Registers := 1     
	                1 Bit    Registers := 2     
+---Muxes : 
	   2 Input      1 Bit        Muxes := 2     
Module axi_register_slice_v2_1_19_axic_register_slice__parameterized2 
Detailed RTL Component Info : 
+---Registers : 
	              518 Bit    Registers := 2     
	                2 Bit    Registers := 1     
	                1 Bit    Registers := 2     
+---Muxes : 
	   2 Input    518 Bit        Muxes := 2     
---------------------------------------------------------------------------------
Finished RTL Hierarchical Component Statistics
---------------------------------------------------------------------------------
---------------------------------------------------------------------------------
Start Part Resource Summary
---------------------------------------------------------------------------------
Part Resources:
DSPs: 4272 (col length:192)
BRAMs: 2160 (col length: RAMB18 192 RAMB36 96)
---------------------------------------------------------------------------------
Finished Part Resource Summary
---------------------------------------------------------------------------------
---------------------------------------------------------------------------------
Start Cross Boundary and Area Optimization
---------------------------------------------------------------------------------
Warning: Parallel synthesis criteria is not met 
WARNING: [Synth 8-3331] design axi_register_slice_v2_1_19_axi_register_slice has unconnected port aclk2x
WARNING: [Synth 8-3331] design axi_register_slice_v2_1_19_axi_register_slice has unconnected port s_axi_awuser[0]
WARNING: [Synth 8-3331] design axi_register_slice_v2_1_19_axi_register_slice has unconnected port s_axi_wid[2]
WARNING: [Synth 8-3331] design axi_register_slice_v2_1_19_axi_register_slice has unconnected port s_axi_wid[1]
WARNING: [Synth 8-3331] design axi_register_slice_v2_1_19_axi_register_slice has unconnected port s_axi_wid[0]
WARNING: [Synth 8-3331] design axi_register_slice_v2_1_19_axi_register_slice has unconnected port s_axi_wuser[0]
WARNING: [Synth 8-3331] design axi_register_slice_v2_1_19_axi_register_slice has unconnected port s_axi_aruser[0]
WARNING: [Synth 8-3331] design axi_register_slice_v2_1_19_axi_register_slice has unconnected port m_axi_buser[0]
WARNING: [Synth 8-3331] design axi_register_slice_v2_1_19_axi_register_slice has unconnected port m_axi_ruser[0]
INFO: [Synth 8-3886] merging instance 'inst/r.r_pipe/aresetn_d_reg[0]' (FDR) to 'inst/ar.ar_pipe/aresetn_d_reg[0]'
INFO: [Synth 8-3886] merging instance 'inst/b.b_pipe/aresetn_d_reg[0]' (FDR) to 'inst/ar.ar_pipe/aresetn_d_reg[0]'
INFO: [Synth 8-3886] merging instance 'inst/r.r_pipe/aresetn_d_reg[1]' (FDR) to 'inst/ar.ar_pipe/aresetn_d_reg[1]'
INFO: [Synth 8-3886] merging instance 'inst/ar.ar_pipe/aresetn_d_reg[1]' (FDR) to 'inst/b.b_pipe/aresetn_d_reg[1]'
INFO: [Synth 8-3886] merging instance 'inst/ar.ar_pipe/aresetn_d_reg[0]' (FDR) to 'inst/aw.aw_pipe/aresetn_d_reg[0]'
INFO: [Synth 8-3886] merging instance 'inst/b.b_pipe/aresetn_d_reg[1]' (FDR) to 'inst/aw.aw_pipe/aresetn_d_reg[1]'
INFO: [Synth 8-3886] merging instance 'inst/w.w_pipe/aresetn_d_reg[0]' (FDR) to 'inst/aw.aw_pipe/aresetn_d_reg[0]'
INFO: [Synth 8-3886] merging instance 'inst/aw.aw_pipe/aresetn_d_reg[1]' (FDR) to 'inst/w.w_pipe/aresetn_d_reg[1]'
---------------------------------------------------------------------------------
Finished Cross Boundary and Area Optimization : Time (s): cpu = 00:00:19 ; elapsed = 00:00:23 . Memory (MB): peak = 2626.625 ; gain = 398.809 ; free physical = 12567 ; free virtual = 64719
---------------------------------------------------------------------------------

Report RTL Partitions: 
+-+--------------+------------+----------+
| |RTL Partition |Replication |Instances |
+-+--------------+------------+----------+
+-+--------------+------------+----------+
---------------------------------------------------------------------------------
Start Applying XDC Timing Constraints
---------------------------------------------------------------------------------
---------------------------------------------------------------------------------
Finished Applying XDC Timing Constraints : Time (s): cpu = 00:00:40 ; elapsed = 00:01:04 . Memory (MB): peak = 2897.367 ; gain = 669.551 ; free physical = 7827 ; free virtual = 59992
---------------------------------------------------------------------------------
---------------------------------------------------------------------------------
Start Timing Optimization
---------------------------------------------------------------------------------
---------------------------------------------------------------------------------
Finished Timing Optimization : Time (s): cpu = 00:00:41 ; elapsed = 00:01:04 . Memory (MB): peak = 2912.383 ; gain = 684.566 ; free physical = 7712 ; free virtual = 59876
---------------------------------------------------------------------------------

Report RTL Partitions: 
+-+--------------+------------+----------+
| |RTL Partition |Replication |Instances |
+-+--------------+------------+----------+
+-+--------------+------------+----------+
---------------------------------------------------------------------------------
Start Technology Mapping
---------------------------------------------------------------------------------
---------------------------------------------------------------------------------
Finished Technology Mapping : Time (s): cpu = 00:00:42 ; elapsed = 00:01:06 . Memory (MB): peak = 2934.398 ; gain = 706.582 ; free physical = 7514 ; free virtual = 59679
---------------------------------------------------------------------------------

Report RTL Partitions: 
+-+--------------+------------+----------+
| |RTL Partition |Replication |Instances |
+-+--------------+------------+----------+
+-+--------------+------------+----------+
---------------------------------------------------------------------------------
Start IO Insertion
---------------------------------------------------------------------------------
---------------------------------------------------------------------------------
Start Flattening Before IO Insertion
---------------------------------------------------------------------------------
---------------------------------------------------------------------------------
Finished Flattening Before IO Insertion
---------------------------------------------------------------------------------
---------------------------------------------------------------------------------
Start Final Netlist Cleanup
---------------------------------------------------------------------------------
---------------------------------------------------------------------------------
Finished Final Netlist Cleanup
---------------------------------------------------------------------------------
---------------------------------------------------------------------------------
Finished IO Insertion : Time (s): cpu = 00:00:44 ; elapsed = 00:01:07 . Memory (MB): peak = 2937.367 ; gain = 709.551 ; free physical = 7785 ; free virtual = 59947
---------------------------------------------------------------------------------

Report Check Netlist: 
+------+------------------+-------+---------+-------+------------------+
|      |Item              |Errors |Warnings |Status |Description       |
+------+------------------+-------+---------+-------+------------------+
|1     |multi_driven_nets |      0|        0|Passed |Multi driven nets |
+------+------------------+-------+---------+-------+------------------+
---------------------------------------------------------------------------------
Start Renaming Generated Instances
---------------------------------------------------------------------------------
---------------------------------------------------------------------------------
Finished Renaming Generated Instances : Time (s): cpu = 00:00:44 ; elapsed = 00:01:07 . Memory (MB): peak = 2937.367 ; gain = 709.551 ; free physical = 7803 ; free virtual = 59965
---------------------------------------------------------------------------------

Report RTL Partitions: 
+-+--------------+------------+----------+
| |RTL Partition |Replication |Instances |
+-+--------------+------------+----------+
+-+--------------+------------+----------+
---------------------------------------------------------------------------------
Start Rebuilding User Hierarchy
---------------------------------------------------------------------------------
---------------------------------------------------------------------------------
Finished Rebuilding User Hierarchy : Time (s): cpu = 00:00:44 ; elapsed = 00:01:08 . Memory (MB): peak = 2937.367 ; gain = 709.551 ; free physical = 8104 ; free virtual = 60266
---------------------------------------------------------------------------------
---------------------------------------------------------------------------------
Start Renaming Generated Ports
---------------------------------------------------------------------------------
---------------------------------------------------------------------------------
Finished Renaming Generated Ports : Time (s): cpu = 00:00:44 ; elapsed = 00:01:08 . Memory (MB): peak = 2937.367 ; gain = 709.551 ; free physical = 8118 ; free virtual = 60281
---------------------------------------------------------------------------------
---------------------------------------------------------------------------------
Start Handling Custom Attributes
---------------------------------------------------------------------------------
---------------------------------------------------------------------------------
Finished Handling Custom Attributes : Time (s): cpu = 00:00:44 ; elapsed = 00:01:08 . Memory (MB): peak = 2937.367 ; gain = 709.551 ; free physical = 9169 ; free virtual = 61332
---------------------------------------------------------------------------------
---------------------------------------------------------------------------------
Start Renaming Generated Nets
---------------------------------------------------------------------------------
---------------------------------------------------------------------------------
Finished Renaming Generated Nets : Time (s): cpu = 00:00:44 ; elapsed = 00:01:08 . Memory (MB): peak = 2937.367 ; gain = 709.551 ; free physical = 9166 ; free virtual = 61330
---------------------------------------------------------------------------------
---------------------------------------------------------------------------------
Start Writing Synthesis Report
---------------------------------------------------------------------------------

Report BlackBoxes: 
+-+--------------+----------+
| |BlackBox name |Instances |
+-+--------------+----------+
+-+--------------+----------+

Report Cell Usage: 
+------+-----+------+
|      |Cell |Count |
+------+-----+------+
|1     |LUT1 |     6|
|2     |LUT2 |     2|
|3     |LUT3 |  1098|
|4     |LUT4 |     7|
|5     |FDRE |  2399|
+------+-----+------+

Report Instance Areas: 
+------+-----------------+---------------------------------------------------------------+------+
|      |Instance         |Module                                                         |Cells |
+------+-----------------+---------------------------------------------------------------+------+
|1     |top              |                                                               |  3512|
|2     |  inst           |axi_register_slice_v2_1_19_axi_register_slice                  |  3512|
|3     |    \ar.ar_pipe  |axi_register_slice_v2_1_19_axic_register_slice                 |   101|
|4     |    \aw.aw_pipe  |axi_register_slice_v2_1_19_axic_register_slice_0               |   104|
|5     |    \b.b_pipe    |axi_register_slice_v2_1_19_axic_register_slice__parameterized1 |    10|
|6     |    \r.r_pipe    |axi_register_slice_v2_1_19_axic_register_slice__parameterized2 |  1559|
|7     |    \w.w_pipe    |axi_register_slice_v2_1_19_axic_register_slice__parameterized0 |  1738|
+------+-----------------+---------------------------------------------------------------+------+
---------------------------------------------------------------------------------
Finished Writing Synthesis Report : Time (s): cpu = 00:00:44 ; elapsed = 00:01:08 . Memory (MB): peak = 2937.367 ; gain = 709.551 ; free physical = 9165 ; free virtual = 61330
---------------------------------------------------------------------------------
Synthesis finished with 0 errors, 0 critical warnings and 9 warnings.
Synthesis Optimization Runtime : Time (s): cpu = 00:00:36 ; elapsed = 00:00:58 . Memory (MB): peak = 2937.367 ; gain = 518.082 ; free physical = 9201 ; free virtual = 61365
Synthesis Optimization Complete : Time (s): cpu = 00:00:45 ; elapsed = 00:01:08 . Memory (MB): peak = 2937.375 ; gain = 709.551 ; free physical = 9201 ; free virtual = 61365
INFO: [Project 1-571] Translating synthesized netlist
INFO: [Project 1-570] Preparing netlist for logic optimization
INFO: [Opt 31-138] Pushed 0 inverter(s) to 0 load pin(s).
Netlist sorting complete. Time (s): cpu = 00:00:00 ; elapsed = 00:00:00 . Memory (MB): peak = 3012.008 ; gain = 0.000 ; free physical = 11136 ; free virtual = 63299
INFO: [Project 1-111] Unisim Transformation Summary:
No Unisim elements were transformed.

INFO: [Common 17-83] Releasing license: Synthesis
39 Infos, 35 Warnings, 0 Critical Warnings and 0 Errors encountered.
synth_design completed successfully
synth_design: Time (s): cpu = 00:00:58 ; elapsed = 00:01:30 . Memory (MB): peak = 3012.008 ; gain = 1578.488 ; free physical = 11208 ; free virtual = 63371
Netlist sorting complete. Time (s): cpu = 00:00:00 ; elapsed = 00:00:00 . Memory (MB): peak = 3012.008 ; gain = 0.000 ; free physical = 11204 ; free virtual = 63367
WARNING: [Constraints 18-5210] No constraints selected for write.
Resolution: This message can indicate that there are no constraints for the design, or it can indicate that the used_in flags are set such that the constraints are ignored. This later case is used when running synth_design to not write synthesis constraints to the resulting checkpoint. Instead, project constraints are read when the synthesized design is opened.
INFO: [Common 17-1381] The checkpoint '/home/rafael/Documents/MIMORPH/MIMORPH/MIMO_mm-wave_2x2+sub6Ghz_4x4/HW/Basic_1x1.runs/design_1_axi_register_slice_0_1_synth_1/design_1_axi_register_slice_0_1.dcp' has been generated.
WARNING: [Common 17-576] 'use_project_ipc' is deprecated. This option is deprecated and no longer used.
INFO: [Coretcl 2-1648] Added synthesis output to IP cache for IP design_1_axi_register_slice_0_1, cache-ID = 6a8ba34d8d95d7f1
INFO: [Coretcl 2-1174] Renamed 6 cell refs.
Netlist sorting complete. Time (s): cpu = 00:00:00 ; elapsed = 00:00:00 . Memory (MB): peak = 3036.020 ; gain = 0.000 ; free physical = 11557 ; free virtual = 63723
WARNING: [Constraints 18-5210] No constraints selected for write.
Resolution: This message can indicate that there are no constraints for the design, or it can indicate that the used_in flags are set such that the constraints are ignored. This later case is used when running synth_design to not write synthesis constraints to the resulting checkpoint. Instead, project constraints are read when the synthesized design is opened.
INFO: [Common 17-1381] The checkpoint '/home/rafael/Documents/MIMORPH/MIMORPH/MIMO_mm-wave_2x2+sub6Ghz_4x4/HW/Basic_1x1.runs/design_1_axi_register_slice_0_1_synth_1/design_1_axi_register_slice_0_1.dcp' has been generated.
INFO: [runtcl-4] Executing : report_utilization -file design_1_axi_register_slice_0_1_utilization_synth.rpt -pb design_1_axi_register_slice_0_1_utilization_synth.pb
INFO: [Common 17-206] Exiting Vivado at Fri Oct 22 16:54:00 2021...
