
*** Running vivado
    with args -log design_1_axis_broadcaster_0_2.vds -m64 -product Vivado -mode batch -messageDb vivado.pb -notrace -source design_1_axis_broadcaster_0_2.tcl


****** Vivado v2019.1 (64-bit)
  **** SW Build 2552052 on Fri May 24 14:47:09 MDT 2019
  **** IP Build 2548770 on Fri May 24 18:01:18 MDT 2019
    ** Copyright 1986-2019 Xilinx, Inc. All Rights Reserved.

source design_1_axis_broadcaster_0_2.tcl -notrace
WARNING: [Common 17-1361] You have specified a new message control rule that is equivalent to an existing rule with attributes ' -id {[BD 41-1306]}  -suppress '. The existing rule will be replaced.
WARNING: [Common 17-1361] You have specified a new message control rule that is equivalent to an existing rule with attributes ' -id {[BD 41-1306]}  -suppress '. The existing rule will be replaced.
WARNING: [Common 17-1361] You have specified a new message control rule that is equivalent to an existing rule with attributes ' -id {[BD 41-1306]}  -suppress '. The existing rule will be replaced.
WARNING: [Common 17-1361] You have specified a new message control rule that is equivalent to an existing rule with attributes ' -id {[BD 41-1306]}  -suppress '. The existing rule will be replaced.
WARNING: [Common 17-1361] You have specified a new message control rule that is equivalent to an existing rule with attributes ' -id {[BD 41-1271]}  -suppress '. The existing rule will be replaced.
WARNING: [Common 17-1361] You have specified a new message control rule that is equivalent to an existing rule with attributes ' -id {[BD 41-1306]}  -suppress '. The existing rule will be replaced.
WARNING: [Common 17-1361] You have specified a new message control rule that is equivalent to an existing rule with attributes ' -id {[BD 41-1271]}  -suppress '. The existing rule will be replaced.
WARNING: [Common 17-1361] You have specified a new message control rule that is equivalent to an existing rule with attributes ' -id {[BD 41-1271]}  -suppress '. The existing rule will be replaced.
WARNING: [Common 17-1361] You have specified a new message control rule that is equivalent to an existing rule with attributes ' -id {[BD 41-1306]}  -suppress '. The existing rule will be replaced.
WARNING: [Common 17-1361] You have specified a new message control rule that is equivalent to an existing rule with attributes ' -id {[BD 41-1306]}  -suppress '. The existing rule will be replaced.
WARNING: [Common 17-1361] You have specified a new message control rule that is equivalent to an existing rule with attributes ' -id {[BD 41-1271]}  -suppress '. The existing rule will be replaced.
WARNING: [Common 17-1361] You have specified a new message control rule that is equivalent to an existing rule with attributes ' -id {[BD 41-1271]}  -suppress '. The existing rule will be replaced.
WARNING: [Common 17-1361] You have specified a new message control rule that is equivalent to an existing rule with attributes ' -id {[BD 41-1271]}  -suppress '. The existing rule will be replaced.
WARNING: [Common 17-1361] You have specified a new message control rule that is equivalent to an existing rule with attributes ' -id {[BD 41-1306]}  -suppress '. The existing rule will be replaced.
WARNING: [Common 17-1361] You have specified a new message control rule that is equivalent to an existing rule with attributes ' -id {[BD 41-1271]}  -suppress '. The existing rule will be replaced.
WARNING: [Common 17-1361] You have specified a new message control rule that is equivalent to an existing rule with attributes ' -id {[BD 41-1271]}  -suppress '. The existing rule will be replaced.
WARNING: [Common 17-1361] You have specified a new message control rule that is equivalent to an existing rule with attributes ' -id {[BD 41-1306]}  -suppress '. The existing rule will be replaced.
INFO: [IP_Flow 19-234] Refreshing IP repositories
INFO: [IP_Flow 19-1700] Loaded user IP repository '/home/rafael/Documents/MIMORPH/MIMORPH/MIMO_mm-wave_2x2+sub6Ghz_4x4/HW/srcs/ip/ip_repo'.
INFO: [IP_Flow 19-1700] Loaded user IP repository '/home/rafael/Documents/MIMORPH/MIMORPH/ip_repo'.
INFO: [IP_Flow 19-2313] Loaded Vivado IP repository '/opt/Xilinx/Vivado/2019.1/data/ip'.
Command: synth_design -top design_1_axis_broadcaster_0_2 -part xczu28dr-ffvg1517-2-e -mode out_of_context
Starting synth_design
Attempting to get a license for feature 'Synthesis' and/or device 'xczu28dr'
INFO: [Common 17-349] Got license for feature 'Synthesis' and/or device 'xczu28dr'
INFO: [Common 17-1540] The version limit for your license is '2020.01' and has expired for new software. A version limit expiration means that, although you may be able to continue to use the current version of tools or IP with this license, you will not be eligible for any updates or new releases.
INFO: [Device 21-403] Loading part xczu28dr-ffvg1517-2-e
INFO: Launching helper process for spawning children vivado processes
INFO: Helper process launched with PID 30163 
load diablo GTM unisim library
---------------------------------------------------------------------------------
Starting RTL Elaboration : Time (s): cpu = 00:00:03 ; elapsed = 00:00:04 . Memory (MB): peak = 2370.227 ; gain = 142.715 ; free physical = 13374 ; free virtual = 65213
---------------------------------------------------------------------------------
INFO: [Synth 8-6157] synthesizing module 'design_1_axis_broadcaster_0_2' [/home/rafael/Documents/MIMORPH/MIMORPH/MIMO_mm-wave_2x2+sub6Ghz_4x4/HW/Basic_1x1.srcs/sources_1/bd/design_1/ip/design_1_axis_broadcaster_0_2/synth/design_1_axis_broadcaster_0_2.v:57]
INFO: [Synth 8-6157] synthesizing module 'top_design_1_axis_broadcaster_0_2' [/home/rafael/Documents/MIMORPH/MIMORPH/MIMO_mm-wave_2x2+sub6Ghz_4x4/HW/Basic_1x1.srcs/sources_1/bd/design_1/ip/design_1_axis_broadcaster_0_2/hdl/top_design_1_axis_broadcaster_0_2.v:60]
	Parameter C_FAMILY bound to: zynquplus - type: string 
	Parameter C_NUM_MI_SLOTS bound to: 5 - type: integer 
	Parameter C_S_AXIS_TDATA_WIDTH bound to: 256 - type: integer 
	Parameter C_M_AXIS_TDATA_WIDTH bound to: 256 - type: integer 
	Parameter C_AXIS_TID_WIDTH bound to: 1 - type: integer 
	Parameter C_AXIS_TDEST_WIDTH bound to: 1 - type: integer 
	Parameter C_S_AXIS_TUSER_WIDTH bound to: 1 - type: integer 
	Parameter C_M_AXIS_TUSER_WIDTH bound to: 1 - type: integer 
	Parameter C_AXIS_SIGNAL_SET bound to: 27 - type: integer 
	Parameter G_INDX_SS_TREADY bound to: 0 - type: integer 
	Parameter G_INDX_SS_TDATA bound to: 1 - type: integer 
	Parameter G_INDX_SS_TSTRB bound to: 2 - type: integer 
	Parameter G_INDX_SS_TKEEP bound to: 3 - type: integer 
	Parameter G_INDX_SS_TLAST bound to: 4 - type: integer 
	Parameter G_INDX_SS_TID bound to: 5 - type: integer 
	Parameter G_INDX_SS_TDEST bound to: 6 - type: integer 
	Parameter G_INDX_SS_TUSER bound to: 7 - type: integer 
	Parameter G_MASK_SS_TREADY bound to: 1 - type: integer 
	Parameter G_MASK_SS_TDATA bound to: 2 - type: integer 
	Parameter G_MASK_SS_TSTRB bound to: 4 - type: integer 
	Parameter G_MASK_SS_TKEEP bound to: 8 - type: integer 
	Parameter G_MASK_SS_TLAST bound to: 16 - type: integer 
	Parameter G_MASK_SS_TID bound to: 32 - type: integer 
	Parameter G_MASK_SS_TDEST bound to: 64 - type: integer 
	Parameter G_MASK_SS_TUSER bound to: 128 - type: integer 
	Parameter G_TASK_SEVERITY_ERR bound to: 2 - type: integer 
	Parameter G_TASK_SEVERITY_WARNING bound to: 1 - type: integer 
	Parameter G_TASK_SEVERITY_INFO bound to: 0 - type: integer 
	Parameter P_TPAYLOAD_WIDTH bound to: 289 - type: integer 
INFO: [Synth 8-6157] synthesizing module 'axis_broadcaster_v1_1_18_core' [/home/rafael/Documents/MIMORPH/MIMORPH/MIMO_mm-wave_2x2+sub6Ghz_4x4/HW/Basic_1x1.srcs/sources_1/bd/design_1/ipshared/d83b/hdl/axis_broadcaster_v1_1_vl_rfs.v:59]
	Parameter C_FAMILY bound to: zynquplus - type: string 
	Parameter C_AXIS_TDATA_WIDTH bound to: 256 - type: integer 
	Parameter C_AXIS_TID_WIDTH bound to: 1 - type: integer 
	Parameter C_AXIS_TDEST_WIDTH bound to: 1 - type: integer 
	Parameter C_AXIS_TUSER_WIDTH bound to: 1 - type: integer 
	Parameter C_AXIS_SIGNAL_SET bound to: 27 - type: integer 
	Parameter C_NUM_MI_SLOTS bound to: 5 - type: integer 
	Parameter G_INDX_SS_TREADY bound to: 0 - type: integer 
	Parameter G_INDX_SS_TDATA bound to: 1 - type: integer 
	Parameter G_INDX_SS_TSTRB bound to: 2 - type: integer 
	Parameter G_INDX_SS_TKEEP bound to: 3 - type: integer 
	Parameter G_INDX_SS_TLAST bound to: 4 - type: integer 
	Parameter G_INDX_SS_TID bound to: 5 - type: integer 
	Parameter G_INDX_SS_TDEST bound to: 6 - type: integer 
	Parameter G_INDX_SS_TUSER bound to: 7 - type: integer 
	Parameter G_MASK_SS_TREADY bound to: 1 - type: integer 
	Parameter G_MASK_SS_TDATA bound to: 2 - type: integer 
	Parameter G_MASK_SS_TSTRB bound to: 4 - type: integer 
	Parameter G_MASK_SS_TKEEP bound to: 8 - type: integer 
	Parameter G_MASK_SS_TLAST bound to: 16 - type: integer 
	Parameter G_MASK_SS_TID bound to: 32 - type: integer 
	Parameter G_MASK_SS_TDEST bound to: 64 - type: integer 
	Parameter G_MASK_SS_TUSER bound to: 128 - type: integer 
	Parameter G_TASK_SEVERITY_ERR bound to: 2 - type: integer 
	Parameter G_TASK_SEVERITY_WARNING bound to: 1 - type: integer 
	Parameter G_TASK_SEVERITY_INFO bound to: 0 - type: integer 
	Parameter P_TPAYLOAD_WIDTH bound to: 289 - type: integer 
INFO: [Synth 8-6157] synthesizing module 'axis_infrastructure_v1_1_0_util_vector2axis' [/home/rafael/Documents/MIMORPH/MIMORPH/MIMO_mm-wave_2x2+sub6Ghz_4x4/HW/Basic_1x1.srcs/sources_1/bd/design_1/ipshared/8713/hdl/axis_infrastructure_v1_1_vl_rfs.v:992]
	Parameter C_TDATA_WIDTH bound to: 256 - type: integer 
	Parameter C_TID_WIDTH bound to: 1 - type: integer 
	Parameter C_TDEST_WIDTH bound to: 1 - type: integer 
	Parameter C_TUSER_WIDTH bound to: 1 - type: integer 
	Parameter C_TPAYLOAD_WIDTH bound to: 289 - type: integer 
	Parameter C_SIGNAL_SET bound to: 27 - type: integer 
	Parameter G_INDX_SS_TREADY bound to: 0 - type: integer 
	Parameter G_INDX_SS_TDATA bound to: 1 - type: integer 
	Parameter G_INDX_SS_TSTRB bound to: 2 - type: integer 
	Parameter G_INDX_SS_TKEEP bound to: 3 - type: integer 
	Parameter G_INDX_SS_TLAST bound to: 4 - type: integer 
	Parameter G_INDX_SS_TID bound to: 5 - type: integer 
	Parameter G_INDX_SS_TDEST bound to: 6 - type: integer 
	Parameter G_INDX_SS_TUSER bound to: 7 - type: integer 
	Parameter G_MASK_SS_TREADY bound to: 1 - type: integer 
	Parameter G_MASK_SS_TDATA bound to: 2 - type: integer 
	Parameter G_MASK_SS_TSTRB bound to: 4 - type: integer 
	Parameter G_MASK_SS_TKEEP bound to: 8 - type: integer 
	Parameter G_MASK_SS_TLAST bound to: 16 - type: integer 
	Parameter G_MASK_SS_TID bound to: 32 - type: integer 
	Parameter G_MASK_SS_TDEST bound to: 64 - type: integer 
	Parameter G_MASK_SS_TUSER bound to: 128 - type: integer 
	Parameter G_TASK_SEVERITY_ERR bound to: 2 - type: integer 
	Parameter G_TASK_SEVERITY_WARNING bound to: 1 - type: integer 
	Parameter G_TASK_SEVERITY_INFO bound to: 0 - type: integer 
	Parameter P_TDATA_INDX bound to: 0 - type: integer 
	Parameter P_TSTRB_INDX bound to: 256 - type: integer 
	Parameter P_TKEEP_INDX bound to: 256 - type: integer 
	Parameter P_TLAST_INDX bound to: 288 - type: integer 
	Parameter P_TID_INDX bound to: 289 - type: integer 
	Parameter P_TDEST_INDX bound to: 289 - type: integer 
	Parameter P_TUSER_INDX bound to: 289 - type: integer 
INFO: [Synth 8-6155] done synthesizing module 'axis_infrastructure_v1_1_0_util_vector2axis' (1#1) [/home/rafael/Documents/MIMORPH/MIMORPH/MIMO_mm-wave_2x2+sub6Ghz_4x4/HW/Basic_1x1.srcs/sources_1/bd/design_1/ipshared/8713/hdl/axis_infrastructure_v1_1_vl_rfs.v:992]
INFO: [Synth 8-6157] synthesizing module 'axis_infrastructure_v1_1_0_util_axis2vector' [/home/rafael/Documents/MIMORPH/MIMORPH/MIMO_mm-wave_2x2+sub6Ghz_4x4/HW/Basic_1x1.srcs/sources_1/bd/design_1/ipshared/8713/hdl/axis_infrastructure_v1_1_vl_rfs.v:810]
	Parameter C_TDATA_WIDTH bound to: 256 - type: integer 
	Parameter C_TID_WIDTH bound to: 1 - type: integer 
	Parameter C_TDEST_WIDTH bound to: 1 - type: integer 
	Parameter C_TUSER_WIDTH bound to: 1 - type: integer 
	Parameter C_TPAYLOAD_WIDTH bound to: 289 - type: integer 
	Parameter C_SIGNAL_SET bound to: 27 - type: integer 
	Parameter G_INDX_SS_TREADY bound to: 0 - type: integer 
	Parameter G_INDX_SS_TDATA bound to: 1 - type: integer 
	Parameter G_INDX_SS_TSTRB bound to: 2 - type: integer 
	Parameter G_INDX_SS_TKEEP bound to: 3 - type: integer 
	Parameter G_INDX_SS_TLAST bound to: 4 - type: integer 
	Parameter G_INDX_SS_TID bound to: 5 - type: integer 
	Parameter G_INDX_SS_TDEST bound to: 6 - type: integer 
	Parameter G_INDX_SS_TUSER bound to: 7 - type: integer 
	Parameter G_MASK_SS_TREADY bound to: 1 - type: integer 
	Parameter G_MASK_SS_TDATA bound to: 2 - type: integer 
	Parameter G_MASK_SS_TSTRB bound to: 4 - type: integer 
	Parameter G_MASK_SS_TKEEP bound to: 8 - type: integer 
	Parameter G_MASK_SS_TLAST bound to: 16 - type: integer 
	Parameter G_MASK_SS_TID bound to: 32 - type: integer 
	Parameter G_MASK_SS_TDEST bound to: 64 - type: integer 
	Parameter G_MASK_SS_TUSER bound to: 128 - type: integer 
	Parameter G_TASK_SEVERITY_ERR bound to: 2 - type: integer 
	Parameter G_TASK_SEVERITY_WARNING bound to: 1 - type: integer 
	Parameter G_TASK_SEVERITY_INFO bound to: 0 - type: integer 
	Parameter P_TDATA_INDX bound to: 0 - type: integer 
	Parameter P_TSTRB_INDX bound to: 256 - type: integer 
	Parameter P_TKEEP_INDX bound to: 256 - type: integer 
	Parameter P_TLAST_INDX bound to: 288 - type: integer 
	Parameter P_TID_INDX bound to: 289 - type: integer 
	Parameter P_TDEST_INDX bound to: 289 - type: integer 
	Parameter P_TUSER_INDX bound to: 289 - type: integer 
INFO: [Synth 8-6155] done synthesizing module 'axis_infrastructure_v1_1_0_util_axis2vector' (2#1) [/home/rafael/Documents/MIMORPH/MIMORPH/MIMO_mm-wave_2x2+sub6Ghz_4x4/HW/Basic_1x1.srcs/sources_1/bd/design_1/ipshared/8713/hdl/axis_infrastructure_v1_1_vl_rfs.v:810]
INFO: [Synth 8-6155] done synthesizing module 'axis_broadcaster_v1_1_18_core' (3#1) [/home/rafael/Documents/MIMORPH/MIMORPH/MIMO_mm-wave_2x2+sub6Ghz_4x4/HW/Basic_1x1.srcs/sources_1/bd/design_1/ipshared/d83b/hdl/axis_broadcaster_v1_1_vl_rfs.v:59]
INFO: [Synth 8-6157] synthesizing module 'tdata_design_1_axis_broadcaster_0_2' [/home/rafael/Documents/MIMORPH/MIMORPH/MIMO_mm-wave_2x2+sub6Ghz_4x4/HW/Basic_1x1.srcs/sources_1/bd/design_1/ip/design_1_axis_broadcaster_0_2/hdl/tdata_design_1_axis_broadcaster_0_2.v:49]
	Parameter C_S_AXIS_TDATA_WIDTH bound to: 1280 - type: integer 
	Parameter C_M_AXIS_TDATA_WIDTH bound to: 1280 - type: integer 
INFO: [Synth 8-6155] done synthesizing module 'tdata_design_1_axis_broadcaster_0_2' (4#1) [/home/rafael/Documents/MIMORPH/MIMORPH/MIMO_mm-wave_2x2+sub6Ghz_4x4/HW/Basic_1x1.srcs/sources_1/bd/design_1/ip/design_1_axis_broadcaster_0_2/hdl/tdata_design_1_axis_broadcaster_0_2.v:49]
INFO: [Synth 8-6157] synthesizing module 'tuser_design_1_axis_broadcaster_0_2' [/home/rafael/Documents/MIMORPH/MIMORPH/MIMO_mm-wave_2x2+sub6Ghz_4x4/HW/Basic_1x1.srcs/sources_1/bd/design_1/ip/design_1_axis_broadcaster_0_2/hdl/tuser_design_1_axis_broadcaster_0_2.v:49]
	Parameter C_S_AXIS_TUSER_WIDTH bound to: 5 - type: integer 
	Parameter C_M_AXIS_TUSER_WIDTH bound to: 5 - type: integer 
INFO: [Synth 8-6155] done synthesizing module 'tuser_design_1_axis_broadcaster_0_2' (5#1) [/home/rafael/Documents/MIMORPH/MIMORPH/MIMO_mm-wave_2x2+sub6Ghz_4x4/HW/Basic_1x1.srcs/sources_1/bd/design_1/ip/design_1_axis_broadcaster_0_2/hdl/tuser_design_1_axis_broadcaster_0_2.v:49]
INFO: [Synth 8-6155] done synthesizing module 'top_design_1_axis_broadcaster_0_2' (6#1) [/home/rafael/Documents/MIMORPH/MIMORPH/MIMO_mm-wave_2x2+sub6Ghz_4x4/HW/Basic_1x1.srcs/sources_1/bd/design_1/ip/design_1_axis_broadcaster_0_2/hdl/top_design_1_axis_broadcaster_0_2.v:60]
INFO: [Synth 8-6155] done synthesizing module 'design_1_axis_broadcaster_0_2' (7#1) [/home/rafael/Documents/MIMORPH/MIMORPH/MIMO_mm-wave_2x2+sub6Ghz_4x4/HW/Basic_1x1.srcs/sources_1/bd/design_1/ip/design_1_axis_broadcaster_0_2/synth/design_1_axis_broadcaster_0_2.v:57]
WARNING: [Synth 8-3331] design tuser_design_1_axis_broadcaster_0_2 has unconnected port tuser[4]
WARNING: [Synth 8-3331] design tuser_design_1_axis_broadcaster_0_2 has unconnected port tuser[3]
WARNING: [Synth 8-3331] design tuser_design_1_axis_broadcaster_0_2 has unconnected port tuser[2]
WARNING: [Synth 8-3331] design tuser_design_1_axis_broadcaster_0_2 has unconnected port tuser[1]
WARNING: [Synth 8-3331] design tuser_design_1_axis_broadcaster_0_2 has unconnected port tuser[0]
WARNING: [Synth 8-3331] design tdata_design_1_axis_broadcaster_0_2 has unconnected port tdata[1279]
WARNING: [Synth 8-3331] design tdata_design_1_axis_broadcaster_0_2 has unconnected port tdata[1278]
WARNING: [Synth 8-3331] design tdata_design_1_axis_broadcaster_0_2 has unconnected port tdata[1277]
WARNING: [Synth 8-3331] design tdata_design_1_axis_broadcaster_0_2 has unconnected port tdata[1276]
WARNING: [Synth 8-3331] design tdata_design_1_axis_broadcaster_0_2 has unconnected port tdata[1275]
WARNING: [Synth 8-3331] design tdata_design_1_axis_broadcaster_0_2 has unconnected port tdata[1274]
WARNING: [Synth 8-3331] design tdata_design_1_axis_broadcaster_0_2 has unconnected port tdata[1273]
WARNING: [Synth 8-3331] design tdata_design_1_axis_broadcaster_0_2 has unconnected port tdata[1272]
WARNING: [Synth 8-3331] design tdata_design_1_axis_broadcaster_0_2 has unconnected port tdata[1271]
WARNING: [Synth 8-3331] design tdata_design_1_axis_broadcaster_0_2 has unconnected port tdata[1270]
WARNING: [Synth 8-3331] design tdata_design_1_axis_broadcaster_0_2 has unconnected port tdata[1269]
WARNING: [Synth 8-3331] design tdata_design_1_axis_broadcaster_0_2 has unconnected port tdata[1268]
WARNING: [Synth 8-3331] design tdata_design_1_axis_broadcaster_0_2 has unconnected port tdata[1267]
WARNING: [Synth 8-3331] design tdata_design_1_axis_broadcaster_0_2 has unconnected port tdata[1266]
WARNING: [Synth 8-3331] design tdata_design_1_axis_broadcaster_0_2 has unconnected port tdata[1265]
WARNING: [Synth 8-3331] design tdata_design_1_axis_broadcaster_0_2 has unconnected port tdata[1264]
WARNING: [Synth 8-3331] design tdata_design_1_axis_broadcaster_0_2 has unconnected port tdata[1263]
WARNING: [Synth 8-3331] design tdata_design_1_axis_broadcaster_0_2 has unconnected port tdata[1262]
WARNING: [Synth 8-3331] design tdata_design_1_axis_broadcaster_0_2 has unconnected port tdata[1261]
WARNING: [Synth 8-3331] design tdata_design_1_axis_broadcaster_0_2 has unconnected port tdata[1260]
WARNING: [Synth 8-3331] design tdata_design_1_axis_broadcaster_0_2 has unconnected port tdata[1259]
WARNING: [Synth 8-3331] design tdata_design_1_axis_broadcaster_0_2 has unconnected port tdata[1258]
WARNING: [Synth 8-3331] design tdata_design_1_axis_broadcaster_0_2 has unconnected port tdata[1257]
WARNING: [Synth 8-3331] design tdata_design_1_axis_broadcaster_0_2 has unconnected port tdata[1256]
WARNING: [Synth 8-3331] design tdata_design_1_axis_broadcaster_0_2 has unconnected port tdata[1255]
WARNING: [Synth 8-3331] design tdata_design_1_axis_broadcaster_0_2 has unconnected port tdata[1254]
WARNING: [Synth 8-3331] design tdata_design_1_axis_broadcaster_0_2 has unconnected port tdata[1253]
WARNING: [Synth 8-3331] design tdata_design_1_axis_broadcaster_0_2 has unconnected port tdata[1252]
WARNING: [Synth 8-3331] design tdata_design_1_axis_broadcaster_0_2 has unconnected port tdata[1251]
WARNING: [Synth 8-3331] design tdata_design_1_axis_broadcaster_0_2 has unconnected port tdata[1250]
WARNING: [Synth 8-3331] design tdata_design_1_axis_broadcaster_0_2 has unconnected port tdata[1249]
WARNING: [Synth 8-3331] design tdata_design_1_axis_broadcaster_0_2 has unconnected port tdata[1248]
WARNING: [Synth 8-3331] design tdata_design_1_axis_broadcaster_0_2 has unconnected port tdata[1247]
WARNING: [Synth 8-3331] design tdata_design_1_axis_broadcaster_0_2 has unconnected port tdata[1246]
WARNING: [Synth 8-3331] design tdata_design_1_axis_broadcaster_0_2 has unconnected port tdata[1245]
WARNING: [Synth 8-3331] design tdata_design_1_axis_broadcaster_0_2 has unconnected port tdata[1244]
WARNING: [Synth 8-3331] design tdata_design_1_axis_broadcaster_0_2 has unconnected port tdata[1243]
WARNING: [Synth 8-3331] design tdata_design_1_axis_broadcaster_0_2 has unconnected port tdata[1242]
WARNING: [Synth 8-3331] design tdata_design_1_axis_broadcaster_0_2 has unconnected port tdata[1241]
WARNING: [Synth 8-3331] design tdata_design_1_axis_broadcaster_0_2 has unconnected port tdata[1240]
WARNING: [Synth 8-3331] design tdata_design_1_axis_broadcaster_0_2 has unconnected port tdata[1239]
WARNING: [Synth 8-3331] design tdata_design_1_axis_broadcaster_0_2 has unconnected port tdata[1238]
WARNING: [Synth 8-3331] design tdata_design_1_axis_broadcaster_0_2 has unconnected port tdata[1237]
WARNING: [Synth 8-3331] design tdata_design_1_axis_broadcaster_0_2 has unconnected port tdata[1236]
WARNING: [Synth 8-3331] design tdata_design_1_axis_broadcaster_0_2 has unconnected port tdata[1235]
WARNING: [Synth 8-3331] design tdata_design_1_axis_broadcaster_0_2 has unconnected port tdata[1234]
WARNING: [Synth 8-3331] design tdata_design_1_axis_broadcaster_0_2 has unconnected port tdata[1233]
WARNING: [Synth 8-3331] design tdata_design_1_axis_broadcaster_0_2 has unconnected port tdata[1232]
WARNING: [Synth 8-3331] design tdata_design_1_axis_broadcaster_0_2 has unconnected port tdata[1231]
WARNING: [Synth 8-3331] design tdata_design_1_axis_broadcaster_0_2 has unconnected port tdata[1230]
WARNING: [Synth 8-3331] design tdata_design_1_axis_broadcaster_0_2 has unconnected port tdata[1229]
WARNING: [Synth 8-3331] design tdata_design_1_axis_broadcaster_0_2 has unconnected port tdata[1228]
WARNING: [Synth 8-3331] design tdata_design_1_axis_broadcaster_0_2 has unconnected port tdata[1227]
WARNING: [Synth 8-3331] design tdata_design_1_axis_broadcaster_0_2 has unconnected port tdata[1226]
WARNING: [Synth 8-3331] design tdata_design_1_axis_broadcaster_0_2 has unconnected port tdata[1225]
WARNING: [Synth 8-3331] design tdata_design_1_axis_broadcaster_0_2 has unconnected port tdata[1224]
WARNING: [Synth 8-3331] design tdata_design_1_axis_broadcaster_0_2 has unconnected port tdata[1223]
WARNING: [Synth 8-3331] design tdata_design_1_axis_broadcaster_0_2 has unconnected port tdata[1222]
WARNING: [Synth 8-3331] design tdata_design_1_axis_broadcaster_0_2 has unconnected port tdata[1221]
WARNING: [Synth 8-3331] design tdata_design_1_axis_broadcaster_0_2 has unconnected port tdata[1220]
WARNING: [Synth 8-3331] design tdata_design_1_axis_broadcaster_0_2 has unconnected port tdata[1219]
WARNING: [Synth 8-3331] design tdata_design_1_axis_broadcaster_0_2 has unconnected port tdata[1218]
WARNING: [Synth 8-3331] design tdata_design_1_axis_broadcaster_0_2 has unconnected port tdata[1217]
WARNING: [Synth 8-3331] design tdata_design_1_axis_broadcaster_0_2 has unconnected port tdata[1216]
WARNING: [Synth 8-3331] design tdata_design_1_axis_broadcaster_0_2 has unconnected port tdata[1215]
WARNING: [Synth 8-3331] design tdata_design_1_axis_broadcaster_0_2 has unconnected port tdata[1214]
WARNING: [Synth 8-3331] design tdata_design_1_axis_broadcaster_0_2 has unconnected port tdata[1213]
WARNING: [Synth 8-3331] design tdata_design_1_axis_broadcaster_0_2 has unconnected port tdata[1212]
WARNING: [Synth 8-3331] design tdata_design_1_axis_broadcaster_0_2 has unconnected port tdata[1211]
WARNING: [Synth 8-3331] design tdata_design_1_axis_broadcaster_0_2 has unconnected port tdata[1210]
WARNING: [Synth 8-3331] design tdata_design_1_axis_broadcaster_0_2 has unconnected port tdata[1209]
WARNING: [Synth 8-3331] design tdata_design_1_axis_broadcaster_0_2 has unconnected port tdata[1208]
WARNING: [Synth 8-3331] design tdata_design_1_axis_broadcaster_0_2 has unconnected port tdata[1207]
WARNING: [Synth 8-3331] design tdata_design_1_axis_broadcaster_0_2 has unconnected port tdata[1206]
WARNING: [Synth 8-3331] design tdata_design_1_axis_broadcaster_0_2 has unconnected port tdata[1205]
WARNING: [Synth 8-3331] design tdata_design_1_axis_broadcaster_0_2 has unconnected port tdata[1204]
WARNING: [Synth 8-3331] design tdata_design_1_axis_broadcaster_0_2 has unconnected port tdata[1203]
WARNING: [Synth 8-3331] design tdata_design_1_axis_broadcaster_0_2 has unconnected port tdata[1202]
WARNING: [Synth 8-3331] design tdata_design_1_axis_broadcaster_0_2 has unconnected port tdata[1201]
WARNING: [Synth 8-3331] design tdata_design_1_axis_broadcaster_0_2 has unconnected port tdata[1200]
WARNING: [Synth 8-3331] design tdata_design_1_axis_broadcaster_0_2 has unconnected port tdata[1199]
WARNING: [Synth 8-3331] design tdata_design_1_axis_broadcaster_0_2 has unconnected port tdata[1198]
WARNING: [Synth 8-3331] design tdata_design_1_axis_broadcaster_0_2 has unconnected port tdata[1197]
WARNING: [Synth 8-3331] design tdata_design_1_axis_broadcaster_0_2 has unconnected port tdata[1196]
WARNING: [Synth 8-3331] design tdata_design_1_axis_broadcaster_0_2 has unconnected port tdata[1195]
WARNING: [Synth 8-3331] design tdata_design_1_axis_broadcaster_0_2 has unconnected port tdata[1194]
WARNING: [Synth 8-3331] design tdata_design_1_axis_broadcaster_0_2 has unconnected port tdata[1193]
WARNING: [Synth 8-3331] design tdata_design_1_axis_broadcaster_0_2 has unconnected port tdata[1192]
WARNING: [Synth 8-3331] design tdata_design_1_axis_broadcaster_0_2 has unconnected port tdata[1191]
WARNING: [Synth 8-3331] design tdata_design_1_axis_broadcaster_0_2 has unconnected port tdata[1190]
WARNING: [Synth 8-3331] design tdata_design_1_axis_broadcaster_0_2 has unconnected port tdata[1189]
WARNING: [Synth 8-3331] design tdata_design_1_axis_broadcaster_0_2 has unconnected port tdata[1188]
WARNING: [Synth 8-3331] design tdata_design_1_axis_broadcaster_0_2 has unconnected port tdata[1187]
WARNING: [Synth 8-3331] design tdata_design_1_axis_broadcaster_0_2 has unconnected port tdata[1186]
WARNING: [Synth 8-3331] design tdata_design_1_axis_broadcaster_0_2 has unconnected port tdata[1185]
INFO: [Common 17-14] Message 'Synth 8-3331' appears 100 times and further instances of the messages will be disabled. Use the Tcl command set_msg_config to change the current settings.
---------------------------------------------------------------------------------
Finished RTL Elaboration : Time (s): cpu = 00:00:05 ; elapsed = 00:00:06 . Memory (MB): peak = 2427.945 ; gain = 200.434 ; free physical = 13189 ; free virtual = 65032
---------------------------------------------------------------------------------

Report Check Netlist: 
+------+------------------+-------+---------+-------+------------------+
|      |Item              |Errors |Warnings |Status |Description       |
+------+------------------+-------+---------+-------+------------------+
|1     |multi_driven_nets |      0|        0|Passed |Multi driven nets |
+------+------------------+-------+---------+-------+------------------+
---------------------------------------------------------------------------------
Start Handling Custom Attributes
---------------------------------------------------------------------------------
---------------------------------------------------------------------------------
Finished Handling Custom Attributes : Time (s): cpu = 00:00:05 ; elapsed = 00:00:06 . Memory (MB): peak = 2434.883 ; gain = 207.371 ; free physical = 13115 ; free virtual = 64959
---------------------------------------------------------------------------------
---------------------------------------------------------------------------------
Finished RTL Optimization Phase 1 : Time (s): cpu = 00:00:05 ; elapsed = 00:00:06 . Memory (MB): peak = 2434.883 ; gain = 207.371 ; free physical = 13114 ; free virtual = 64959
---------------------------------------------------------------------------------
INFO: [Project 1-570] Preparing netlist for logic optimization

Processing XDC Constraints
Initializing timing engine
Parsing XDC File [/home/rafael/Documents/MIMORPH/MIMORPH/MIMO_mm-wave_2x2+sub6Ghz_4x4/HW/Basic_1x1.srcs/sources_1/bd/design_1/ip/design_1_axis_broadcaster_0_2/design_1_axis_broadcaster_0_2_ooc.xdc] for cell 'inst'
create_clock: Time (s): cpu = 00:00:05 ; elapsed = 00:00:05 . Memory (MB): peak = 2594.445 ; gain = 10.906 ; free physical = 12182 ; free virtual = 64034
Finished Parsing XDC File [/home/rafael/Documents/MIMORPH/MIMORPH/MIMO_mm-wave_2x2+sub6Ghz_4x4/HW/Basic_1x1.srcs/sources_1/bd/design_1/ip/design_1_axis_broadcaster_0_2/design_1_axis_broadcaster_0_2_ooc.xdc] for cell 'inst'
Parsing XDC File [/home/rafael/Documents/MIMORPH/MIMORPH/MIMO_mm-wave_2x2+sub6Ghz_4x4/HW/Basic_1x1.runs/design_1_axis_broadcaster_0_2_synth_1/dont_touch.xdc]
Finished Parsing XDC File [/home/rafael/Documents/MIMORPH/MIMORPH/MIMO_mm-wave_2x2+sub6Ghz_4x4/HW/Basic_1x1.runs/design_1_axis_broadcaster_0_2_synth_1/dont_touch.xdc]
Completed Processing XDC Constraints

Netlist sorting complete. Time (s): cpu = 00:00:00 ; elapsed = 00:00:00 . Memory (MB): peak = 2594.445 ; gain = 0.000 ; free physical = 12181 ; free virtual = 64034
INFO: [Project 1-111] Unisim Transformation Summary:
No Unisim elements were transformed.

Constraint Validation Runtime : Time (s): cpu = 00:00:00.07 ; elapsed = 00:00:00.09 . Memory (MB): peak = 2594.445 ; gain = 0.000 ; free physical = 12168 ; free virtual = 64020
load diablo GTM unisim library
---------------------------------------------------------------------------------
Finished Constraint Validation : Time (s): cpu = 00:00:17 ; elapsed = 00:00:21 . Memory (MB): peak = 2594.445 ; gain = 366.934 ; free physical = 11920 ; free virtual = 63779
---------------------------------------------------------------------------------
---------------------------------------------------------------------------------
Start Loading Part and Timing Information
---------------------------------------------------------------------------------
Loading part: xczu28dr-ffvg1517-2-e
INFO: [Synth 8-6742] Reading net delay rules and data
---------------------------------------------------------------------------------
Finished Loading Part and Timing Information : Time (s): cpu = 00:00:17 ; elapsed = 00:00:21 . Memory (MB): peak = 2594.445 ; gain = 366.934 ; free physical = 11919 ; free virtual = 63778
---------------------------------------------------------------------------------
---------------------------------------------------------------------------------
Start Applying 'set_property' XDC Constraints
---------------------------------------------------------------------------------
Applied set_property DONT_TOUCH = true for inst. (constraint file  /home/rafael/Documents/MIMORPH/MIMORPH/MIMO_mm-wave_2x2+sub6Ghz_4x4/HW/Basic_1x1.runs/design_1_axis_broadcaster_0_2_synth_1/dont_touch.xdc, line 9).
---------------------------------------------------------------------------------
Finished applying 'set_property' XDC Constraints : Time (s): cpu = 00:00:17 ; elapsed = 00:00:21 . Memory (MB): peak = 2594.445 ; gain = 366.934 ; free physical = 11917 ; free virtual = 63776
---------------------------------------------------------------------------------
---------------------------------------------------------------------------------
Finished RTL Optimization Phase 2 : Time (s): cpu = 00:00:17 ; elapsed = 00:00:21 . Memory (MB): peak = 2594.445 ; gain = 366.934 ; free physical = 11878 ; free virtual = 63740
---------------------------------------------------------------------------------
INFO: [Synth 8-223] decloning instance 'inst/broadcaster_core/MI_SLOT[0].util_vector2axis' (axis_infrastructure_v1_1_0_util_vector2axis) to 'inst/broadcaster_core/MI_SLOT[1].util_vector2axis'
INFO: [Synth 8-223] decloning instance 'inst/broadcaster_core/MI_SLOT[0].util_vector2axis' (axis_infrastructure_v1_1_0_util_vector2axis) to 'inst/broadcaster_core/MI_SLOT[2].util_vector2axis'
INFO: [Synth 8-223] decloning instance 'inst/broadcaster_core/MI_SLOT[0].util_vector2axis' (axis_infrastructure_v1_1_0_util_vector2axis) to 'inst/broadcaster_core/MI_SLOT[3].util_vector2axis'
INFO: [Synth 8-223] decloning instance 'inst/broadcaster_core/MI_SLOT[0].util_vector2axis' (axis_infrastructure_v1_1_0_util_vector2axis) to 'inst/broadcaster_core/MI_SLOT[4].util_vector2axis'

Report RTL Partitions: 
+-+--------------+------------+----------+
| |RTL Partition |Replication |Instances |
+-+--------------+------------+----------+
+-+--------------+------------+----------+
---------------------------------------------------------------------------------
Start RTL Component Statistics 
---------------------------------------------------------------------------------
Detailed RTL Component Info : 
+---Registers : 
	                5 Bit    Registers := 1     
+---Muxes : 
	   2 Input      1 Bit        Muxes := 1     
---------------------------------------------------------------------------------
Finished RTL Component Statistics 
---------------------------------------------------------------------------------
---------------------------------------------------------------------------------
Start RTL Hierarchical Component Statistics 
---------------------------------------------------------------------------------
Hierarchical RTL Component report 
Module axis_broadcaster_v1_1_18_core 
Detailed RTL Component Info : 
+---Registers : 
	                5 Bit    Registers := 1     
+---Muxes : 
	   2 Input      1 Bit        Muxes := 1     
---------------------------------------------------------------------------------
Finished RTL Hierarchical Component Statistics
---------------------------------------------------------------------------------
---------------------------------------------------------------------------------
Start Part Resource Summary
---------------------------------------------------------------------------------
Part Resources:
DSPs: 4272 (col length:192)
BRAMs: 2160 (col length: RAMB18 192 RAMB36 96)
---------------------------------------------------------------------------------
Finished Part Resource Summary
---------------------------------------------------------------------------------
---------------------------------------------------------------------------------
Start Cross Boundary and Area Optimization
---------------------------------------------------------------------------------
Warning: Parallel synthesis criteria is not met 
---------------------------------------------------------------------------------
Finished Cross Boundary and Area Optimization : Time (s): cpu = 00:00:18 ; elapsed = 00:00:22 . Memory (MB): peak = 2594.445 ; gain = 366.934 ; free physical = 11776 ; free virtual = 63639
---------------------------------------------------------------------------------

Report RTL Partitions: 
+-+--------------+------------+----------+
| |RTL Partition |Replication |Instances |
+-+--------------+------------+----------+
+-+--------------+------------+----------+
---------------------------------------------------------------------------------
Start Applying XDC Timing Constraints
---------------------------------------------------------------------------------
---------------------------------------------------------------------------------
Finished Applying XDC Timing Constraints : Time (s): cpu = 00:00:39 ; elapsed = 00:01:03 . Memory (MB): peak = 2894.188 ; gain = 666.676 ; free physical = 17265 ; free virtual = 69130
---------------------------------------------------------------------------------
---------------------------------------------------------------------------------
Start Timing Optimization
---------------------------------------------------------------------------------
---------------------------------------------------------------------------------
Finished Timing Optimization : Time (s): cpu = 00:00:39 ; elapsed = 00:01:03 . Memory (MB): peak = 2903.203 ; gain = 675.691 ; free physical = 17256 ; free virtual = 69121
---------------------------------------------------------------------------------

Report RTL Partitions: 
+-+--------------+------------+----------+
| |RTL Partition |Replication |Instances |
+-+--------------+------------+----------+
+-+--------------+------------+----------+
---------------------------------------------------------------------------------
Start Technology Mapping
---------------------------------------------------------------------------------
---------------------------------------------------------------------------------
Finished Technology Mapping : Time (s): cpu = 00:00:39 ; elapsed = 00:01:03 . Memory (MB): peak = 2905.219 ; gain = 677.707 ; free physical = 17259 ; free virtual = 69125
---------------------------------------------------------------------------------

Report RTL Partitions: 
+-+--------------+------------+----------+
| |RTL Partition |Replication |Instances |
+-+--------------+------------+----------+
+-+--------------+------------+----------+
---------------------------------------------------------------------------------
Start IO Insertion
---------------------------------------------------------------------------------
---------------------------------------------------------------------------------
Start Flattening Before IO Insertion
---------------------------------------------------------------------------------
---------------------------------------------------------------------------------
Finished Flattening Before IO Insertion
---------------------------------------------------------------------------------
---------------------------------------------------------------------------------
Start Final Netlist Cleanup
---------------------------------------------------------------------------------
---------------------------------------------------------------------------------
Finished Final Netlist Cleanup
---------------------------------------------------------------------------------
---------------------------------------------------------------------------------
Finished IO Insertion : Time (s): cpu = 00:00:40 ; elapsed = 00:01:05 . Memory (MB): peak = 2919.094 ; gain = 691.582 ; free physical = 17269 ; free virtual = 69135
---------------------------------------------------------------------------------

Report Check Netlist: 
+------+------------------+-------+---------+-------+------------------+
|      |Item              |Errors |Warnings |Status |Description       |
+------+------------------+-------+---------+-------+------------------+
|1     |multi_driven_nets |      0|        0|Passed |Multi driven nets |
+------+------------------+-------+---------+-------+------------------+
---------------------------------------------------------------------------------
Start Renaming Generated Instances
---------------------------------------------------------------------------------
---------------------------------------------------------------------------------
Finished Renaming Generated Instances : Time (s): cpu = 00:00:40 ; elapsed = 00:01:05 . Memory (MB): peak = 2919.094 ; gain = 691.582 ; free physical = 17311 ; free virtual = 69177
---------------------------------------------------------------------------------

Report RTL Partitions: 
+-+--------------+------------+----------+
| |RTL Partition |Replication |Instances |
+-+--------------+------------+----------+
+-+--------------+------------+----------+
---------------------------------------------------------------------------------
Start Rebuilding User Hierarchy
---------------------------------------------------------------------------------
---------------------------------------------------------------------------------
Finished Rebuilding User Hierarchy : Time (s): cpu = 00:00:40 ; elapsed = 00:01:05 . Memory (MB): peak = 2919.094 ; gain = 691.582 ; free physical = 17284 ; free virtual = 69150
---------------------------------------------------------------------------------
---------------------------------------------------------------------------------
Start Renaming Generated Ports
---------------------------------------------------------------------------------
---------------------------------------------------------------------------------
Finished Renaming Generated Ports : Time (s): cpu = 00:00:40 ; elapsed = 00:01:05 . Memory (MB): peak = 2919.094 ; gain = 691.582 ; free physical = 17283 ; free virtual = 69149
---------------------------------------------------------------------------------
---------------------------------------------------------------------------------
Start Handling Custom Attributes
---------------------------------------------------------------------------------
---------------------------------------------------------------------------------
Finished Handling Custom Attributes : Time (s): cpu = 00:00:41 ; elapsed = 00:01:05 . Memory (MB): peak = 2919.094 ; gain = 691.582 ; free physical = 17281 ; free virtual = 69148
---------------------------------------------------------------------------------
---------------------------------------------------------------------------------
Start Renaming Generated Nets
---------------------------------------------------------------------------------
---------------------------------------------------------------------------------
Finished Renaming Generated Nets : Time (s): cpu = 00:00:41 ; elapsed = 00:01:05 . Memory (MB): peak = 2919.094 ; gain = 691.582 ; free physical = 17280 ; free virtual = 69146
---------------------------------------------------------------------------------
---------------------------------------------------------------------------------
Start Writing Synthesis Report
---------------------------------------------------------------------------------

Report BlackBoxes: 
+-+--------------+----------+
| |BlackBox name |Instances |
+-+--------------+----------+
+-+--------------+----------+

Report Cell Usage: 
+------+-----+------+
|      |Cell |Count |
+------+-----+------+
|1     |LUT3 |    10|
|2     |LUT4 |     2|
|3     |LUT5 |     1|
|4     |LUT6 |     1|
|5     |FDRE |     5|
+------+-----+------+

Report Instance Areas: 
+------+---------------------+----------------------------------+------+
|      |Instance             |Module                            |Cells |
+------+---------------------+----------------------------------+------+
|1     |top                  |                                  |    19|
|2     |  inst               |top_design_1_axis_broadcaster_0_2 |    19|
|3     |    broadcaster_core |axis_broadcaster_v1_1_18_core     |    19|
+------+---------------------+----------------------------------+------+
---------------------------------------------------------------------------------
Finished Writing Synthesis Report : Time (s): cpu = 00:00:41 ; elapsed = 00:01:05 . Memory (MB): peak = 2919.094 ; gain = 691.582 ; free physical = 17277 ; free virtual = 69144
---------------------------------------------------------------------------------
Synthesis finished with 0 errors, 0 critical warnings and 35 warnings.
Synthesis Optimization Runtime : Time (s): cpu = 00:00:33 ; elapsed = 00:00:55 . Memory (MB): peak = 2919.094 ; gain = 532.020 ; free physical = 17285 ; free virtual = 69152
Synthesis Optimization Complete : Time (s): cpu = 00:00:41 ; elapsed = 00:01:05 . Memory (MB): peak = 2919.102 ; gain = 691.582 ; free physical = 17284 ; free virtual = 69151
INFO: [Project 1-571] Translating synthesized netlist
INFO: [Project 1-570] Preparing netlist for logic optimization
INFO: [Opt 31-138] Pushed 0 inverter(s) to 0 load pin(s).
Netlist sorting complete. Time (s): cpu = 00:00:00 ; elapsed = 00:00:00 . Memory (MB): peak = 2997.734 ; gain = 0.000 ; free physical = 17685 ; free virtual = 69553
INFO: [Project 1-111] Unisim Transformation Summary:
No Unisim elements were transformed.

INFO: [Common 17-83] Releasing license: Synthesis
34 Infos, 117 Warnings, 0 Critical Warnings and 0 Errors encountered.
synth_design completed successfully
synth_design: Time (s): cpu = 00:00:53 ; elapsed = 00:01:25 . Memory (MB): peak = 2997.734 ; gain = 1563.793 ; free physical = 17766 ; free virtual = 69634
Netlist sorting complete. Time (s): cpu = 00:00:00 ; elapsed = 00:00:00 . Memory (MB): peak = 2997.734 ; gain = 0.000 ; free physical = 17766 ; free virtual = 69633
WARNING: [Constraints 18-5210] No constraints selected for write.
Resolution: This message can indicate that there are no constraints for the design, or it can indicate that the used_in flags are set such that the constraints are ignored. This later case is used when running synth_design to not write synthesis constraints to the resulting checkpoint. Instead, project constraints are read when the synthesized design is opened.
INFO: [Common 17-1381] The checkpoint '/home/rafael/Documents/MIMORPH/MIMORPH/MIMO_mm-wave_2x2+sub6Ghz_4x4/HW/Basic_1x1.runs/design_1_axis_broadcaster_0_2_synth_1/design_1_axis_broadcaster_0_2.dcp' has been generated.
WARNING: [Common 17-576] 'use_project_ipc' is deprecated. This option is deprecated and no longer used.
INFO: [Coretcl 2-1648] Added synthesis output to IP cache for IP design_1_axis_broadcaster_0_2, cache-ID = bfa43bb812820b3e
INFO: [Coretcl 2-1174] Renamed 2 cell refs.
Netlist sorting complete. Time (s): cpu = 00:00:00 ; elapsed = 00:00:00 . Memory (MB): peak = 3021.746 ; gain = 0.000 ; free physical = 17946 ; free virtual = 69811
WARNING: [Constraints 18-5210] No constraints selected for write.
Resolution: This message can indicate that there are no constraints for the design, or it can indicate that the used_in flags are set such that the constraints are ignored. This later case is used when running synth_design to not write synthesis constraints to the resulting checkpoint. Instead, project constraints are read when the synthesized design is opened.
INFO: [Common 17-1381] The checkpoint '/home/rafael/Documents/MIMORPH/MIMORPH/MIMO_mm-wave_2x2+sub6Ghz_4x4/HW/Basic_1x1.runs/design_1_axis_broadcaster_0_2_synth_1/design_1_axis_broadcaster_0_2.dcp' has been generated.
INFO: [runtcl-4] Executing : report_utilization -file design_1_axis_broadcaster_0_2_utilization_synth.rpt -pb design_1_axis_broadcaster_0_2_utilization_synth.pb
INFO: [Common 17-206] Exiting Vivado at Fri Oct 22 16:48:09 2021...
