
*** Running vivado
    with args -log design_1_bit_slicer_0_0.vds -m64 -product Vivado -mode batch -messageDb vivado.pb -notrace -source design_1_bit_slicer_0_0.tcl


****** Vivado v2019.1 (64-bit)
  **** SW Build 2552052 on Fri May 24 14:47:09 MDT 2019
  **** IP Build 2548770 on Fri May 24 18:01:18 MDT 2019
    ** Copyright 1986-2019 Xilinx, Inc. All Rights Reserved.

source design_1_bit_slicer_0_0.tcl -notrace
WARNING: [Common 17-1361] You have specified a new message control rule that is equivalent to an existing rule with attributes ' -id {[BD 41-1306]}  -suppress '. The existing rule will be replaced.
WARNING: [Common 17-1361] You have specified a new message control rule that is equivalent to an existing rule with attributes ' -id {[BD 41-1306]}  -suppress '. The existing rule will be replaced.
WARNING: [Common 17-1361] You have specified a new message control rule that is equivalent to an existing rule with attributes ' -id {[BD 41-1306]}  -suppress '. The existing rule will be replaced.
WARNING: [Common 17-1361] You have specified a new message control rule that is equivalent to an existing rule with attributes ' -id {[BD 41-1306]}  -suppress '. The existing rule will be replaced.
WARNING: [Common 17-1361] You have specified a new message control rule that is equivalent to an existing rule with attributes ' -id {[BD 41-1271]}  -suppress '. The existing rule will be replaced.
WARNING: [Common 17-1361] You have specified a new message control rule that is equivalent to an existing rule with attributes ' -id {[BD 41-1306]}  -suppress '. The existing rule will be replaced.
WARNING: [Common 17-1361] You have specified a new message control rule that is equivalent to an existing rule with attributes ' -id {[BD 41-1271]}  -suppress '. The existing rule will be replaced.
WARNING: [Common 17-1361] You have specified a new message control rule that is equivalent to an existing rule with attributes ' -id {[BD 41-1271]}  -suppress '. The existing rule will be replaced.
WARNING: [Common 17-1361] You have specified a new message control rule that is equivalent to an existing rule with attributes ' -id {[BD 41-1306]}  -suppress '. The existing rule will be replaced.
WARNING: [Common 17-1361] You have specified a new message control rule that is equivalent to an existing rule with attributes ' -id {[BD 41-1306]}  -suppress '. The existing rule will be replaced.
WARNING: [Common 17-1361] You have specified a new message control rule that is equivalent to an existing rule with attributes ' -id {[BD 41-1271]}  -suppress '. The existing rule will be replaced.
WARNING: [Common 17-1361] You have specified a new message control rule that is equivalent to an existing rule with attributes ' -id {[BD 41-1271]}  -suppress '. The existing rule will be replaced.
WARNING: [Common 17-1361] You have specified a new message control rule that is equivalent to an existing rule with attributes ' -id {[BD 41-1271]}  -suppress '. The existing rule will be replaced.
WARNING: [Common 17-1361] You have specified a new message control rule that is equivalent to an existing rule with attributes ' -id {[BD 41-1306]}  -suppress '. The existing rule will be replaced.
WARNING: [Common 17-1361] You have specified a new message control rule that is equivalent to an existing rule with attributes ' -id {[BD 41-1271]}  -suppress '. The existing rule will be replaced.
WARNING: [Common 17-1361] You have specified a new message control rule that is equivalent to an existing rule with attributes ' -id {[BD 41-1271]}  -suppress '. The existing rule will be replaced.
WARNING: [Common 17-1361] You have specified a new message control rule that is equivalent to an existing rule with attributes ' -id {[BD 41-1306]}  -suppress '. The existing rule will be replaced.
INFO: [IP_Flow 19-234] Refreshing IP repositories
INFO: [IP_Flow 19-1700] Loaded user IP repository '/home/rafael/Documents/MIMORPH/MIMORPH/MIMO_mm-wave_4x4_5b/HW/srcs/ip/ip_repo'.
INFO: [IP_Flow 19-1700] Loaded user IP repository '/home/rafael/Documents/MIMORPH/MIMORPH/ip_repo'.
INFO: [IP_Flow 19-2313] Loaded Vivado IP repository '/opt/Xilinx/Vivado/2019.1/data/ip'.
Command: synth_design -top design_1_bit_slicer_0_0 -part xczu28dr-ffvg1517-2-e -mode out_of_context
Starting synth_design
Attempting to get a license for feature 'Synthesis' and/or device 'xczu28dr'
INFO: [Common 17-349] Got license for feature 'Synthesis' and/or device 'xczu28dr'
INFO: [Common 17-1540] The version limit for your license is '2020.01' and has expired for new software. A version limit expiration means that, although you may be able to continue to use the current version of tools or IP with this license, you will not be eligible for any updates or new releases.
INFO: [Device 21-403] Loading part xczu28dr-ffvg1517-2-e
INFO: Launching helper process for spawning children vivado processes
INFO: Helper process launched with PID 3518 
load diablo GTM unisim library
---------------------------------------------------------------------------------
Starting RTL Elaboration : Time (s): cpu = 00:00:02 ; elapsed = 00:00:03 . Memory (MB): peak = 2384.051 ; gain = 142.715 ; free physical = 19865 ; free virtual = 74938
---------------------------------------------------------------------------------
INFO: [Synth 8-638] synthesizing module 'design_1_bit_slicer_0_0' [/home/rafael/Documents/MIMORPH/MIMORPH/MIMO_mm-wave_4x4_5b/HW/Basic_1x1.srcs/sources_1/bd/design_1/ip/design_1_bit_slicer_0_0/synth/design_1_bit_slicer_0_0.vhd:100]
	Parameter C_S00_AXI_DATA_WIDTH bound to: 32 - type: integer 
	Parameter C_S00_AXI_ADDR_WIDTH bound to: 4 - type: integer 
	Parameter C_S01_AXIS_TDATA_WIDTH bound to: 128 - type: integer 
	Parameter C_S00_AXIS_TDATA_WIDTH bound to: 128 - type: integer 
	Parameter sampleSize bound to: 5 - type: integer 
INFO: [Synth 8-3491] module 'bit_slicer_v1_0' declared at '/home/rafael/Documents/MIMORPH/MIMORPH/MIMO_mm-wave_4x4_5b/HW/Basic_1x1.srcs/sources_1/bd/design_1/ipshared/33e8/hdl/bit_slicer_v1_0.vhd:5' bound to instance 'U0' of component 'bit_slicer_v1_0' [/home/rafael/Documents/MIMORPH/MIMORPH/MIMO_mm-wave_4x4_5b/HW/Basic_1x1.srcs/sources_1/bd/design_1/ip/design_1_bit_slicer_0_0/synth/design_1_bit_slicer_0_0.vhd:209]
INFO: [Synth 8-638] synthesizing module 'bit_slicer_v1_0' [/home/rafael/Documents/MIMORPH/MIMORPH/MIMO_mm-wave_4x4_5b/HW/Basic_1x1.srcs/sources_1/bd/design_1/ipshared/33e8/hdl/bit_slicer_v1_0.vhd:84]
	Parameter C_S00_AXI_DATA_WIDTH bound to: 32 - type: integer 
	Parameter C_S00_AXI_ADDR_WIDTH bound to: 4 - type: integer 
	Parameter sampleSize bound to: 5 - type: integer 
	Parameter C_S00_AXIS_TDATA_WIDTH bound to: 128 - type: integer 
	Parameter C_S01_AXIS_TDATA_WIDTH bound to: 128 - type: integer 
	Parameter C_S_AXI_DATA_WIDTH bound to: 32 - type: integer 
	Parameter C_S_AXI_ADDR_WIDTH bound to: 4 - type: integer 
INFO: [Synth 8-3491] module 'bit_slicer_v1_0_S00_AXI' declared at '/home/rafael/Documents/MIMORPH/MIMORPH/MIMO_mm-wave_4x4_5b/HW/Basic_1x1.srcs/sources_1/bd/design_1/ipshared/33e8/hdl/bit_slicer_v1_0_S00_AXI.vhd:5' bound to instance 'bit_slicer_v1_0_S00_AXI_inst' of component 'bit_slicer_v1_0_S00_AXI' [/home/rafael/Documents/MIMORPH/MIMORPH/MIMO_mm-wave_4x4_5b/HW/Basic_1x1.srcs/sources_1/bd/design_1/ipshared/33e8/hdl/bit_slicer_v1_0.vhd:154]
INFO: [Synth 8-638] synthesizing module 'bit_slicer_v1_0_S00_AXI' [/home/rafael/Documents/MIMORPH/MIMORPH/MIMO_mm-wave_4x4_5b/HW/Basic_1x1.srcs/sources_1/bd/design_1/ipshared/33e8/hdl/bit_slicer_v1_0_S00_AXI.vhd:88]
	Parameter C_S_AXI_DATA_WIDTH bound to: 32 - type: integer 
	Parameter C_S_AXI_ADDR_WIDTH bound to: 4 - type: integer 
INFO: [Synth 8-226] default block is never used [/home/rafael/Documents/MIMORPH/MIMORPH/MIMO_mm-wave_4x4_5b/HW/Basic_1x1.srcs/sources_1/bd/design_1/ipshared/33e8/hdl/bit_slicer_v1_0_S00_AXI.vhd:226]
INFO: [Synth 8-226] default block is never used [/home/rafael/Documents/MIMORPH/MIMORPH/MIMO_mm-wave_4x4_5b/HW/Basic_1x1.srcs/sources_1/bd/design_1/ipshared/33e8/hdl/bit_slicer_v1_0_S00_AXI.vhd:356]
WARNING: [Synth 8-6014] Unused sequential element loc_addr_reg was removed.  [/home/rafael/Documents/MIMORPH/MIMORPH/MIMO_mm-wave_4x4_5b/HW/Basic_1x1.srcs/sources_1/bd/design_1/ipshared/33e8/hdl/bit_slicer_v1_0_S00_AXI.vhd:224]
INFO: [Synth 8-256] done synthesizing module 'bit_slicer_v1_0_S00_AXI' (1#1) [/home/rafael/Documents/MIMORPH/MIMORPH/MIMO_mm-wave_4x4_5b/HW/Basic_1x1.srcs/sources_1/bd/design_1/ipshared/33e8/hdl/bit_slicer_v1_0_S00_AXI.vhd:88]
	Parameter C_S00_AXIS_TDATA_WIDTH bound to: 128 - type: integer 
	Parameter sampleSize bound to: 5 - type: integer 
INFO: [Synth 8-3491] module 'bit_slicer' declared at '/home/rafael/Documents/MIMORPH/MIMORPH/MIMO_mm-wave_4x4_5b/HW/Basic_1x1.srcs/sources_1/bd/design_1/ipshared/33e8/hdl/bit_slicer.vhd:5' bound to instance 'bit_slicer_1_inst' of component 'bit_slicer' [/home/rafael/Documents/MIMORPH/MIMORPH/MIMO_mm-wave_4x4_5b/HW/Basic_1x1.srcs/sources_1/bd/design_1/ipshared/33e8/hdl/bit_slicer_v1_0.vhd:185]
INFO: [Synth 8-638] synthesizing module 'bit_slicer' [/home/rafael/Documents/MIMORPH/MIMORPH/MIMO_mm-wave_4x4_5b/HW/Basic_1x1.srcs/sources_1/bd/design_1/ipshared/33e8/hdl/bit_slicer.vhd:28]
	Parameter C_S00_AXIS_TDATA_WIDTH bound to: 128 - type: integer 
WARNING: [Synth 8-3819] Generic 'samplesize' not present in instantiated entity will be ignored [/home/rafael/Documents/MIMORPH/MIMORPH/MIMO_mm-wave_4x4_5b/HW/Basic_1x1.srcs/sources_1/bd/design_1/ipshared/33e8/hdl/bit_slicer_v1_0.vhd:185]
	Parameter STAGES bound to: 2 - type: integer 
	Parameter STARTUP_VALUE bound to: 1'b0 
INFO: [Synth 8-3491] module 'vt_single_sync' declared at '/home/rafael/Documents/MIMORPH/MIMORPH/MIMO_mm-wave_4x4_5b/HW/Basic_1x1.srcs/sources_1/bd/design_1/ipshared/33e8/hdl/vt_single_sync.vhd:14' bound to instance 'vt_single_sync_inst_X' of component 'vt_single_sync' [/home/rafael/Documents/MIMORPH/MIMORPH/MIMO_mm-wave_4x4_5b/HW/Basic_1x1.srcs/sources_1/bd/design_1/ipshared/33e8/hdl/bit_slicer.vhd:57]
INFO: [Synth 8-638] synthesizing module 'vt_single_sync' [/home/rafael/Documents/MIMORPH/MIMORPH/MIMO_mm-wave_4x4_5b/HW/Basic_1x1.srcs/sources_1/bd/design_1/ipshared/33e8/hdl/vt_single_sync.vhd:26]
	Parameter STAGES bound to: 2 - type: integer 
	Parameter STARTUP_VALUE bound to: 1'b0 
INFO: [Synth 8-5534] Detected attribute (* shreg_extract = "NO" *) [/home/rafael/Documents/MIMORPH/MIMORPH/MIMO_mm-wave_4x4_5b/HW/Basic_1x1.srcs/sources_1/bd/design_1/ipshared/33e8/hdl/vt_single_sync.vhd:27]
INFO: [Synth 8-5534] Detected attribute (* async_reg = "TRUE" *) [/home/rafael/Documents/MIMORPH/MIMORPH/MIMO_mm-wave_4x4_5b/HW/Basic_1x1.srcs/sources_1/bd/design_1/ipshared/33e8/hdl/vt_single_sync.vhd:27]
INFO: [Synth 8-256] done synthesizing module 'vt_single_sync' (2#1) [/home/rafael/Documents/MIMORPH/MIMORPH/MIMO_mm-wave_4x4_5b/HW/Basic_1x1.srcs/sources_1/bd/design_1/ipshared/33e8/hdl/vt_single_sync.vhd:26]
	Parameter STAGES bound to: 2 - type: integer 
	Parameter STARTUP_VALUE bound to: 1'b0 
INFO: [Synth 8-3491] module 'vt_single_sync' declared at '/home/rafael/Documents/MIMORPH/MIMORPH/MIMO_mm-wave_4x4_5b/HW/Basic_1x1.srcs/sources_1/bd/design_1/ipshared/33e8/hdl/vt_single_sync.vhd:14' bound to instance 'vt_single_sync_inst_X' of component 'vt_single_sync' [/home/rafael/Documents/MIMORPH/MIMORPH/MIMO_mm-wave_4x4_5b/HW/Basic_1x1.srcs/sources_1/bd/design_1/ipshared/33e8/hdl/bit_slicer.vhd:57]
	Parameter STAGES bound to: 2 - type: integer 
	Parameter STARTUP_VALUE bound to: 1'b0 
INFO: [Synth 8-3491] module 'vt_single_sync' declared at '/home/rafael/Documents/MIMORPH/MIMORPH/MIMO_mm-wave_4x4_5b/HW/Basic_1x1.srcs/sources_1/bd/design_1/ipshared/33e8/hdl/vt_single_sync.vhd:14' bound to instance 'vt_single_sync_inst_X' of component 'vt_single_sync' [/home/rafael/Documents/MIMORPH/MIMORPH/MIMO_mm-wave_4x4_5b/HW/Basic_1x1.srcs/sources_1/bd/design_1/ipshared/33e8/hdl/bit_slicer.vhd:57]
	Parameter STAGES bound to: 2 - type: integer 
	Parameter STARTUP_VALUE bound to: 1'b0 
INFO: [Synth 8-3491] module 'vt_single_sync' declared at '/home/rafael/Documents/MIMORPH/MIMORPH/MIMO_mm-wave_4x4_5b/HW/Basic_1x1.srcs/sources_1/bd/design_1/ipshared/33e8/hdl/vt_single_sync.vhd:14' bound to instance 'vt_single_sync_inst_X' of component 'vt_single_sync' [/home/rafael/Documents/MIMORPH/MIMORPH/MIMO_mm-wave_4x4_5b/HW/Basic_1x1.srcs/sources_1/bd/design_1/ipshared/33e8/hdl/bit_slicer.vhd:57]
	Parameter STAGES bound to: 2 - type: integer 
	Parameter STARTUP_VALUE bound to: 1'b0 
INFO: [Synth 8-3491] module 'vt_single_sync' declared at '/home/rafael/Documents/MIMORPH/MIMORPH/MIMO_mm-wave_4x4_5b/HW/Basic_1x1.srcs/sources_1/bd/design_1/ipshared/33e8/hdl/vt_single_sync.vhd:14' bound to instance 'vt_single_sync_inst_X' of component 'vt_single_sync' [/home/rafael/Documents/MIMORPH/MIMORPH/MIMO_mm-wave_4x4_5b/HW/Basic_1x1.srcs/sources_1/bd/design_1/ipshared/33e8/hdl/bit_slicer.vhd:57]
INFO: [Synth 8-256] done synthesizing module 'bit_slicer' (3#1) [/home/rafael/Documents/MIMORPH/MIMORPH/MIMO_mm-wave_4x4_5b/HW/Basic_1x1.srcs/sources_1/bd/design_1/ipshared/33e8/hdl/bit_slicer.vhd:28]
	Parameter C_S00_AXIS_TDATA_WIDTH bound to: 128 - type: integer 
	Parameter sampleSize bound to: 5 - type: integer 
INFO: [Synth 8-3491] module 'bit_slicer' declared at '/home/rafael/Documents/MIMORPH/MIMORPH/MIMO_mm-wave_4x4_5b/HW/Basic_1x1.srcs/sources_1/bd/design_1/ipshared/33e8/hdl/bit_slicer.vhd:5' bound to instance 'bit_slicer_2_inst' of component 'bit_slicer' [/home/rafael/Documents/MIMORPH/MIMORPH/MIMO_mm-wave_4x4_5b/HW/Basic_1x1.srcs/sources_1/bd/design_1/ipshared/33e8/hdl/bit_slicer_v1_0.vhd:208]
INFO: [Synth 8-256] done synthesizing module 'bit_slicer_v1_0' (4#1) [/home/rafael/Documents/MIMORPH/MIMORPH/MIMO_mm-wave_4x4_5b/HW/Basic_1x1.srcs/sources_1/bd/design_1/ipshared/33e8/hdl/bit_slicer_v1_0.vhd:84]
INFO: [Synth 8-256] done synthesizing module 'design_1_bit_slicer_0_0' (5#1) [/home/rafael/Documents/MIMORPH/MIMORPH/MIMO_mm-wave_4x4_5b/HW/Basic_1x1.srcs/sources_1/bd/design_1/ip/design_1_bit_slicer_0_0/synth/design_1_bit_slicer_0_0.vhd:100]
WARNING: [Synth 8-3331] design bit_slicer has unconnected port aresetn
WARNING: [Synth 8-3331] design bit_slicer has unconnected port control[31]
WARNING: [Synth 8-3331] design bit_slicer has unconnected port control[30]
WARNING: [Synth 8-3331] design bit_slicer has unconnected port control[29]
WARNING: [Synth 8-3331] design bit_slicer has unconnected port control[28]
WARNING: [Synth 8-3331] design bit_slicer has unconnected port control[27]
WARNING: [Synth 8-3331] design bit_slicer has unconnected port control[26]
WARNING: [Synth 8-3331] design bit_slicer has unconnected port control[25]
WARNING: [Synth 8-3331] design bit_slicer has unconnected port control[24]
WARNING: [Synth 8-3331] design bit_slicer has unconnected port control[23]
WARNING: [Synth 8-3331] design bit_slicer has unconnected port control[22]
WARNING: [Synth 8-3331] design bit_slicer has unconnected port control[21]
WARNING: [Synth 8-3331] design bit_slicer has unconnected port control[20]
WARNING: [Synth 8-3331] design bit_slicer has unconnected port control[19]
WARNING: [Synth 8-3331] design bit_slicer has unconnected port control[18]
WARNING: [Synth 8-3331] design bit_slicer has unconnected port control[17]
WARNING: [Synth 8-3331] design bit_slicer has unconnected port control[16]
WARNING: [Synth 8-3331] design bit_slicer has unconnected port control[15]
WARNING: [Synth 8-3331] design bit_slicer has unconnected port control[14]
WARNING: [Synth 8-3331] design bit_slicer has unconnected port control[13]
WARNING: [Synth 8-3331] design bit_slicer has unconnected port control[12]
WARNING: [Synth 8-3331] design bit_slicer has unconnected port control[11]
WARNING: [Synth 8-3331] design bit_slicer has unconnected port control[10]
WARNING: [Synth 8-3331] design bit_slicer has unconnected port control[9]
WARNING: [Synth 8-3331] design bit_slicer has unconnected port control[8]
WARNING: [Synth 8-3331] design bit_slicer has unconnected port control[7]
WARNING: [Synth 8-3331] design bit_slicer has unconnected port control[6]
WARNING: [Synth 8-3331] design bit_slicer has unconnected port control[5]
WARNING: [Synth 8-3331] design bit_slicer_v1_0_S00_AXI has unconnected port S_AXI_AWPROT[2]
WARNING: [Synth 8-3331] design bit_slicer_v1_0_S00_AXI has unconnected port S_AXI_AWPROT[1]
WARNING: [Synth 8-3331] design bit_slicer_v1_0_S00_AXI has unconnected port S_AXI_AWPROT[0]
WARNING: [Synth 8-3331] design bit_slicer_v1_0_S00_AXI has unconnected port S_AXI_ARPROT[2]
WARNING: [Synth 8-3331] design bit_slicer_v1_0_S00_AXI has unconnected port S_AXI_ARPROT[1]
WARNING: [Synth 8-3331] design bit_slicer_v1_0_S00_AXI has unconnected port S_AXI_ARPROT[0]
---------------------------------------------------------------------------------
Finished RTL Elaboration : Time (s): cpu = 00:00:03 ; elapsed = 00:00:04 . Memory (MB): peak = 2441.770 ; gain = 200.434 ; free physical = 19990 ; free virtual = 75065
---------------------------------------------------------------------------------

Report Check Netlist: 
+------+------------------+-------+---------+-------+------------------+
|      |Item              |Errors |Warnings |Status |Description       |
+------+------------------+-------+---------+-------+------------------+
|1     |multi_driven_nets |      0|        0|Passed |Multi driven nets |
+------+------------------+-------+---------+-------+------------------+
---------------------------------------------------------------------------------
Start Handling Custom Attributes
---------------------------------------------------------------------------------
---------------------------------------------------------------------------------
Finished Handling Custom Attributes : Time (s): cpu = 00:00:03 ; elapsed = 00:00:04 . Memory (MB): peak = 2447.707 ; gain = 206.371 ; free physical = 19952 ; free virtual = 75027
---------------------------------------------------------------------------------
---------------------------------------------------------------------------------
Finished RTL Optimization Phase 1 : Time (s): cpu = 00:00:03 ; elapsed = 00:00:04 . Memory (MB): peak = 2447.707 ; gain = 206.371 ; free physical = 19952 ; free virtual = 75027
---------------------------------------------------------------------------------
INFO: [Project 1-570] Preparing netlist for logic optimization

Processing XDC Constraints
Initializing timing engine
Parsing XDC File [/home/rafael/Documents/MIMORPH/MIMORPH/MIMO_mm-wave_4x4_5b/HW/Basic_1x1.srcs/sources_1/bd/design_1/ip/design_1_bit_slicer_0_0/hdl/constraints.xdc] for cell 'U0'
Finished Parsing XDC File [/home/rafael/Documents/MIMORPH/MIMORPH/MIMO_mm-wave_4x4_5b/HW/Basic_1x1.srcs/sources_1/bd/design_1/ip/design_1_bit_slicer_0_0/hdl/constraints.xdc] for cell 'U0'
Parsing XDC File [/home/rafael/Documents/MIMORPH/MIMORPH/MIMO_mm-wave_4x4_5b/HW/Basic_1x1.runs/design_1_bit_slicer_0_0_synth_1/dont_touch.xdc]
Finished Parsing XDC File [/home/rafael/Documents/MIMORPH/MIMORPH/MIMO_mm-wave_4x4_5b/HW/Basic_1x1.runs/design_1_bit_slicer_0_0_synth_1/dont_touch.xdc]
Completed Processing XDC Constraints

Netlist sorting complete. Time (s): cpu = 00:00:00 ; elapsed = 00:00:00 . Memory (MB): peak = 2620.363 ; gain = 0.000 ; free physical = 19884 ; free virtual = 74959
INFO: [Project 1-111] Unisim Transformation Summary:
No Unisim elements were transformed.

Constraint Validation Runtime : Time (s): cpu = 00:00:00.06 ; elapsed = 00:00:00.05 . Memory (MB): peak = 2620.363 ; gain = 0.000 ; free physical = 19888 ; free virtual = 74963
load diablo GTM unisim library
---------------------------------------------------------------------------------
Finished Constraint Validation : Time (s): cpu = 00:00:08 ; elapsed = 00:00:10 . Memory (MB): peak = 2620.363 ; gain = 379.027 ; free physical = 19925 ; free virtual = 75004
---------------------------------------------------------------------------------
---------------------------------------------------------------------------------
Start Loading Part and Timing Information
---------------------------------------------------------------------------------
Loading part: xczu28dr-ffvg1517-2-e
INFO: [Synth 8-6742] Reading net delay rules and data
---------------------------------------------------------------------------------
Finished Loading Part and Timing Information : Time (s): cpu = 00:00:08 ; elapsed = 00:00:10 . Memory (MB): peak = 2620.363 ; gain = 379.027 ; free physical = 19925 ; free virtual = 75005
---------------------------------------------------------------------------------
---------------------------------------------------------------------------------
Start Applying 'set_property' XDC Constraints
---------------------------------------------------------------------------------
Applied set_property DONT_TOUCH = true for U0. (constraint file  /home/rafael/Documents/MIMORPH/MIMORPH/MIMO_mm-wave_4x4_5b/HW/Basic_1x1.runs/design_1_bit_slicer_0_0_synth_1/dont_touch.xdc, line 9).
---------------------------------------------------------------------------------
Finished applying 'set_property' XDC Constraints : Time (s): cpu = 00:00:08 ; elapsed = 00:00:10 . Memory (MB): peak = 2620.363 ; gain = 379.027 ; free physical = 19922 ; free virtual = 75000
---------------------------------------------------------------------------------
---------------------------------------------------------------------------------
Finished RTL Optimization Phase 2 : Time (s): cpu = 00:00:08 ; elapsed = 00:00:10 . Memory (MB): peak = 2620.363 ; gain = 379.027 ; free physical = 19877 ; free virtual = 74954
---------------------------------------------------------------------------------

Report RTL Partitions: 
+-+--------------+------------+----------+
| |RTL Partition |Replication |Instances |
+-+--------------+------------+----------+
+-+--------------+------------+----------+
---------------------------------------------------------------------------------
Start RTL Component Statistics 
---------------------------------------------------------------------------------
Detailed RTL Component Info : 
+---Registers : 
	               40 Bit    Registers := 2     
	               32 Bit    Registers := 5     
	                5 Bit    Registers := 2     
	                4 Bit    Registers := 2     
	                2 Bit    Registers := 12    
	                1 Bit    Registers := 6     
+---Muxes : 
	   2 Input     32 Bit        Muxes := 4     
	   4 Input     32 Bit        Muxes := 5     
	   2 Input      5 Bit        Muxes := 16    
	   2 Input      1 Bit        Muxes := 5     
---------------------------------------------------------------------------------
Finished RTL Component Statistics 
---------------------------------------------------------------------------------
---------------------------------------------------------------------------------
Start RTL Hierarchical Component Statistics 
---------------------------------------------------------------------------------
Hierarchical RTL Component report 
Module bit_slicer_v1_0_S00_AXI 
Detailed RTL Component Info : 
+---Registers : 
	               32 Bit    Registers := 5     
	                4 Bit    Registers := 2     
	                2 Bit    Registers := 2     
	                1 Bit    Registers := 6     
+---Muxes : 
	   2 Input     32 Bit        Muxes := 4     
	   4 Input     32 Bit        Muxes := 5     
	   2 Input      1 Bit        Muxes := 5     
Module vt_single_sync 
Detailed RTL Component Info : 
+---Registers : 
	                2 Bit    Registers := 1     
Module bit_slicer 
Detailed RTL Component Info : 
+---Registers : 
	               40 Bit    Registers := 1     
	                5 Bit    Registers := 1     
+---Muxes : 
	   2 Input      5 Bit        Muxes := 8     
---------------------------------------------------------------------------------
Finished RTL Hierarchical Component Statistics
---------------------------------------------------------------------------------
---------------------------------------------------------------------------------
Start Part Resource Summary
---------------------------------------------------------------------------------
Part Resources:
DSPs: 4272 (col length:192)
BRAMs: 2160 (col length: RAMB18 192 RAMB36 96)
---------------------------------------------------------------------------------
Finished Part Resource Summary
---------------------------------------------------------------------------------
---------------------------------------------------------------------------------
Start Cross Boundary and Area Optimization
---------------------------------------------------------------------------------
Warning: Parallel synthesis criteria is not met 
WARNING: [Synth 8-3331] design bit_slicer_v1_0 has unconnected port s00_axi_awprot[2]
WARNING: [Synth 8-3331] design bit_slicer_v1_0 has unconnected port s00_axi_awprot[1]
WARNING: [Synth 8-3331] design bit_slicer_v1_0 has unconnected port s00_axi_awprot[0]
WARNING: [Synth 8-3331] design bit_slicer_v1_0 has unconnected port s00_axi_arprot[2]
WARNING: [Synth 8-3331] design bit_slicer_v1_0 has unconnected port s00_axi_arprot[1]
WARNING: [Synth 8-3331] design bit_slicer_v1_0 has unconnected port s00_axi_arprot[0]
WARNING: [Synth 8-3331] design bit_slicer_v1_0 has unconnected port aresetn
INFO: [Synth 8-3886] merging instance 'U0/bit_slicer_v1_0_S00_AXI_inst/axi_rresp_reg[0]' (FDRE) to 'U0/bit_slicer_v1_0_S00_AXI_inst/axi_rresp_reg[1]'
INFO: [Synth 8-3333] propagating constant 0 across sequential element (U0/\bit_slicer_v1_0_S00_AXI_inst/axi_rresp_reg[1] )
INFO: [Synth 8-3886] merging instance 'U0/bit_slicer_v1_0_S00_AXI_inst/axi_bresp_reg[0]' (FDRE) to 'U0/bit_slicer_v1_0_S00_AXI_inst/axi_bresp_reg[1]'
INFO: [Synth 8-3333] propagating constant 0 across sequential element (U0/\bit_slicer_v1_0_S00_AXI_inst/axi_bresp_reg[1] )
---------------------------------------------------------------------------------
Finished Cross Boundary and Area Optimization : Time (s): cpu = 00:00:09 ; elapsed = 00:00:12 . Memory (MB): peak = 2620.363 ; gain = 379.027 ; free physical = 19793 ; free virtual = 74878
---------------------------------------------------------------------------------

Report RTL Partitions: 
+-+--------------+------------+----------+
| |RTL Partition |Replication |Instances |
+-+--------------+------------+----------+
+-+--------------+------------+----------+
---------------------------------------------------------------------------------
Start Applying XDC Timing Constraints
---------------------------------------------------------------------------------
---------------------------------------------------------------------------------
Finished Applying XDC Timing Constraints : Time (s): cpu = 00:00:25 ; elapsed = 00:00:41 . Memory (MB): peak = 2909.074 ; gain = 667.738 ; free physical = 18443 ; free virtual = 73450
---------------------------------------------------------------------------------
---------------------------------------------------------------------------------
Start Timing Optimization
---------------------------------------------------------------------------------
---------------------------------------------------------------------------------
Finished Timing Optimization : Time (s): cpu = 00:00:25 ; elapsed = 00:00:41 . Memory (MB): peak = 2909.074 ; gain = 667.738 ; free physical = 18439 ; free virtual = 73446
---------------------------------------------------------------------------------

Report RTL Partitions: 
+-+--------------+------------+----------+
| |RTL Partition |Replication |Instances |
+-+--------------+------------+----------+
+-+--------------+------------+----------+
---------------------------------------------------------------------------------
Start Technology Mapping
---------------------------------------------------------------------------------
---------------------------------------------------------------------------------
Finished Technology Mapping : Time (s): cpu = 00:00:26 ; elapsed = 00:00:41 . Memory (MB): peak = 2921.098 ; gain = 679.762 ; free physical = 18384 ; free virtual = 73391
---------------------------------------------------------------------------------

Report RTL Partitions: 
+-+--------------+------------+----------+
| |RTL Partition |Replication |Instances |
+-+--------------+------------+----------+
+-+--------------+------------+----------+
---------------------------------------------------------------------------------
Start IO Insertion
---------------------------------------------------------------------------------
---------------------------------------------------------------------------------
Start Flattening Before IO Insertion
---------------------------------------------------------------------------------
---------------------------------------------------------------------------------
Finished Flattening Before IO Insertion
---------------------------------------------------------------------------------
---------------------------------------------------------------------------------
Start Final Netlist Cleanup
---------------------------------------------------------------------------------
---------------------------------------------------------------------------------
Finished Final Netlist Cleanup
---------------------------------------------------------------------------------
---------------------------------------------------------------------------------
Finished IO Insertion : Time (s): cpu = 00:00:27 ; elapsed = 00:00:42 . Memory (MB): peak = 2935.973 ; gain = 694.637 ; free physical = 18374 ; free virtual = 73385
---------------------------------------------------------------------------------

Report Check Netlist: 
+------+------------------+-------+---------+-------+------------------+
|      |Item              |Errors |Warnings |Status |Description       |
+------+------------------+-------+---------+-------+------------------+
|1     |multi_driven_nets |      0|        0|Passed |Multi driven nets |
+------+------------------+-------+---------+-------+------------------+
---------------------------------------------------------------------------------
Start Renaming Generated Instances
---------------------------------------------------------------------------------
---------------------------------------------------------------------------------
Finished Renaming Generated Instances : Time (s): cpu = 00:00:27 ; elapsed = 00:00:42 . Memory (MB): peak = 2935.973 ; gain = 694.637 ; free physical = 18374 ; free virtual = 73385
---------------------------------------------------------------------------------

Report RTL Partitions: 
+-+--------------+------------+----------+
| |RTL Partition |Replication |Instances |
+-+--------------+------------+----------+
+-+--------------+------------+----------+
---------------------------------------------------------------------------------
Start Rebuilding User Hierarchy
---------------------------------------------------------------------------------
---------------------------------------------------------------------------------
Finished Rebuilding User Hierarchy : Time (s): cpu = 00:00:27 ; elapsed = 00:00:42 . Memory (MB): peak = 2935.973 ; gain = 694.637 ; free physical = 18374 ; free virtual = 73385
---------------------------------------------------------------------------------
---------------------------------------------------------------------------------
Start Renaming Generated Ports
---------------------------------------------------------------------------------
---------------------------------------------------------------------------------
Finished Renaming Generated Ports : Time (s): cpu = 00:00:27 ; elapsed = 00:00:42 . Memory (MB): peak = 2935.973 ; gain = 694.637 ; free physical = 18374 ; free virtual = 73385
---------------------------------------------------------------------------------
---------------------------------------------------------------------------------
Start Handling Custom Attributes
---------------------------------------------------------------------------------
---------------------------------------------------------------------------------
Finished Handling Custom Attributes : Time (s): cpu = 00:00:27 ; elapsed = 00:00:42 . Memory (MB): peak = 2935.973 ; gain = 694.637 ; free physical = 18374 ; free virtual = 73385
---------------------------------------------------------------------------------
---------------------------------------------------------------------------------
Start Renaming Generated Nets
---------------------------------------------------------------------------------
---------------------------------------------------------------------------------
Finished Renaming Generated Nets : Time (s): cpu = 00:00:27 ; elapsed = 00:00:42 . Memory (MB): peak = 2935.973 ; gain = 694.637 ; free physical = 18374 ; free virtual = 73385
---------------------------------------------------------------------------------
---------------------------------------------------------------------------------
Start Writing Synthesis Report
---------------------------------------------------------------------------------

Report BlackBoxes: 
+-+--------------+----------+
| |BlackBox name |Instances |
+-+--------------+----------+
+-+--------------+----------+

Report Cell Usage: 
+------+------+------+
|      |Cell  |Count |
+------+------+------+
|1     |LUT1  |     1|
|2     |LUT2  |     1|
|3     |LUT3  |    33|
|4     |LUT4  |    20|
|5     |LUT6  |   322|
|6     |MUXF7 |    48|
|7     |FDRE  |   277|
|8     |FDSE  |     3|
+------+------+------+

Report Instance Areas: 
+------+-------------------------------------------------------+------------------------+------+
|      |Instance                                               |Module                  |Cells |
+------+-------------------------------------------------------+------------------------+------+
|1     |top                                                    |                        |   705|
|2     |  U0                                                   |bit_slicer_v1_0         |   705|
|3     |    bit_slicer_1_inst                                  |bit_slicer              |   239|
|4     |      \SYNC_100_TO_220_BLOCK[0].vt_single_sync_inst_X  |vt_single_sync_5        |     2|
|5     |      \SYNC_100_TO_220_BLOCK[1].vt_single_sync_inst_X  |vt_single_sync_6        |     2|
|6     |      \SYNC_100_TO_220_BLOCK[2].vt_single_sync_inst_X  |vt_single_sync_7        |     2|
|7     |      \SYNC_100_TO_220_BLOCK[3].vt_single_sync_inst_X  |vt_single_sync_8        |     2|
|8     |      \SYNC_100_TO_220_BLOCK[4].vt_single_sync_inst_X  |vt_single_sync_9        |     2|
|9     |    bit_slicer_2_inst                                  |bit_slicer_0            |   239|
|10    |      \SYNC_100_TO_220_BLOCK[0].vt_single_sync_inst_X  |vt_single_sync          |     2|
|11    |      \SYNC_100_TO_220_BLOCK[1].vt_single_sync_inst_X  |vt_single_sync_1        |     2|
|12    |      \SYNC_100_TO_220_BLOCK[2].vt_single_sync_inst_X  |vt_single_sync_2        |     2|
|13    |      \SYNC_100_TO_220_BLOCK[3].vt_single_sync_inst_X  |vt_single_sync_3        |     2|
|14    |      \SYNC_100_TO_220_BLOCK[4].vt_single_sync_inst_X  |vt_single_sync_4        |     2|
|15    |    bit_slicer_v1_0_S00_AXI_inst                       |bit_slicer_v1_0_S00_AXI |   227|
+------+-------------------------------------------------------+------------------------+------+
---------------------------------------------------------------------------------
Finished Writing Synthesis Report : Time (s): cpu = 00:00:27 ; elapsed = 00:00:42 . Memory (MB): peak = 2935.973 ; gain = 694.637 ; free physical = 18374 ; free virtual = 73385
---------------------------------------------------------------------------------
Synthesis finished with 0 errors, 0 critical warnings and 7 warnings.
Synthesis Optimization Runtime : Time (s): cpu = 00:00:25 ; elapsed = 00:00:39 . Memory (MB): peak = 2935.973 ; gain = 521.980 ; free physical = 18415 ; free virtual = 73426
Synthesis Optimization Complete : Time (s): cpu = 00:00:27 ; elapsed = 00:00:42 . Memory (MB): peak = 2935.980 ; gain = 694.637 ; free physical = 18415 ; free virtual = 73426
INFO: [Project 1-571] Translating synthesized netlist
INFO: [Netlist 29-17] Analyzing 48 Unisim elements for replacement
INFO: [Netlist 29-28] Unisim Transformation completed in 0 CPU seconds
INFO: [Project 1-570] Preparing netlist for logic optimization
INFO: [Opt 31-138] Pushed 0 inverter(s) to 0 load pin(s).
Netlist sorting complete. Time (s): cpu = 00:00:00 ; elapsed = 00:00:00 . Memory (MB): peak = 3010.613 ; gain = 0.000 ; free physical = 18329 ; free virtual = 73340
INFO: [Project 1-111] Unisim Transformation Summary:
No Unisim elements were transformed.

INFO: [Common 17-83] Releasing license: Synthesis
44 Infos, 60 Warnings, 0 Critical Warnings and 0 Errors encountered.
synth_design completed successfully
synth_design: Time (s): cpu = 00:00:36 ; elapsed = 00:00:56 . Memory (MB): peak = 3010.613 ; gain = 1569.637 ; free physical = 18426 ; free virtual = 73437
Netlist sorting complete. Time (s): cpu = 00:00:00 ; elapsed = 00:00:00 . Memory (MB): peak = 3010.613 ; gain = 0.000 ; free physical = 18426 ; free virtual = 73437
WARNING: [Constraints 18-5210] No constraints selected for write.
Resolution: This message can indicate that there are no constraints for the design, or it can indicate that the used_in flags are set such that the constraints are ignored. This later case is used when running synth_design to not write synthesis constraints to the resulting checkpoint. Instead, project constraints are read when the synthesized design is opened.
INFO: [Common 17-1381] The checkpoint '/home/rafael/Documents/MIMORPH/MIMORPH/MIMO_mm-wave_4x4_5b/HW/Basic_1x1.runs/design_1_bit_slicer_0_0_synth_1/design_1_bit_slicer_0_0.dcp' has been generated.
WARNING: [Common 17-576] 'use_project_ipc' is deprecated. This option is deprecated and no longer used.
INFO: [Coretcl 2-1648] Added synthesis output to IP cache for IP design_1_bit_slicer_0_0, cache-ID = fc759f6e4d37045b
INFO: [Coretcl 2-1174] Renamed 14 cell refs.
Netlist sorting complete. Time (s): cpu = 00:00:00 ; elapsed = 00:00:00 . Memory (MB): peak = 3034.625 ; gain = 0.000 ; free physical = 18548 ; free virtual = 73561
WARNING: [Constraints 18-5210] No constraints selected for write.
Resolution: This message can indicate that there are no constraints for the design, or it can indicate that the used_in flags are set such that the constraints are ignored. This later case is used when running synth_design to not write synthesis constraints to the resulting checkpoint. Instead, project constraints are read when the synthesized design is opened.
INFO: [Common 17-1381] The checkpoint '/home/rafael/Documents/MIMORPH/MIMORPH/MIMO_mm-wave_4x4_5b/HW/Basic_1x1.runs/design_1_bit_slicer_0_0_synth_1/design_1_bit_slicer_0_0.dcp' has been generated.
INFO: [runtcl-4] Executing : report_utilization -file design_1_bit_slicer_0_0_utilization_synth.rpt -pb design_1_bit_slicer_0_0_utilization_synth.pb
INFO: [Common 17-206] Exiting Vivado at Mon Oct 25 10:19:47 2021...
